58 7024 8992 7181 184 8789 3034 9809 1416 4713 6207 3590 5078 3000 6798 6137 8798 1829 6819 9692 1123 5887 7670 6989 1573 395 4431 5362 2649 4810 6344 5930 2693 4329 9841 3677 3689 7757 991 2109 7610 9907 5116 292 2460 350 938 9936 4688 510 1133 4331 6742 7901 8880 301 1380 2153 6091
53 574 359 8153 7696 412 5022 3181 5898 238 7255 6552 3047 934 12 114 4204 877 2054 4338 94 5878 939 9214 2418 4813 859 6424 7372 7406 2531 2577 2224 7684 8387 8431 9630 3512 8759 9298 5247 8904 3330 4710 2366 6340 6511 5561 8631 7199 619 9757 922 204
53 699 499 5057 6327 3290 3218 4640 357 3063 1806 8548 4594 1442 6908 2818 2407 5010 6071 6371 9962 3409 2853 4614 1113 3643 6018 3376 3429 3745 2076 566 3540 8849 5350 5995 4723 997 7338 2248 1225 4818 4898 9900 4475 6052 7178 23 34 605 9408 9079 138 2391
52 6373 2235 3647 273 2014 7369 1835 5778 7927 6817 5331 1121 5300 4606 9320 8365 672 2175 3175 6663 959 3030 7084 1571 9373 5318 656 8514 3389 8382 8547 7517 9863 6019 3571 2442 1019 9597 911 1395 4374 707 8242 423 1425 6682 5345 4270 5158 4597 873 8436
50 3545 5037 2462 6075 7404 2940 3266 8458 5175 3176 7721 8476 9141 368 782 958 2087 9277 9571 315 1110 1193 1933 5267 5702 6532 6972 9829 1988 2785 6399 2319 7946 8047 9442 1789 3759 1802 4237 4244 4416 4418 6257 6658 7412 244 828 2718 3379 5287
58 4131 8727 8200 5152 9350 6536 4117 5117 7441 835 7882 2205 4315 7656 7620 2696 7855 2694 8041 5845 8636 2342 7483 4657 6880 5085 3808 2897 475 799 3487 101 675 1698 5678 3705 8985 1002 1487 5323 3231 8477 731 3179 7267 886 4658 6448 4839 1986 9511 5639 2581 3756 4044 5982 2369 3065
61 2355 1010 8045 2115 1016 2525 7295 309 5764 1637 1618 3507 5762 7854 4814 594 4246 3383 9282 2358 1640 7000 5859 4954 104 242 9570 3082 7876 1454 9920 2684 6168 7879 5334 6023 4320 5564 3096 1184 6888 9290 8324 8613 6862 3589 9605 8924 5373 8998 4976 5374 3036 1467 2323 2733 5929 5965 8770 7252 9846
66 7787 1595 8483 5773 3158 8209 6149 1896 669 5944 7376 6503 9857 5273 2504 622 7863 7671 3328 4300 3780 6740 4520 4017 7036 5746 5539 8314 3721 6292 7296 3777 4984 3917 6446 5441 3809 6986 8395 1138 4386 8093 5107 3556 5333 5671 2588 201 5554 6398 2162 7422 7044 4254 9956 5201 9432 409 9116 7043 701 95 6477 1786 7681 9348
53 7706 3864 3144 7352 1804 4489 7605 1111 1386 9614 7697 758 5285 1708 2267 712 8238 7537 968 1822 2301 4033 7246 47 6618 5775 6171 9931 246 9563 4966 349 7738 2496 8917 2815 388 3566 4384 9961 1983 8945 5397 5755 2992 4430 375 660 1551 3390 9266 4914 9466
55 9213 478 6320 9316 3469 8329 8572 1865 3497 1827 713 3961 3986 3833 9293 5072 7219 135 2793 6359 8059 7661 9243 2856 3219 705 4297 4790 8311 5453 7951 1581 5256 7120 740 6488 69 9339 2092 6854 8870 4170 9247 9212 420 5803 9083 4287 6490 8656 3550 1858 6078 5005 9369
55 5439 3725 2210 483 4032 9529 463 5469 8088 5662 1055 4730 3650 766 5217 181 5818 4743 847 4897 8859 4449 1087 1714 2671 7603 6268 298 937 6792 7720 1461 500 5099 3256 3356 5239 3132 8725 3381 3718 1769 9838 823 8750 405 1093 2562 1201 4019 6899 93 1394 8434 7232
52 7329 7818 6377 6629 5422 6041 5685 552 7584 2706 8961 6069 8070 5325 6179 7693 2161 1877 5327 6400 7931 1915 2942 4125 7592 8320 2249 2861 1977 5503 6095 9777 9826 2481 9020 9103 9163 2415 5718 6748 5435 7262 5342 7227 7826 7939 9568 9924 638 5583 6449 7398
54 9035 9543 9713 9719 6085 8628 8732 9446 3478 8223 1696 4058 8988 5811 1014 6043 331 5998 6558 8170 13 3112 6509 1489 9885 8433 6811 3085 6454 4563 9814 8078 714 1741 8939 9979 8586 1778 3413 4099 306 5657 6053 5804 77 5476 5828 9399 8330 3559 2013 2839 1271 8762
54 1523 2717 8240 6435 9512 9025 2869 524 1569 4436 8262 4067 9699 8855 20 628 1105 8167 6679 2445 7564 3603 2471 1174 8182 3682 2615 8736 7281 5080 5735 6999 251 9815 4273 7022 4578 263 4301 5597 1045 1203 3926 2058 9340 1606 6786 626 1255 4736 796 7794 414 7559
62 4217 7909 8012 1366 361 59 43 2015 1273 6471 9323 4148 6004 9876 4639 1881 7622 5437 5834 2536 6730 7651 4652 373 6781 7524 4458 3010 5122 6970 1763 7809 260 6159 1429 152 2033 272 1682 7397 3259 6747 2543 3403 9065 6915 8721 4506 2927 9945 6218 1295 6706 9593 2046 4550 706 5305 6067 6801 195 4415
52 1546 2396 8559 1411 7289 2944 1167 2770 1336 1926 9773 6427 266 5813 7235 809 5474 281 1917 4678 4819 7340 6143 4995 5879 5986 8817 559 8031 1348 8578 7813 6666 3600 1903 1244 8089 8856 1470 2451 9238 3351 4045 1078 8695 1183 896 8468 9034 295 480 5415
55 640 3673 6544 8139 7543 3518 2221 3355 5233 6387 274 313 4413 6119 7561 5605 2272 9125 3529 8345 6966 5006 8508 3607 8147 7149 6543 36 5340 8526 9708 3005 739 5666 5332 3919 9497 6154 7981 7032 3417 8036 6250 2057 3086 3795 2973 843 6231 7442 9397 2772 3957 5819 5872
57 336 3081 8956 5598 8722 4389 4558 4473 4990 4226 9265 6040 2831 4917 8605 8164 6856 4448 7647 8875 9872 7856 5382 708 812 2258 7484 2387 6979 6852 8679 950 2292 6913 6305 5592 5417 6445 2217 3361 5206 1354 5647 612 9438 5349 8327 4410 9732 366 978 6924 1638 1652 4684 7819 2457
69 2036 7074 7357 6757 9349 2436 1631 7390 7804 516 183 6590 3982 3284 7557 8188 9967 1116 8654 7416 9666 1292 6181 5394 8263 5347 7182 5766 7985 880 5360 5179 6447 6640 7374 6388 1032 9058 7581 1723 3193 3377 5498 7209 4765 9595 3076 1781 2888 5355 3353 974 8124 2547 9891 7113 8308 6739 6357 8540 2728 2601 4935 9343 6674 3140 7642 7231 5424
58 4479 1265 3374 5190 1583 6106 9334 587 6063 4382 7293 5843 279 6642 7054 6475 9110 7234 1975 7504 7177 8769 5089 9254 3771 8187 1094 717 9516 7563 9325 1966 4324 8764 3535 5000 893 226 5127 7127 9975 801 5269 8414 4896 6279 8040 7482 9256 6307 620 4502 6049 7094 3829 4965 9727 6384
58 4525 3200 4376 8833 8993 417 9647 8400 236 4175 5135 6785 1370 5031 9643 9127 9739 9094 4926 4900 1890 2932 1728 1351 6086 4442 9401 489 7510 2708 2974 9811 2760 6577 7844 222 1909 2009 3769 5087 3845 7596 5604 9162 7631 1327 9655 1543 4342 604 7214 3740 2362 8271 4527 3627 25 8581
54 6796 882 4961 6356 2440 6520 2477 4181 2472 4403 7116 6225 5686 5215 4325 5383 9164 8903 1504 6965 9761 8342 5749 2247 7391 2882 4985 2526 3605 6389 2316 4122 9898 160 4054 4243 6463 2704 1753 1811 1136 2727 6491 3741 7727 3073 6849 21 1738 2924 868 9091 7439 4397
63 4609 6756 2336 3812 6626 7126 7528 6441 3178 4927 6105 745 9097 9451 2681 3774 8854 2072 533 4960 1438 7498 2491 5744 221 8218 6155 9182 5790 5486 9159 1532 864 5748 7601 1054 7580 7490 8519 121 1775 9586 7798 9317 1566 383 8282 4173 8841 2360 4546 4991 8017 989 1377 9184 8384 4059 2799 1972 8016 3713 6634
57 3503 855 1241 5187 2178 8325 9718 6838 3032 6745 862 7969 6313 1910 7130 6404 7889 6230 4712 56 2680 8820 328 2110 8877 3861 8975 3462 8277 9650 2867 1005 9387 8989 1782 4631 7942 3286 1142 689 9874 3467 8383 7634 763 8471 5698 647 8025 2238 9342 3053 3783 7003 8950 6173 789
55 6579 250 3728 9789 8926 2604 6649 3488 1076 6717 6254 3449 2969 7764 4311 8755 6772 9039 7519 7458 5658 6226 8625 690 4845 6050 2347 14 307 3180 4485 853 980 4781 4189 3746 8126 836 2326 9087 869 8879 4232 7805 665 9120 1314 5482 4198 8193 8279 6766 2236 3911 6196
66 4513 2283 5891 9869 3386 4247 2847 3611 9887 608 9671 9326 9051 451 7025 5527 1970 2626 8175 9726 7286 4993 3444 910 9276 3139 6514 3461 4628 6696 2253 1832 444 4152 3935 8081 200 2353 1838 9376 2043 4591 6276 4668 8965 3896 6101 9561 2051 2302 5091 8561 7866 5426 3142 439 9229 6262 9801 7077 6195 3188 9592 7444 1103 2465
53 8100 2097 6960 625 8881 6644 4867 2123 2963 4701 3897 7026 6729 8891 4634 8948 1205 9336 3482 2071 7703 5939 9004 1596 5108 8588 4891 6234 2069 1051 805 28 2142 3454 7618 9554 468 6530 2084 4303 1699 4619 6507 4776 1588 4539 1235 1709 7639 1620 1037 3776 4290
57 3243 4433 5401 1463 1169 894 5145 3056 5886 9575 4240 7062 6987 1254 4662 578 757 1734 3563 5040 2809 9016 1677 6270 2653 7658 5016 8790 8723 551 8076 5054 6762 1098 1341 9378 8456 1686 5180 2383 8451 8772 7223 9800 9929 3691 2066 7968 6243 120 3968 7101 2787 1246 3388 3972 3245
54 7766 5297 5065 8286 128 6439 4870 5628 8999 8291 6588 1239 9854 5055 2136 432 2712 971 3567 5114 2168 8719 3369 3537 8310 6455 398 5246 1310 6777 951 145 8333 4797 6466 4721 2192 3806 4761 8049 4104 8741 3574 4174 5110 3463 6606 3235 4709 4207 5309 9495 6430 8676
67 320 5207 6791 1137 494 8131 2148 6842 6163 9664 973 358 5432 2101 7224 8740 3711 9260 4759 6390 8015 4764 5248 2677 1875 2676 1733 7643 9634 7198 1594 6672 2668 2816 1511 8650 2587 1330 2777 9668 6244 3068 9426 4372 876 8391 4853 3850 7540 7602 9077 2782 7785 8943 4936 2994 744 171 1324 7633 5822 2397 7175 4142 3628 3072 4272
66 5649 9345 5003 1884 1160 3115 3159 8865 8035 4537 8373 4185 9765 3758 633 3070 7161 1074 7586 2308 5279 5806 541 6843 369 1125 133 6991 2951 8245 3349 6920 210 6683 6210 4077 6922 9813 2177 5847 1788 6887 1070 3698 2459 3021 7646 9596 9522 2171 1809 1540 337 1302 131 4592 256 5674 6647 7839 440 7823 4211 4205 1058 9755
61 2533 474 6607 4673 1871 4695 6323 1629 7638 5595 390 798 5893 8257 2802 2796 4420 1409 982 7124 8830 8617 1086 4001 341 1509 4837 8348 2544 4833 2167 5832 4788 4827 2007 4291 2300 4279 5747 3915 4063 7789 901 9574 5378 6407 891 8057 2568 8024 8489 7666 7675 6161 1650 2478 5673 8808 7731 8697 5569
58 1860 8298 2447 5204 2904 4548 7204 7558 1576 4341 6835 2089 3547 4753 3678 3491 9258 8796 1991 3531 1280 838 3525 8005 3914 5768 4079 1400 5543 5017 9771 4574 9367 2077 8092 8570 1135 8374 6627 164 8190 5038 4008 7759 8792 6405 2863 9802 9379 3195 7626 3681 1353 6997 9296 9010 7399 7690
55 9299 3121 8389 9978 9779 5371 87 580 6833 5946 7206 2756 5456 3617 829 6827 5958 2518 32 6797 2163 9877 6152 8869 2617 3568 9106 693 224 6755 4650 2322 8356 5186 4078 2721 5810 6046 2277 9548 7976 2554 1761 9464 3839 5392 229 1982 4023 9130 8818 6656 3951 6732 2276
58 9953 8507 155 2284 7619 9194 7903 6551 9481 7990 5871 6545 602 7752 6022 3147 9458 4526 6370 816 2509 4472 4737 8248 4566 1897 7966 3598 7349 1356 2413 2551 5177 7967 1034 7881 7135 5540 8152 5574 8107 6494 813 8116 4742 5799 5457 5791 3648 764 6933 2800 3107 5304 3712 6799 6219 3515
60 370 1886 7446 7576 1077 5282 3595 889 7912 1003 5794 6348 190 1767 794 7702 5488 3663 5707 7750 7179 1621 8641 5751 448 1946 8408 7948 3790 7228 8394 9158 770 9693 8156 115 4491 1096 1497 4705 9908 2107 3014 5665 3716 5225 7106 6194 7367 1754 1961 6515 7717 9104 8718 2202 3645 7265 3608 6653
69 1384 6542 644 2757 6923 5130 8087 6874 8039 8936 2648 842 6934 6059 966 7858 1956 8908 8658 1718 7443 1941 2145 6440 140 2890 7511 9433 8205 8095 4480 5909 4042 7136 9881 9074 6767 4884 9637 2683 3214 473 8942 8072 8927 4097 1421 2305 7413 931 7424 650 6722 2517 5275 8607 8729 2860 9090 5883 3255 7751 3737 8728 4832 6665 8340 287 3785
60 3102 8296 6689 6033 9617 760 3360 1626 6245 3075 6884 6453 747 2946 9232 8357 5358 4465 6587 2439 4321 2411 4994 3882 4544 185 8511 723 6111 8027 8073 3304 5842 8415 5732 2295 3223 7810 8785 4222 8953 9769 6126 3596 9950 9651 8267 8142 3941 3148 1317 3171 170 8837 6496 44 9558 3629 2918 2775
57 4733 1402 8444 9686 1083 7393 1759 1406 6265 3118 7672 6516 5231 5014 6227 5240 1222 4777 8233 2893 5255 4091 2487 3164 3430 6831 8653 6065 3212 4130 8463 965 1298 1297 2783 3392 4319 6930 3818 7290 2597 2511 4567 7572 9140 5294 98 1913 5997 6527 4444 5183 5816 4648 709 9218 2182
60 7481 7597 3440 3530 4588 8768 2622 3494 9970 3090 5550 2732 1979 5655 5487 8077 1645 3676 7673 188 5236 6535 7220 9424 4007 6578 7548 9180 6710 4073 7067 9733 1646 1755 621 3277 5075 1552 849 430 5471 5142 6434 5976 659 1598 3886 7001 5689 2846 5118 8699 6461 9095 4120 4408 9224 2398 6308 1208
67 2922 9625 7264 6166 8388 2129 3120 6560 6385 9324 3931 2845 4369 3292 1383 986 8928 169 310 6329 1423 9368 9738 4049 5797 394 1420 5143 4309 1902 3940 8858 8052 6038 6554 452 6929 2461 1312 4847 819 549 7763 5623 6774 7048 7073 5757 4843 100 8446 7995 8019 8619 3308 9499 8595 2687 6205 4167 348 9249 8441 9503 6468 163 5077
55 2636 3479 7973 5705 771 1281 4863 1249 4062 124 736 6369 3932 4190 5851 1830 6450 4399 2119 1091 9268 496 1441 4035 6029 9011 9830 7346 7432 4718 2561 9944 4850 2720 9488 6015 5846 6419 7612 7187 6671 906 3299 1432 5538 3918 3013 7992 7553 3623 722 7072 5341 2855 1044
57 6896 9577 1202 4681 1674 4924 4026 1807 6643 302 3937 3303 7059 7613 9007 7383 3420 9675 5386 2976 6984 2740 806 3001 2349 2631 2348 721 8114 9709 5163 4949 1 5683 5664 9622 3471 6476 3544 9099 7878 7843 2449 105 9209 5532 4752 276 1721 7435 1883 6192 8840 9977 947 9824 3920
66 7035 6971 4805 9193 2001 1081 4034 5919 2363 470 4834 9319 7447 7778 8042 4840 4230 9386 150 8254 278 9993 5479 1363 1934 4706 6754 2657 4459 8065 6124 8235 1925 4582 4214 6103 9612 7331 8687 2354 4354 7868 2410 1069 7358 6673 5059 1033 92 1491 2857 8949 1980 5988 5093 9894 7100 9126 9346 7282 3272 7705 6465 4202 3080 6481
62 38 7928 5314 595 6429 7547 6594 7028 3699 7259 1124 4584 2405 9910 9768 4654 5795 3224 3312 6215 6188 517 4997 5823 5434 9327 9145 5428 7734 5039 7999 2374 8734 4011 3513 3889 2828 1004 8141 5205 6725 2503 7202 9581 5551 3860 4945 9085 7107 3346 2412 6380 7184 825 6238 3371 4252 4932 8700 382 5159 4962
60 8053 710 7522 7635 6600 4725 9803 9304 7653 1453 8466 7045 6017 1218 2875 9681 704 2106 4177 8198 7678 872 6204 4607 2454 8098 4113 8778 4343 3561 932 2742 685 6132 3894 1175 3343 46 5459 5223 7268 5869 7835 8893 1230 5798 4095 2278 5064 3470 74 7396 4660 8 2891 2761 8185 6504 1587 3520
59 1158 9851 8021 4772 7004 9743 558 6677 9021 6431 4031 3748 9805 4133 7649 1088 2702 3800 4928 3472 7685 2082 1846 3726 8597 3634 9244 6294 9642 6793 4288 2047 4387 1756 8892 7410 1452 3840 2169 6125 6638 6904 8149 7075 3012 7316 3613 288 9434 8860 7867 8611 2394 4111 2150 6478 904 6939 3496
60 9107 4098 2578 6083 9505 5050 3026 9122 8105 8195 9578 5594 1064 5068 783 5756 4608 5934 5638 4829 6284 2427 6117 4980 5829 9155 8204 97 6746 3638 6981 5968 979 8307 1768 9227 2983 1545 4801 7487 4806 8470 866 8416 2705 3655 6395 4127 553 454 2433 2711 3984 3106 5754 3362 5212 6705 5319 1155
62 147 3345 9173 2923 8657 7532 7891 1861 7146 85 2435 6403 1349 9504 4534 9905 6809 1177 9632 8215 6840 5166 6497 5921 9776 6628 8367 4016 9134 9525 4902 2318 8680 8970 4860 5955 1559 7761 8062 7535 2807 8260 1283 818 284 1878 1001 472 4602 2925 2512 735 3116 7197 2674 2821 66 6654 6883 219 9404 4392
60 9274 5164 9704 8338 3048 3162 1229 7934 5833 1608 2494 6581 156 5219 4856 5153 1929 8304 3247 2642 8445 7573 9225 2635 371 5113 6964 216 7852 2586 8181 8842 1561 7463 6885 2420 3098 9552 332 2795 2848 1590 5520 9623 3872 6201 6337 6977 1556 1657 6711 8794 1471 8522 2599 5400 6261 9583 7814 2450
67 9421 7034 50 3323 3815 9758 1836 1209 2921 6483 9337 291 1957 9360 6822 249 942 6687 5704 2516 8922 5315 7468 2126 6183 1365 255 8677 4481 450 9027 3016 4873 3835 4188 1908 3208 1575 738 1304 4975 1401 6392 5198 4390 2602 1536 4106 2690 3884 2068 1985 96 917 3612 5128 4875 5329 941 289 5351 285 6895 6501 9019 2118 6482
62 9190 1601 9444 2254 1960 4398 2039 8050 5695 3526 5111 1839 3695 854 2317 2572 9589 8117 3696 4625 6967 3660 7271 8051 9242 3727 2493 4318 9100 2483 9000 5375 7885 1658 7880 2896 3913 2038 2088 8018 5549 9523 7962 4746 2906 5210 5512 3789 4939 1805 7014 2719 8094 433 4890 5481 7088 786 1038 8887 3821 1427
59 7795 4187 1405 2281 5343 3134 4462 484 8020 3396 1963 2468 3794 3089 1049 3226 5602 6003 6500 4535 4785 6237 2265 8485 58 4378 220 9787 7926 1693 5317 2641 1814 5656 851 1818 5200 2837 8738 4085 1277 377 860 5049 199 1180 820 2722 6014 7132 6639 3002 3999 3252 1757 1148 3900 6992 6260
61 5821 7082 9472 8067 1460 5044 5559 230 1919 8465 9139 2679 4529 8915 3199 471 8493 6037 2781 7230 7063 8482 874 3700 1067 2216 7085 8268 1282 2594 3671 4622 2215 1252 2211 5817 2332 2429 3546 8535 1936 892 7480 8691 4056 4726 5328 3234 6547 5379 658 6956 4146 381 9257 9241 2060 1800 7565 7955 9792
63 9934 4022 7462 6795 5171 6012 9318 6191 630 4669 6068 2830 7694 7137 3662 7318 2500 5144 2152 3244 6676 550 5338 4621 6528 3658 2956 2140 1025 9396 2758 2784 227 7847 8686 1613 443 7313 8516 5771 1831 5115 8821 7055 1994 6266 5977 4944 8571 4577 5465 3664 5715 7388 4029 4333 2315 2023 2714 5556 6771 8921 165
61 6995 7503 2227 7336 6612 940 8521 4411 5203 9853 8150 8409 9515 3706 68 9474 7520 354 5070 4943 8800 5581 5546 8032 8895 2094 6994 9052 441 6562 8498 3579 8169 6008 6940 8765 80 42 7134 6891 2945 4068 2252 297 1752 3516 8256 5348 6277 6386 6146 8872 7403 1182 8696 5069 5820 5368 4616 9735 5097
60 7692 8866 8355 975 7644 9413 1554 2736 7952 7614 4646 9017 2102 9690 4132 1726 7237 9988 365 5112 3564 7578 7873 6703 8239 9064 7160 4451 6968 1404 9009 4020 1612 8848 2596 4849 4419 4593 2710 6624 1276 827 8938 8001 4041 53 9997 5176 4974 2773 2542 970 9691 9473 6721 3197 1630 4568 526 6750
66 1448 180 2048 6127 8011 631 2026 7389 1490 1863 588 8944 769 4002 1949 6652 9921 2485 9963 537 6158 6850 8968 3100 1285 2059 2743 1274 8546 1541 4822 9538 5162 4999 7201 6319 6593 1905 9486 1493 9786 5547 6241 5266 5552 8106 426 2859 4478 3963 7598 7140 5690 1118 5585 7015 4719 6322 9072 1880 6193 4922 6460 4644 4394 2212
63 8655 7098 5781 9431 9309 1458 4672 8913 1548 1099 8404 360 5900 4821 3434 7857 3145 5885 4596 2871 1173 3040 9856 9796 2552 4693 5140 5134 7832 7407 2678 3428 1889 3510 5809 1139 6113 1339 4124 3847 9580 2862 9601 768 2739 148 1474 2186 629 2467 8121 9061 772 9080 9760 4108 2255 9850 5411 9489 8671 9175 7225
65 4551 4815 9609 5606 2763 6009 6082 234 5447 4123 3038 1320 591 26 4956 5989 9430 3473 6821 3114 7886 3747 676 2902 7211 8991 4236 8085 3354 6467 9588 4598 2298 6412 1042 5641 3350 6174 8610 7010 1435 130 3182 9784 4363 511 6641 646 1562 6521 8119 8918 4037 3293 8662 6753 3477 5680 294 972 1415 7772 7654 912 8162
63 7533 5126 1776 5636 49 6248 2651 2463 1625 6765 7337 2656 9654 3088 196 7194 4322 9509 5600 3925 2949 7899 3465 4499 5385 2954 3447 1342 5308 930 2935 5772 7991 8424 2808 7924 703 9287 4528 6202 9205 6650 3273 6902 9189 2633 9384 4630 6564 6061 4716 18 557 8743 2665 531 4404 4842 3906 1289 8541 7291 1664
60 3701 923 7669 3083 9115 9818 3869 1586 4934 7860 316 3849 576 5950 1287 3555 960 4141 9172 3772 6802 7089 2972 8366 6456 3770 6794 5405 3189 9753 7218 8608 4561 9469 4228 8627 8401 6894 2239 3382 9677 4437 1600 9783 2753 3562 9873 3138 2105 1129 4698 6302 9013 9195 3560 6506 627 2185 7829 7012
60 5230 6300 793 4476 7512 563 8665 3834 5789 1954 2035 6016 1780 6898 1713 4012 9321 6906 7833 9405 8711 1466 3141 9531 6715 4579 7385 6526 1731 610 8717 2011 1593 774 7695 9864 3859 682 8531 2213 7302 3702 513 5243 5289 4971 376 5082 5537 642 3615 3532 3225 3084 2965 7906 1340 8565 9383 7437
62 3311 9697 1147 5733 1864 4812 1973 9926 1035 8599 2865 8109 3227 7513 4200 7060 1688 6941 8566 5996 3485 944 5839 597 1893 9644 8270 9717 2160 5237 2794 9468 2024 3267 3238 562 5098 2569 2675 2490 4734 3916 3880 1821 7718 1937 5404 5729 9311 6555 9559 3765 4523 7299 321 5495 7305 6953 7174 8995 5726 3909
62 6826 5616 7479 9456 9964 3168 2492 1635 8720 9338 2232 7009 4872 536 2157 9071 3805 3604 9264 7378 4735 2421 6097 3297 2646 3694 8907 7801 6713 6733 72 555 83 6539 7156 623 852 4605 3588 3370 7131 3327 3933 5856 1882 8399 6459 6255 1322 6770 3733 4680 4667 4702 6851 9501 7711 998 9341 6943 8920 1683
63 6664 8363 1537 1747 1360 8851 4750 3348 5192 1039 7095 5868 4128 7418 2682 3061 174 4371 1825 2049 5668 5045 2669 1962 3875 2005 2616 4115 1823 384 7460 5291 4536 1127 299 3464 4457 1269 2030 4014 3846 3761 9046 3959 3642 6223 2293 5464 8501 7317 8575 1578 8009 4066 402 5466 5701 5529 9113 6350 8563 6945 9544
63 692 5694 3117 6814 3261 7360 5472 7569 5515 5295 1041 9060 5524 7254 4573 8229 5745 5914 8542 3841 8349 2885 172 9555 9764 9211 3468 4470 4429 2854 8122 3651 1898 8272 9055 9187 8232 3649 3394 8180 3456 5120 6362 548 110 1272 6198 2194 6420 6306 8771 733 5514 2868 7453 9174 1750 5260 7173 6596 5095 9498 6938
59 1345 8518 7507 22 6686 1705 1971 9954 8582 1476 1848 1066 5957 2329 5582 9657 5284 839 9939 6636 7323 863 1891 967 3714 8649 4452 6712 3130 4877 1916 8894 8751 2914 3446 4686 921 1943 1481 8673 8901 467 2707 8735 7980 5947 9759 2639 9178 2820 4250 8428 9236 2806 5915 5874 1073 8746 1022
64 4412 5954 3692 2532 2825 5858 3910 3241 9040 1876 4649 5229 6458 3653 7554 2246 8660 8491 8265 8334 8596 2154 3435 4675 8972 5136 4515 4121 8905 6855 6316 4438 9279 3184 1207 8667 4554 7221 3329 6550 3862 2382 9044 3942 2482 6720 9517 648 834 4352 7105 4846 1412 9616 5398 6364 9307 2883 7817 9935 4755 8737 9736 7058
65 7499 8669 5451 8410 6436 8048 4176 4015 9437 4158 5088 7266 8674 5197 1599 5545 4786 5993 5367 988 9546 9893 3899 7079 8253 6047 2303 5234 5607 5901 9251 6495 879 2986 5276 7812 7950 207 5023 5626 3591 103 7978 7400 4615 5548 7017 7544 8981 7380 327 903 5090 1859 4859 7188 6438 9081 497 2640 909 6251 4651 3450 762
67 5063 727 7287 7637 9880 3206 9003 7501 7121 2108 4645 2271 8259 2716 7895 2805 5024 5033 5880 2080 4213 6112 9560 129 1921 2489 7640 5156 6484 7359 6330 8293 342 9946 8208 2469 1424 7239 7052 9638 205 3998 5052 6066 9868 4643 5863 1092 5313 4708 3018 6718 6566 2256 3934 5102 8827 5723 166 1027 9752 3873 1308 7170 3319 2003 2381
63 5199 4359 8916 7030 4906 4138 9199 2095 5475 2933 8429 2638 4532 7765 6847 7046 7566 6236 8192 5094 7258 3251 3476 8406 6693 3401 9400 8381 3203 7663 750 4381 8775 7238 1998 1140 7347 2480 1819 8793 1507 1745 2939 3955 9131 3874 4070 1196 1632 9450 3177 8544 9359 7545 6115 8004 9250 2789 5966 6229 8375 8227 6131
63 7505 8214 9689 9567 6333 3474 5272 3017 1642 9724 435 8884 8530 2137 2582 4683 1433 2870 4229 985 9073 990 8708 6780 6584 1567 871 5445 5030 6684 5861 9285 4682 1707 1892 8801 3690 8486 4862 1443 2117 2566 6810 126 5188 8994 4 688 7200 3750 4722 5936 3838 7409 9737 4482 4150 5307 139 3797 6283 741 2320
67 202 2892 508 2042 6806 3871 2801 3857 7698 4940 1095 1309 2501 1817 7247 4907 2200 2017 4793 4360 4126 6541 2219 5903 6660 1795 1981 9673 6779 4882 6864 57 7872 8364 2952 3264 719 5216 3912 1918 4163 2432 7893 4345 6848 245 698 7119 4908 7440 3066 4618 5531 6751 3947 7767 2560 5838 4744 7384 4183 1119 5086 802 9520 1592 5508
62 1247 4456 826 5497 240 5873 2652 6936 5580 5155 6540 3110 7998 2595 8096 9987 3028 6487 7157 7183 4514 6563 5399 2803 7677 9471 1810 4946 7213 6875 9018 9382 999 3126 88 6267 1522 9610 70 3594 3601 2607 8857 611 9014 2027 8186 6533 8838 3313 564 7628 4549 5193 7897 3582 8455 9388 8630 2667 2658 5697
62 5895 6605 9059 4400 8069 5615 3067 8852 7747 8941 1198 2193 4093 6379 258 1649 7379 5337 252 4957 7411 8804 9198 7203 4385 670 7141 5835 1134 2220 4638 9425 4569 4065 7086 2737 9412 7341 2104 137 5387 6421 4110 3768 6524 3974 326 4767 2378 9842 804 6365 5815 4422 525 7494 7382 8692 5712 8297 9030 1719
68 2563 8285 1030 3373 4774 3640 779 6363 7846 1840 3739 1028 5785 7351 3003 7332 7870 5812 3511 2571 6303 780 2400 2689 7869 1149 6759 8703 9459 8123 8462 5196 5560 7905 7334 8014 7502 5306 4377 2310 8211 3426 3366 6990 9308 1059 4559 4089 561 4316 507 5985 3656 194 4203 427 4553 1955 8862 9767 7938 9981 2437 9291 2834 1393 6700 186
67 3856 8341 1895 6775 7080 4968 8176 7551 1558 2476 2840 2309 2996 1157 7784 1482 8574 7429 7090 8251 9286 3427 8661 3301 7114 1475 2735 237 2203 3156 39 7910 3425 2022 4738 9897 3412 458 8264 4151 4471 9355 2286 490 3375 5570 752 9969 935 5228 7997 2731 7875 3399 4769 8799 4447 8997 1944 3517 1704 1706 3669 4920 2352 4409 407
63 7615 7842 6784 9780 4560 7888 7791 9867 1681 2610 9835 438 7641 2438 6513 4427 9518 9696 7736 501 5925 5526 270 9740 7740 993 4758 2637 4692 3883 2075 7964 7066 2120 6090 1974 3788 5251 1488 5061 6116 5617 5802 571 5277 7944 983 6315 1468 4086 5429 9684 9181 8706 5454 6142 6808 243 7664 2971 2612 6321 4306
65 814 1634 7859 1006 9233 2535 2550 3281 6969 5376 400 3452 141 2797 9528 5326 259 925 1950 6872 4524 5760 9427 6548 1187 4082 5737 4046 6099 5249 4782 6324 8911 4453 6426 3288 687 6335 6206 7118 8097 7310 6034 8258 833 7917 3205 9937 7500 3552 9510 1262 1610 1153 8246 8086 902 8449 3597 5170 7760 4586 4601 1417 8101
66 7749 7445 3271 1930 4921 1293 5220 1214 527 8888 1082 4257 7278 7941 8885 545 2296 5138 386 6120 178 9259 1582 4575 8043 1673 2548 6839 6813 7959 1762 8064 7774 3950 8079 2356 9582 7257 2672 5770 7850 8112 4425 7166 2879 4803 992 4983 8137 522 8110 1194 2081 3314 8191 6118 9314 6136 9138 4407 5470 1020 7148 6272 1689 9705
