12 2735 6724 8426 1963 5374 3967 1145 3361 2199 8522 9311 3950
11 6689 3329 1997 3102 8760 1065 1650 4743 5431 5175 4129
11 3090 1100 3840 2377 7592 1767 6162 8537 7514 6127 3099
9 1209 1689 2167 4415 7132 7551 6143 5555 2273
10 6466 9191 2856 1537 6211 9682 5206 1214 8490 6522
11 5018 8629 5566 7162 1417 5715 6033 2792 6105 5937 1659
9 9313 8792 146 1943 6488 8813 8776 8387 5599
11 2519 2784 7580 2613 1166 3241 6802 1743 5781 3480 7601
10 549 8323 8816 8523 5451 7351 1485 2860 1238 8850
10 4525 5654 4376 5695 8339 293 7047 1759 3690 4737
8 5934 5332 4491 9418 4574 8141 914 7814
9 4679 8351 6584 1299 9498 7619 8068 1303 148
10 88 5572 284 1583 9724 7353 5430 9587 8322 9271
9 7109 7927 9492 3896 8099 5611 7076 6236 8276
11 2465 7846 7602 7479 2234 4549 3823 7495 6998 4269 8199
11 7957 7293 1674 8093 6956 7370 5243 6758 1719 5128 8168
8 519 2324 4661 3565 1246 9403 4419 525
11 4309 5971 6206 9511 3867 2309 2279 717 1351 8900 1379
9 5970 6662 481 6119 7453 5722 7055 6614 6941
11 4839 1447 7117 782 2385 4014 6459 8632 8894 4457 858
8 5324 3333 7779 7339 5976 2099 1400 3240
11 719 7329 2352 9900 9089 996 3152 988 4522 2169 8738
11 606 1194 6550 9070 7167 6854 9188 8436 8320 1645 9677
10 423 2296 4935 506 369 4965 4739 735 2101 5147
11 1776 7711 3068 7211 2477 5143 9425 7367 5826 3850 2623
9 6031 7028 4613 3482 8193 8246 2991 258 3505
8 187 9733 3176 9620 6544 4254 1205 5797
8 6663 6529 4467 4944 6463 1172 9343 4432
7 1066 1883 1489 1904 1441 4796 6559
12 5335 7455 2335 507 4699 8182 6714 3467 2789 1820 7723 3115
6 8175 8965 2591 9099 2298 6467
9 1560 3049 6239 5054 7693 2966 8081 4793 3815
11 4758 6794 4112 4028 4327 4104 6486 4336 8924 1180 7826
12 3817 9820 9412 4602 4888 5163 6629 1707 4431 8369 2152 8535
8 3580 8227 5317 4144 7970 9814 7496 8654
7 6252 7314 9751 1459 1624 5968 5758
11 1273 7140 3024 3666 2320 8125 8166 8170 6489 4633 9591
9 7499 3708 9100 5619 8745 7322 3515 251 998
10 1867 7186 5517 5303 7134 6963 1597 1578 9840 8888
11 7965 3655 9666 266 3062 3750 4265 4238 7859 8891 4904
11 6822 4877 874 8079 629 4085 3489 9531 8114 5752 6976
12 2432 3546 661 3680 4497 7392 3674 5109 5283 2747 4922 9776
9 7070 3245 8892 4658 4274 8624 8842 4240 1114
9 1178 9503 5593 4884 5658 1989 798 1847 1318
11 3055 7810 2230 3319 4792 9208 6396 7590 478 2067 7450
9 4742 2589 8203 8681 9186 8525 54 8411 5900
8 8890 9702 8239 134 723 1691 1367 8718
11 6002 8029 3989 5779 2360 7949 3968 6660 9426 1144 9909
7 8773 8991 9897 2272 6495 8402 6514
10 8292 9046 6053 2577 7457 9826 155 2092 8380 9115
11 672 19 5466 7277 5045 3592 8779 4708 4458 3561 1633
11 7475 6654 3461 1729 7558 9221 7520 2932 6440 1544 5224
10 8477 6189 3430 4291 553 2670 6014 8466 9301 1360
11 5235 1414 6875 2570 4331 4722 9630 1957 9521 1607 3427
11 6277 8783 1697 1634 8243 880 2197 5 8707 4019 8169
9 2720 3527 3291 4163 8366 3980 2549 2877 3792
10 9409 6502 6455 8940 2275 9219 8010 7027 9154 9438
11 2920 9166 6741 6293 2115 7620 201 3670 6341 3452 7700
12 4094 2603 4084 4396 9539 9328 7101 647 2310 4010 5407 8674
11 3629 6139 7768 5917 6476 3454 1827 6949 7664 7112 5682
11 677 4873 3601 9557 6374 1638 3101 2676 8467 1052 4916
10 3607 8489 965 1430 967 9784 8676 9726 8275 1923
10 9679 5227 7792 1873 156 320 7528 4751 8313 6191
11 1097 1838 2957 3220 3531 9800 6552 2097 593 5485 792
10 5497 8149 5049 3026 2602 624 9153 3996 9956 2864
9 9752 8630 7804 1071 8565 5505 8655 5434 1009
11 6670 567 5890 2442 6946 1424 8247 2022 4994 9004 3517
9 1757 696 6756 5783 5847 8553 1216 7563 9834
11 5440 477 4255 6398 5014 8126 1933 2579 2815 9717 5065
11 9514 7435 4194 1491 6784 4892 7352 3223 6011 7281 5454
11 2571 5218 1030 2235 3326 15 4464 5595 5542 1928 2878
9 563 9011 4450 8244 103 6169 446 2193 2839
9 6381 666 2382 4249 1041 1119 3733 107 2609
10 9003 1228 3910 8128 1160 5039 8863 6531 8095 7017
11 3549 1407 9267 2000 1644 1907 4218 3634 2925 1488 4918
10 4601 6485 1588 1797 9249 2721 7332 9676 7565 4013
11 7657 7864 200 3420 5405 9015 7461 4386 3978 7001 9215
10 2015 6740 9944 7438 9612 3494 9060 3407 3095 4281
8 8708 3147 7253 6902 2346 1374 2806 7460
11 5860 3918 530 8989 8300 9607 5093 5947 3856 2750 3825
11 8758 1773 2198 3721 4247 3610 9862 1917 1398 2280 8217
10 9847 8932 4164 3036 6237 8661 9055 7589 9336 1887
10 2883 3249 608 7579 8257 9508 6264 7623 5845 5265
8 9913 3311 6012 559 2374 3186 8006 7621
11 5445 7687 9320 6764 8737 7422 5587 6225 3440 9606 7238
10 9976 1384 1002 396 4981 6863 359 5671 1617 6595
11 4078 9090 4624 2999 7907 1255 806 2553 3525 2823 1043
10 8310 4984 4196 1175 5951 8918 7497 1712 4363 2200
11 6916 3276 5369 1460 3839 6203 4454 2403 4771 8371 5280
9 4008 2297 3215 1433 5072 6145 4298 0 6439
11 9888 1170 4833 2245 1511 4634 6167 824 1370 8256 8538
11 6263 9405 9556 5662 3829 9358 9318 8912 6501 431 2770
11 1305 5615 245 7442 8324 1875 5512 1329 8777 5687 9753
10 6815 2424 8370 2470 7576 6519 3841 6256 7744 8424
11 3307 1637 2626 5511 617 8533 2861 7302 5019 6148 2487
11 303 658 1142 378 1660 6743 8165 2800 3698 8138 4509
7 4071 1492 9965 9477 8998 8741 3560
10 2316 5727 5089 9314 5100 7065 2311 7304 9568 7069
11 1335 3005 9627 2754 6094 2332 4597 1673 7074 3520 9635
11 2917 3409 3779 2140 7513 9006 6763 6388 5935 7029 1336
10 8731 6404 9602 4938 3532 7627 2433 9365 7669 1573
11 8878 8736 8784 9118 5031 6678 470 1520 4399 749 2170
10 1138 190 8328 1684 6716 8007 5877 5153 7983 8430
11 9619 3236 8832 6523 2453 1946 8258 8358 6482 5592 44
8 7013 2881 1721 3163 619 654 9648 2698
9 2061 3540 8573 8995 2292 8253 7833 6943 4091
10 5086 3294 7546 7494 2330 5314 7328 87 9184 5449
11 4058 1784 9316 9179 1595 7006 2398 6370 7481 79 5270
10 4618 6745 448 9742 8072 4232 5802 9953 443 2586
10 7929 1512 7638 895 9963 582 28 5488 6701 5773
11 5300 2233 6410 1465 2075 9333 6149 3642 2643 421 1972
9 1315 9935 3362 3694 6102 9788 3868 3965 3737
9 9707 7114 3368 6825 4834 7972 345 1234 5896
9 7429 7612 5996 2212 3828 1554 6621 1341 4662
9 7861 2166 9559 2600 178 7967 4852 923 3741
9 4059 7108 2741 461 2722 7285 2155 5580 794
11 5192 8557 209 5495 4776 6708 6608 5119 1621 2929 5055
11 5299 2738 7406 5627 9809 9513 5080 5231 1636 3336 4474
11 6783 9649 7248 6034 1101 2037 5068 7851 5515 4795 4241
10 7401 789 825 3054 1302 1736 7584 995 7991 4292
10 4855 8458 4848 7922 459 4263 6977 2029 9439 2851
9 7463 8484 9274 8796 9156 7384 2644 3927 1022
11 3167 7156 4794 3537 3646 8225 4878 2303 9285 3533 5545
10 273 1609 442 9949 584 3689 2545 4757 6958 2691
10 3444 817 493 4659 7316 8692 9435 2953 2886 1437
10 769 1605 6951 4493 7143 5353 8438 9398 4769 5842
6 3696 7347 8160 613 3491 3134
11 9305 1323 2495 6601 5835 4330 7405 1950 2340 1825 9759
10 9563 3197 2455 2181 8506 9479 1622 6852 3388 7527
10 2247 8290 9144 2180 8827 670 600 6624 2993 170
9 4377 9402 150 3879 2866 3091 7850 7374 9782
11 6412 6150 4673 376 8014 4486 3379 1151 9434 5110 5841
11 713 8024 1955 1647 9075 4821 9183 1687 4097 7667 8057
10 2135 1438 1995 9681 2415 4768 6560 4095 3180 6750
10 2949 7287 9469 4101 1168 5373 676 3668 3745 926
10 700 3257 9030 986 1476 9407 5217 6611 7052 4332
9 8703 8711 8167 7501 2344 8016 4380 6322 2597
9 117 7993 7379 1146 3630 1155 204 5894 8414
10 3442 6135 7648 761 4398 6880 9400 7033 8205 298
10 7913 4184 1908 1686 9238 4845 3960 1091 5812 1001
10 6695 7198 4665 4587 7445 7823 8689 1249 5251 8923
8 1543 5991 6548 3508 3187 1594 2289 4987
8 6831 5387 3947 4035 9424 9330 9868 7943
11 6901 9406 697 1627 6737 2804 2299 8734 8364 4188 49
9 6403 8786 9586 81 5794 7741 7056 5460 2457
11 3156 3579 9012 982 4971 8960 6859 5319 5162 7888 5547
9 2384 7882 5426 2959 4647 9455 8934 6664 5606
10 8518 1113 9869 3493 5632 3847 8200 7218 8282 9304
11 5769 3651 720 8955 4278 9785 2068 2616 5450 1938 8267
10 9393 8302 2539 8173 7516 6602 745 3728 4149 6271
8 7040 3358 9624 3625 8048 3548 5044 962
9 3855 4583 4109 9018 546 4394 2430 3041 9281
9 1515 9864 7787 1415 6696 2768 4385 2879 6481
9 3371 7891 7867 4880 2412 7345 8066 913 3656
10 1992 1406 7975 2250 105 1591 701 2091 4510 398
8 9325 7948 6363 5739 558 8046 3310 8087
11 9675 5808 8902 2178 5001 1328 8015 6671 1373 4883 3858
11 6198 3596 5214 9190 3203 6642 6975 7752 1124 7185 2073
11 7928 5213 1869 3701 9408 1715 7802 8461 8045 3318 2508
9 8670 881 4924 2863 171 4572 427 1295 2540
11 6807 7889 4630 753 7048 3645 1502 574 5617 9196 8363
10 4435 4387 2690 6927 3146 9378 4468 6259 9467 9990
10 8640 7020 5017 9410 7176 4985 968 1126 5130 6650
10 3869 9347 5771 1106 2270 754 3650 9308 2550 6789
10 9449 2512 5626 5837 2958 8872 2682 3889 4977 8185
10 4307 7398 1564 1046 3731 257 8812 1039 2064 5476
10 3253 3826 5425 6969 8486 4378 8473 1754 9773 4133
10 375 8262 3510 9610 8809 5104 8526 6355 9552 2509
10 8329 739 8462 5539 5298 2636 9363 706 1728 5233
9 474 1803 3117 5481 5694 964 8778 2946 4273
8 5868 4781 5636 8071 1666 5151 8156 3120
10 1105 2147 6729 9028 2931 8432 4026 7279 6627 6613
10 1040 1372 5748 1693 711 7502 1371 8356 7950 2902
9 222 3640 6879 2082 1286 2646 8619 3652 6060
9 1005 8425 5540 1884 9288 4038 7025 1614 9573
9 9550 7373 6480 3173 2978 5490 7771 1698 5661
8 3555 2942 2718 5625 8885 2379 7228 2544
9 1135 2605 2984 7205 9447 3337 9540 8106 1120
8 3578 8464 2119 7817 4625 6131 9530 3478
10 5424 5858 6245 6133 5394 4789 5186 6934 3644 1290
10 5693 5491 2649 7448 9526 4212 2462 1542 6334 343
10 84 8158 3557 3775 8645 3753 6249 3581 1802 8884
8 9140 3990 2904 9538 8686 7865 2231 8596
10 4894 4693 8346 5291 7014 6578 4262 7644 4324 229
6 920 7325 4301 7003 2491 8606
11 6706 3575 128 9130 9566 3925 4925 8455 3275 1890 6390
9 9799 4208 7637 5371 3139 7536 4253 9596 7968
11 7956 7180 5205 8575 6657 9994 5849 5215 3872 2226 3987
8 2559 3148 9078 4887 1107 8893 447 181
10 5717 6123 1970 4854 8664 2596 6124 1915 6717 5108
9 2695 7320 8835 9037 7562 3550 5979 188 9638
10 961 6329 9845 8188 4244 9583 9017 7639 4134 795
10 372 2641 5307 3435 1282 1905 7447 8733 390 9396
11 7952 2536 6202 6261 5070 683 3521 7979 4463 1084 7509
8 3654 5156 8667 3877 1572 2517 3252 8808
10 768 2714 8410 4749 5967 6312 6811 868 8680 9664
9 24 1860 6360 3732 7081 5804 9233 3920 4483
10 4090 1630 2782 6648 4638 4473 7419 6010 3971 7577
10 9084 9463 3066 9068 1197 6810 7720 504 756 4553
11 2869 109 3821 1557 1475 2063 4322 7774 1419 3094 3886
7 8962 7129 1221 2660 264 3265 3887
11 2356 1013 9890 751 5033 8540 1469 5456 6084 6731 1055
10 4637 4428 2780 6048 6197 2837 2524 5142 623 9849
10 4150 5743 6125 1587 1004 3145 2832 7593 5311 1207
10 6115 5948 6765 1845 5356 6165 1789 4864 4611 3279
8 3988 2079 8588 8306 2918 8124 8251 1003
8 5885 5237 5090 1319 4460 3801 835 8543
9 311 5377 5674 397 6353 539 6371 4484 329
10 4379 9473 332 9678 1912 2137 3682 3890 5362 8375
10 7399 726 9382 657 4114 78 5164 1380 455 5225
10 541 6849 3512 4485 9031 8545 6801 5145 9484 4047
12 7561 2538 7086 169 9641 6138 6204 3431 3003 3415 8519 6534
11 4143 8020 7255 6196 2035 3574 3391 7333 1974 4459 836
10 568 9920 2056 2802 4939 2142 8417 5037 9792 5125
10 4494 699 5920 6313 1271 9542 8234 5961 5209 9488
10 8950 9052 8338 9171 5899 1368 4076 6427 8487 8669
10 6228 6658 5025 7208 8869 8815 2214 1878 1983 7986
10 622 9985 3795 2653 6677 594 6555 9338 6978 7825
9 1833 5358 3462 4585 462 6085 4681 5059 4277
10 6541 6199 6255 5433 9077 9758 9616 5612 4968 8866
10 6961 4260 5285 3057 2220 7701 5106 6369 3128 3113
10 29 7230 168 1281 286 3293 905 6892 2421 9532
8 1664 9852 533 6272 3469 1073 7291 3861
9 55 8209 364 6181 7798 1975 577 3742 7404
10 9523 1024 8536 7548 6426 7288 3878 7050 16 3730
10 9216 4706 248 1245 4584 3222 7012 6428 9280 6761
8 9283 4885 6711 5751 3305 9139 154 9723
10 4842 8055 9633 6814 9817 4092 5339 6472 3304 3402
9 2576 3608 1725 4340 3330 7105 7290 2847 3712
8 4948 5393 9252 8767 1486 4306 9986 4320
9 4346 4546 1804 5453 249 7094 4868 8308 3838
8 1888 3758 8823 7364 1179 4043 6960 6323
10 734 4414 3263 415 5610 9355 3074 143 360 2659
10 3149 9452 1655 1762 4937 7507 1224 62 8222 8396
10 7119 7210 7557 2304 5221 4443 1187 960 9493 7035
10 4214 8459 3816 7901 7207 4582 4082 6760 7269 3284
10 7862 4575 9657 6639 9303 744 2027 5897 316 8740
10 157 9128 1200 4372 3909 2345 9431 9413 5003 1903
10 2986 7471 5507 4024 8316 5364 9958 9414 411 9178
10 297 6884 6220 4593 7361 2341 1672 8634 721 4900
10 1978 6110 3073 6026 3465 695 5367 45 1517 5774
10 3103 2357 5757 3038 8631 8212 2995 167 5269 869
10 5341 5875 4720 7665 7221 8492 3935 9615 3369 3903
10 2912 7704 8040 4643 7197 1876 3397 1766 1895 2321
10 3281 7512 498 3338 2893 8343 7168 4766 6715 616
10 5716 2123 6922 2831 9950 8140 9957 6524 5980 3522
9 957 5113 4815 6222 2910 3150 3704 7522 8377
10 445 3208 9815 8951 7078 517 1298 4193 5978 9172
9 3693 1874 380 938 3487 6055 3096 2080 1579
10 2020 6493 8309 7246 4206 8646 9423 7625 8503 9176
10 8395 627 9628 5107 7915 8705 8971 2795 5533 2897
10 2008 4959 4299 633 1752 1468 8946 2262 9 2271
10 8406 1651 3411 3477 4677 5442 8197 5755 8608 3620
9 5598 9996 9349 1934 9967 8248 14 6005 4695
10 3030 7553 9485 5050 1338 1029 139 1760 9807 9201
10 3471 1593 5282 7203 7080 8576 7923 1242 4445 2876
9 7141 7116 9805 8530 8245 5102 7160 5281 6210
10 8102 8739 6069 9242 408 694 2820 5121 9507 4243
9 8840 2838 2399 6024 523 3606 7265 7128 6090
10 585 6457 6003 3802 5064 1525 6309 9719 8647 9711
10 268 1984 9543 5422 8058 8108 441 7144 8910 2389
10 4495 6558 6942 6089 7334 7125 888 5423 5077 4531
8 1353 902 9705 7636 1067 3206 4054 3975
10 5406 9137 9045 6216 9133 7830 1853 2069 2671 6500
10 8342 8376 4246 9537 138 5470 7616 1927 743 3863
9 5649 854 7387 7267 3359 5136 289 6070 3619
10 7640 2788 3083 5628 2023 2506 6289 7089 5791 3853
10 1528 8586 8521 152 2156 1772 9009 9551 7517 13
10 583 8848 2305 6270 2315 6542 9653 1575 3417 7011
10 2941 3951 655 660 7629 592 6588 413 7977 7938
11 8204 5990 6718 2900 294 6920 5271 8392 9399 4701 4348
10 3025 3138 9575 853 5323 924 7848 9713 8685 1966
10 1735 8435 4807 8882 1589 6234 7969 1268 7257 4041
10 5304 4511 5212 552 6248 6970 9597 7157 8089 8690
8 4829 4029 5679 946 5950 7181 8683 8078
9 741 2006 3105 531 1785 2269 7821 6914 5543
10 5381 6747 7243 8768 6393 2595 1446 9206 296 5202
10 9979 2748 1843 9276 2393 1501 8161 1241 2103 7881
10 8559 2026 210 4664 5462 6122 3908 2001 4337 2818
8 6321 39 8721 3962 2499 8762 6470 6288
10 3743 8021 4404 921 2366 6187 7622 1484 8717 1418
10 9581 2436 6413 1369 9441 4388 1237 3350 5964 5760
10 1269 8699 1252 9889 5105 279 9966 4412 4820 9536
9 6039 2787 3940 355 9880 2018 2629 679 9277
9 8520 3196 3381 4074 3982 6530 4928 4723 3313
10 3457 2899 4920 9710 8075 133 5183 9372 7163 6782
8 8728 4537 935 1311 7749 6583 1213 8622
10 4687 864 3191 1968 8603 614 7932 2987 3945 3713
10 3564 5359 4107 3205 6921 7100 2367 4600 690 3289
10 580 6877 5711 7746 5708 7718 3897 9905 7300 1395
10 6649 6735 5892 7342 3509 239 3599 5784 9875 8238
10 61 5818 8440 2732 2467 3201 1011 9535 2094 944
9 4788 5034 1233 4713 4784 8917 3881 8714 5254
10 5161 842 326 2473 272 2947 1375 4294 5395 3543
10 6456 1090 9757 8555 5608 9939 7844 9057 7151 8301
10 8179 2791 4064 8671 8987 6436 6429 1080 5775 9865
8 6952 7575 4087 129 205 6792 4189 1705
10 7877 6752 417 4605 9720 1814 2334 6826 8834 4424
10 7799 4437 2216 5169 4628 8284 1092 440 8327 4124
7 489 7104 989 5982 5321 1680 9220
9 9207 8104 6645 2406 1428 8143 7997 911 1456
7 8184 7196 5452 8150 7653 5898 9520
7 8420 2736 7904 8732 5997 9451 7182
7 8675 1192 4532 4135 9663 6108 6365
10 6424 9685 3200 2852 5907 1753 7408 1185 383 8480
10 5245 8449 5888 8973 5101 2213 9725 3934 393 6170
10 6160 945 3050 300 2766 2268 3136 3944 1641 4311
7 7468 2343 4898 6362 8625 5833 9097
10 1866 1734 6634 9364 538 4632 8914 3464 5047 5697
7 3692 9974 5777 1232 1855 4996 3749
9 8578 8868 8353 4802 4810 1270 1334 6445 2225
8 9121 5437 5864 7966 6935 9689 2594 464
10 1993 7451 4285 4709 2468 1345 4210 5354 3677 1139
10 3239 9246 5663 6247 7900 7788 347 5776 9146 3664
8 9901 6924 3108 8030 6909 5262 7760 1699
10 7911 5744 802 2696 1117 3907 7095 9315 879 2530
10 9411 400 9654 2160 8051 8544 2678 9069 5696 1646
9 1563 2261 8785 6907 3213 738 7443 5581 805
10 4882 4648 2338 9265 7793 6042 9989 73 5494 3617
10 5902 9544 3605 2930 52 7529 2582 2853 1127 7964
6 7229 3384 2573 6072 3705 9764
10 4066 3160 409 8806 285 7454 7852 8180 2564 20
10 6965 315 7312 5853 9611 1383 6675 9603 4754 7123
10 610 5112 1313 9842 8103 1834 6376 53 3011 7051
10 7318 2426 4050 7477 7872 4978 5401 8499 5468 5275
9 2429 8566 3058 8094 3278 3262 3519 2822 2411
9 6633 1973 4872 9844 9780 634 8568 8080 8163
9 2278 2106 9353 3513 6808 7743 7121 4596 2709
10 2774 3029 3938 871 9474 1322 8643 1899 4 4186
8 9020 1635 3544 5866 6915 4138 3703 6241
7 2418 2693 6462 6382 631 7476 2134
10 9291 7357 6567 775 5635 9661 2111 5657 6635 6997
7 9626 4223 9927 9509 4303 5604 7937
10 9187 2928 2497 6570 163 958 8478 3803 3175 5707
10 8509 9851 1777 5238 8511 6574 2010 1708 6872 9637
10 4586 5487 3921 4063 1392 9428 5905 4599 6088 3631
9 4644 2112 8272 4689 6281 7945 8702 9775 8556
10 2327 3170 3991 7278 3476 1982 8905 9008 9887 7713
8 4098 5510 6021 5375 9667 6513 7815 5578
7 7227 3905 6830 7280 2692 1586 7133
10 6694 8073 4869 7595 4209 5482 9959 2188 6096 4203
10 219 9768 5516 8761 9433 4316 787 4284 1287 1020
8 2176 1480 698 5763 1816 7487 900 8862
10 1815 3104 3114 2652 5901 686 7578 4983 6093 9796
7 3008 9459 6581 3198 4148 4735 6
10 5222 5721 164 252 9240 1342 5084 755 1191 7173
8 8271 5060 1223 708 4224 8997 641 5348
9 9670 166 5562 4046 9919 8672 2050 4610 7289
7 2944 5480 928 9489 4998 4220 1293
10 6361 7082 1550 5660 1748 473 5203 2472 7416 8210
5 3321 1817 6520 2007 8452
6 3647 2288 262 3864 8070 1823
10 8564 2963 57 1631 5219 515 3006 2588 4813 3020
7 7716 8038 9444 288 7892 5895 4127
10 113 6851 4657 3418 1960 2364 5165 9417 5286 495
10 6913 6159 1580 4966 2191 5520 6759 650 6212 939
10 6607 1625 3966 4371 6683 2777 5078 410 5855 9916
10 3168 5856 290 7425 2402 1850 6525 1506 7008 1304
10 2313 328 7567 9645 2057 8299 3081 6335 5874 4622
10 1724 9595 3445 2355 4282 4407 9565 6954 6028 2148
10 5402 5746 4202 1509 4561 4032 6791 7523 1581 5819
10 6900 4352 9158 1831 2400 5984 9310 6195 3042 626
5 2507 3202 2204 605 6834
9 5343 1251 3566 6172 2141 1140 6933 2138 5501
7 3667 271 4250 8652 5329 1000 7146
8 554 1852 9483 3256 3061 7431 5159 2840
9 7088 6004 9735 3623 4470 8061 9032 4181 6994
10 8587 9087 9289 843 2439 4614 8365 8454 8232 4891
10 6418 9691 6749 6346 890 1275 5416 36 925 3684
11 9698 3459 3541 6643 30 357 2351 8985 3348 7540 3110
10 8698 2520 497 2011 2229 4323 4847 3063 8336 747
9 6780 7346 1215 7806 5908 9437 5643 6250 4158
10 6767 9306 7662 3746 793 7340 917 4287 3797 8230
9 6044 4170 3915 1256 2086 6897 8886 5544 4844
10 4056 3067 2992 5409 6301 3399 4222 7059 2610 2627
10 2531 8774 6742 1250 3782 242 9053 3015 4049 8069
8 3410 6377 1188 8749 2662 6227 4753 6242
10 5881 5500 5240 3759 6883 7944 4573 2798 9669 8054
10 1879 3424 1723 3439 6036 8881 7868 8908 8 9374
10 8086 3976 4020 9263 2241 663 3590 891 1173 5002
9 8189 873 5260 7394 1057 6564 5932 5647 8019
10 2828 2915 665 2857 5176 5274 6303 99 1141 6533
9 1794 2742 6340 6279 3216 1932 5327 8836 1522
9 7849 8277 2967 4744 2021 6855 8206 1060 4799
10 394 8979 1994 4541 1096 3052 1548 7159 8107 9350
9 6269 2293 6352 5170 1639 6226 1811 9600 778
10 6843 3891 172 2706 8799 3763 2763 597 6229 6185
10 5027 5698 596 4256 65 7195 4961 3922 5455 9005
9 7709 4200 511 9561 4221 4730 3312 8145 685
10 7188 8715 7934 2505 7120 1953 5570 5750 7649 1948
5 1332 3572 9795 1880 1545
10 4475 8548 9524 7633 4685 9697 1401 2096 5058 758
9 7064 7585 4115 1436 8793 34 3472 1935 8001
10 8213 7428 8653 7309 1448 9193 6691 4668 5388 321
9 6912 6526 6491 2648 6692 4612 7427 8279 8874
9 8787 892 9625 3669 1695 2381 2266 3571 3723
9 3697 5710 5756 5279 4654 2237 3118 5949 6819
8 4536 8447 4520 5664 2242 9588 6207 2983
10 6656 6068 6000 177 2846 2437 6086 7299 855 4488
8 1227 1778 2122 4942 2522 7728 5048 4823
