2 6428 1566
3 45 2396 1448
3 9475 6925 357
4 6198 9130 5423 5701
5 8103 3353 2304 7625 8413
7 6599 2711 3950 1644 6859 7766 3352
7 156 8644 2777 2037 6995 3541 3631
7 6440 8561 544 3866 5713 7201 3490
7 8450 1187 5113 2570 2212 9223 5998
8 6261 1788 6664 4442 8162 4975 4889 933
9 4467 7313 1140 6030 2664 2129 8469 1545 7076
10 2822 3968 7309 4436 9974 5637 3158 6256 2643 8901
10 5876 4469 7042 5534 2633 385 7046 7462 2116 5972
11 9151 3877 8400 9966 3164 3205 3182 7680 6690 2412 4779
11 9738 8039 4068 6459 6922 1009 7338 2601 4691 3434 557
12 1134 2414 7946 9236 2755 6869 6643 2499 9949 472 2935 8338
12 8033 3562 1247 3302 2573 2555 690 4672 8458 6037 1069 6414
12 2234 1938 7574 8431 3763 9263 43 1433 9425 5490 584 5072
12 835 8698 9791 5914 9884 6677 630 3520 2846 4997 2857 6741
13 9670 724 9992 7979 9956 5448 5079 8911 2542 3774 2826 7146 2523
14 1959 1817 3991 9227 5668 7790 8791 4251 4521 7670 8976 1094 1195 6305
15 1179 8372 8432 1192 3735 6556 1004 5556 3156 8309 4515 914 5956 9046 2942
15 2995 1660 3503 7394 5116 6681 851 6738 3912 4095 359 3175 5971 650 1428
16 7678 3384 6578 4067 817 4784 3001 4452 4247 6711 4869 7035 5519 756 7477 4026
17 187 9594 8657 3640 2195 9752 7800 9310 9289 3908 753 4582 3801 6362 5825 105 5559
17 3039 2146 5532 6623 4 4655 7891 6744 261 4272 7925 8189 8329 7757 4557 3661 427
17 5266 8404 534 5965 3126 6504 9238 3604 5769 7135 1622 5292 7586 8732 6315 2976 9041
18 9053 6956 4632 665 2640 4629 173 2853 4079 2646 5592 9677 2845 8908 4780 8533 7930 8753
18 2734 9960 5041 3339 8833 7769 1804 8423 1326 9634 9526 6976 7058 5775 2047 1518 240 1397
19 2717 3265 6796 5345 9079 2147 4252 5323 7561 9314 9889 8089 6145 4128 9668 9587 1449 7166 3071
19 2603 6330 5608 5794 8282 6278 1236 5580 380 5369 2654 6033 5291 3889 9616 9262 3943 497 7886
20 7849 2163 7096 8797 7699 1123 1165 9864 4745 6230 6385 9815 9871 2981 2527 6492 8425 3239 6159 7187
20 2150 8579 3533 5156 3259 837 2167 9546 3243 4325 4652 6705 2946 57 982 6977 5884 4798 127 447
20 2921 8085 5595 9646 6983 873 8462 8239 3299 8680 9093 972 7377 5716 3137 8087 1 8219 6972 9802
20 9058 3581 4701 1014 4046 6444 5525 5228 4454 5278 8655 8369 7059 2424 4373 3418 3231 6201 5950 9556
21 6430 2563 6214 563 6382 4697 7607 6167 3934 8004 7268 7284 6454 8341 7556 3639 5154 797 6408 2776 4712
22 1434 9696 4166 502 3373 1025 1133 9599 6274 4562 7419 4941 1880 6176 3063 4280 2224 9717 136 6366 2448 7775
22 7318 5524 4338 9251 8327 7482 1760 1865 5296 4457 7415 4243 5818 3199 7692 1598 5531 7353 458 892 5747 1185
22 2870 9054 7984 9787 2756 6718 4530 320 3647 9798 1269 5951 8437 8038 1662 4424 5642 8847 6070 5173 2706 6121
22 3448 3075 553 7581 1560 1907 167 2644 9437 8627 615 3797 3955 5664 8489 4488 8996 4118 4234 4571 2834 2406
23 2368 6227 1468 4091 7798 5082 1612 4298 1541 1620 9376 8862 39 7612 7953 9424 7898 2181 410 6053 634 8987 2783
23 2635 5160 4057 928 273 8693 7259 1344 2266 3234 1082 8153 4914 1642 8254 6998 1828 6400 1078 4850 7711 12 202
23 2922 6021 4797 1909 3306 7603 5714 8831 4134 5090 6233 3277 2887 2682 2342 3657 4232 7273 1513 2177 2533 9320 8805
23 5371 5030 9117 5185 8872 3380 555 1238 1194 1897 1207 3892 6773 3065 4157 6611 9276 324 3924 5101 9633 1629 4625
24 5959 5645 1348 736 8906 3671 9147 8790 2158 5146 6715 2011 6674 7663 9996 8990 8534 4645 725 7306 4337 882 836 7947
25 6056 8546 4794 5462 8950 7383 2569 8442 2797 8262 2558 9090 8755 5869 9736 7491 214 3650 1611 364 809 3930 2329 4881 5392
25 2584 8299 726 3333 4151 8615 6985 5916 3803 2274 6666 2763 8350 4825 6915 9024 7013 4623 303 3658 983 262 1634 6235 2155
25 2758 7132 2335 6482 6150 1631 5610 3741 9362 5802 6364 7328 67 2606 4090 2882 7172 514 8702 1355 1686 6222 6495 2781 2661
25 5254 3198 5583 5545 8083 9115 1994 4231 1420 8638 2083 5440 76 3488 1847 6418 9283 7546 2975 1200 7523 9353 6041 4866 496
25 3183 1377 5503 3316 7161 7845 4309 5670 5223 8874 5384 4032 3563 3798 4713 1358 6380 1047 5810 4528 1877 6577 3796 3957 3375
26 6975 9814 5149 3312 1863 8714 8526 7526 1888 4831 4520 1647 8813 55 7005 7099 6134 7750 2379 9928 7198 4993 9759 6052 8583 1778
26 9822 5955 3119 26 7279 4156 6027 9394 106 6331 7876 2924 1163 9618 3502 9552 2125 2798 4493 9706 6122 814 3015 8061 6498 4747
27 4891 4830 3765 3643 2614 2352 5867 745 3904 5510 5687 9910 2913 9833 4218 9796 5646 8370 3085 2453 3900 4022 4255 8749 8244 6842 8114
27 9191 5703 8523 8356 1175 2201 784 5433 2435 7468 313 5036 9092 7072 6272 1461 6166 9560 8034 7064 5676 6834 9022 9962 3041 5029 1990
27 2139 8502 2793 6935 7707 1260 7203 4137 8263 2303 3508 9545 2370 4092 9844 512 7126 6376 5252 4860 9746 6662 3841 4459 453 9349 2217
27 3636 2830 7787 1407 5109 2049 7842 3669 888 1797 3565 452 5694 8538 1406 9091 4883 4838 9776 6759 6894 4073 4108 1279 2105 7885 6730
28 8725 8184 9166 2916 2293 5724 232 3090 5390 670 9260 1899 258 5162 5993 8630 1783 3927 4103 6058 6023 1251 3221 7602 181 7090 5178 537
28 2446 2091 4390 6635 5855 8277 4553 956 6979 9006 7955 3986 2188 6206 3759 5767 4902 6146 302 7635 6346 3115 4427 4741 6717 9778 2493 711
28 389 3240 4060 108 3268 7147 8991 2637 2027 8042 620 1309 1389 239 9118 559 5652 6384 9624 6336 6870 4308 4971 3706 8343 3734 3901 9343
28 5482 5233 8654 6416 2350 571 7185 4828 6615 1477 5023 1861 2610 331 2944 7363 2872 6204 2447 3880 3999 6259 3861 9221 2248 5398 5717 7063
28 3187 2648 7793 3260 4219 6005 5126 8111 1012 848 8689 2100 310 9370 6508 5006 9325 9734 6050 8495 9386 3509 9550 1978 5864 4532 1484 6596
28 4611 929 5245 2693 5566 4573 9856 6099 5772 2832 6412 6918 1988 781 1761 639 5268 7514 1789 6120 7372 4102 9379 2953 2264 8165 6240 98
28 8172 750 7235 4318 6620 4009 1042 513 6538 4885 5119 3402 4136 3241 9279 895 2287 9040 4321 4787 5625 1902 708 1374 566 3760 1345 3876
28 3060 3756 5756 2263 422 5251 3722 4282 2489 8783 5121 7032 1915 916 3974 4368 8713 3576 6724 5841 8580 8030 6467 6040 2422 6012 1522 9558
28 820 4759 5952 7120 9636 3536 62 9585 2613 5935 4334 6893 3982 3686 339 2010 6438 3799 4596 8643 7685 9275 4620 7583 8736 8077 2620 3006
29 8598 804 1734 5031 6407 5086 7086 5353 8256 7078 4888 7071 5000 1489 1621 1504 1114 9387 3602 9929 3252 9142 7193 2476 2360 9576 6358 3106 1868
29 719 1833 8386 7638 1745 8765 610 8968 8506 5434 3398 9812 8552 2033 406 3026 2949 8497 4704 100 5853 3342 1528 9259 374 4196 9535 7537 7907
29 3190 4107 3878 276 9669 2144 2053 3348 6874 2707 7062 8253 1585 4410 8334 8762 815 4693 613 9626 5458 3738 890 9603 4510 1626 172 8132 4978
29 3883 957 314 1037 7084 4391 5671 184 8581 3130 3545 7767 5811 5847 680 1667 6453 7155 884 7141 2208 5469 921 2190 149 8197 7478 6149 7049
30 4172 2156 9868 61 3762 4084 7488 308 8828 8316 5189 4921 8144 5024 877 6156 7681 9209 1645 6678 3245 6529 5743 2579 3947 948 6833 4437 7697 2791
30 7138 1204 3361 7929 1964 1462 4495 2591 1167 9854 2286 7776 798 5259 6337 5947 3672 9297 5899 3615 1087 9000 7904 9610 8622 3081 7616 4580 7294 5644
30 9392 9194 6600 2205 2506 1562 3881 9565 9495 8993 8944 5304 741 1459 805 3477 6629 4033 1781 8259 6394 7160 2486 4075 5180 4681 7730 5593 3872 9481
30 6933 482 8543 2482 9175 7177 813 7988 1525 1871 5382 5647 6814 832 2576 9299 369 1050 3293 6083 8800 4142 7269 1153 4362 88 5386 6573 6564 1993
30 3016 2381 1437 1818 3518 1239 163 7944 901 3167 5070 3484 9051 9303 143 4851 4335 3574 3884 9266 2974 4606 162 9146 9433 8802 8845 2572 6217 3048
30 6507 7229 2332 288 9735 1961 1076 3079 7240 9231 4241 8245 5442 1126 1829 2220 6451 3814 226 1625 6199 4269 2773 8428 880 9523 6916 3779 3769 7460
30 5832 1599 7395 6699 7323 3036 6452 964 9675 1602 7450 4281 6693 2877 8066 153 8610 8972 985 5043 5078 4928 6126 137 7073 5665 4877 7677 8412 3504
31 2223 5673 3693 1205 6748 294 81 3335 9393 3887 1680 4728 2897 5894 5427 3461 96 5590 7217 923 5431 9226 2347 9468 8852 2376 2691 47 5844 2786 9255
31 8141 4581 3128 4803 5298 629 8726 7359 2247 5343 8466 4945 6449 8666 6406 2671 9122 6714 3193 5060 5605 9026 9298 8411 5381 7972 7121 9894 7938 8514 9510
31 5260 4574 5941 9522 4415 5860 4788 7467 8292 550 257 1708 2548 4402 1352 6502 7307 1613 5331 4056 9429 9028 8806 293 3154 8685 1800 6667 3138 966 7899
31 9106 7794 9820 8919 3582 593 5744 9456 3984 9531 7743 4504 6434 394 8015 9177 6545 3837 6649 3162 4853 7504 1534 9013 1297 3752 7281 31 287 4345 2494
31 3117 6791 6610 487 3953 3412 3346 572 3427 4229 1872 1228 7432 1650 8925 2939 1382 2695 4738 1656 9239 6004 5892 4242 6560 2115 7604 9023 4793 6955 2630
31 691 7613 551 1983 4966 8584 3537 1160 7981 2318 7291 1158 6813 7989 3269 1552 274 5394 6494 3261 4439 6383 1388 8079 1318 5521 8994 9613 451 8387 1864
31 2849 7642 548 5942 9806 375 5478 7513 1149 4174 8988 3506 911 8989 5761 6670 5409 6861 9981 1366 9911 5929 7254 4729 8632 5408 3909 5685 6755 4135 5320
31 681 2996 3833 2512 7890 2746 7637 6128 2322 3215 4647 8889 5770 3819 8142 8348 2283 8614 5631 7285 6777 935 9775 9605 2545 1930 6745 3663 937 7194 4821
31 6096 3860 1365 3519 4607 7992 5224 6437 2541 7045 2243 7352 8734 2314 1188 585 4072 193 354 5655 5103 4876 5762 3070 5776 4705 517 3355 3958 4256 3642
31 6781 4634 2785 4214 9416 4227 3731 7110 6978 8700 3229 5983 4344 8435 3585 6398 1819 3567 9426 4572 2665 7797 4041 5992 3257 7717 4411 5215 4998 9697 9799
31 2038 9440 5846 9685 5171 1016 5058 3297 6971 409 5474 2928 4873 2465 6060 8135 8031 6802 5422 6853 7041 4781 3874 1202 459 6769 7923 3601 5507 5915 4789
31 5604 1568 3911 747 3396 678 9302 9477 5512 4413 6188 5412 4316 2818 8007 8148 6282 2312 9551 8827 3372 4554 6144 3626 5140 8112 4984 940 3697 1106 2678
31 6570 9561 4766 8586 9073 5896 6304 7028 9986 5822 525 648 5488 2092 6484 6483 4676 1673 1224 5733 6682 3365 5961 8408 2824 2197 5391 3274 145 1350 8314
31 6130 2191 2241 6475 3612 8439 4627 7598 5315 1081 5068 4774 7958 2121 9010 1719 4839 1918 8155 7027 9846 2750 5656 7562 1031 8770 2498 9347 1801 8240 5690
31 6812 6257 5771 6231 3410 5020 7408 771 190 6160 2835 5964 8335 5974 782 8796 4340 7626 5464 6792 761 2676 4029 5824 2553 4721 1947 5276 3931 1399 1596
31 327 7382 4543 5134 1422 9980 9825 7777 9725 7597 4579 9529 5249 2859 673 7882 5978 2432 6946 2625 9195 8656 1814 3309 7197 9342 5527 205 368 5361 5674
31 701 625 6729 5537 3524 4018 9831 6036 8649 7629 4679 4293 8931 5198 9824 5067 3897 7622 398 8233 6788 4854 3497 5452 5305 7074 8247 1263 7319 1851 9527
31 1826 9246 8177 7752 9702 309 5522 7878 8249 3678 5659 4544 3846 5438 3393 2739 5565 9066 762 8291 1201 5094 9638 4484 7139 3948 4936 3173 4890 2456 2504
31 333 8246 6879 6463 4034 721 2138 1770 6919 9436 8122 2943 4565 8752 2973 6433 6841 2216 7808 5980 6020 5563 7686 1827 2597 7052 5795 1820 3072 4956 1627
31 5634 8607 9366 4870 2145 979 4942 6866 2728 468 3166 5584 778 9311 2657 5426 758 9513 5399 6695 4686 6219 7530 8344 3498 9291 5985 2501 5859 4585 5033
31 8854 9446 9942 1139 8540 5066 8293 365 1411 1679 3850 5096 2382 8661 1223 3271 7763 3535 4648 2988 6875 4285 5607 1529 1311 6141 8241 7156 951 7066 8194
31 7674 5147 687 2933 676 8910 4903 185 1707 2175 4726 3494 5791 5118 7043 6450 4109 8867 5003 4498 4991 3017 7302 7665 7967 5158 4138 8895 7008 5897 4977
31 8980 9360 9460 8503 3844 3680 7149 8365 1657 987 7190 6574 2020 3095 1046 475 2326 7630 5628 7510 6685 3964 6243 8635 316 1375 4381 4346 2123 2968 233
31 9581 5325 1196 6864 6973 684 7572 8737 2679 4931 3813 9593 4266 4132 1661 7493 2278 4051 8321 2420 6691 7821 7920 5437 1500 7601 1305 2088 8105 5953 9941
31 5835 1415 8125 4769 5207 2358 7016 9184 3821 2001 790 4732 5106 6352 8842 7233 2193 4800 5419 307 7582 1561 6886 1953 7461 754 9112 6377 3101 5365 7134
31 1711 9445 7569 7331 6374 7485 9537 5446 5302 2624 5856 1724 1524 6719 4161 1142 3458 4149 3253 9162 1582 7716 728 1018 6909 2405 5936 5430 9615 6639 7774
31 9145 9764 4754 8566 1398 8701 1095 9315 7927 8904 9548 199 3453 709 4045 1530 8283 4492 4836 3222 2650 6984 9333 6679 4012 37 4666 5032 8986 3580 9204
31 7833 1752 1040 3385 6910 1985 1677 4015 4205 5074 1218 8214 8769 7846 5450 533 1713 7737 595 8156 463 3178 7085 5025 349 9978 8803 9244 3024 4923 7540
31 3425 4260 9913 5472 4777 9907 8711 7117 7392 565 1074 6586 9057 6612 1418 3514 254 2484 9653 7225 9693 4731 3270 7452 5184 1685 3859 2828 8317 2213 1793
31 9832 2517 182 5237 6275 1715 3703 402 6854 9220 3144 8623 4689 7589 2645 3747 611 8960 3184 8367 1748 3357 7137 8157 9950 1337 6828 8830 9767 3038 3531
31 586 377 7448 6250 7976 304 7022 3997 8076 4588 4163 9482 5405 5579 7623 210 7124 5037 3596 646 6314 8473 6194 506 3483 8363 79 4619 2915 7841 9969
31 5455 3288 6245 6168 3811 5416 740 883 6764 8182 8877 5064 2184 1144 9 8560 3677 8139 8480 8271 847 4491 2002 8951 942 2427 2862 6637 3074 2585 7348
31 3440 7006 328 4099 3295 5436 5901 5138 6218 5183 5055 881 4284 8722 2500 7012 4146 2692 7585 9345 8496 4208 3624 8531 6702 2250 8695 5586 2789 4526 3107
31 7320 2198 9037 3618 8699 2036 35 6244 3195 9658 4292 1000 5289 1490 5808 9935 8688 8401 1033 490 9294 4668 9373 1501 4265 6293 2211 3311 1891 7805 1298
31 9351 5801 9104 6970 1049 5868 6618 9235 36 2843 1849 5501 9855 7312 2632 1451 1496 2697 6326 4475 6140 9656 767 8888 8739 5009 8146 3457 1270 5779 7260
31 1785 1824 9336 6402 1505 1515 9242 679 3745 5821 8013 9839 6849 8512 6457 6338 958 2740 2806 7133 1884 5421 5004 7204 4267 2065 3938 9030 637 7654 849
31 3660 816 188 4458 1152 3283 4694 3644 2310 1120 9973 9110 7554 1796 6291 8871 2581 7081 7813 9017 9401 3965 5684 1232 8965 5342 2844 8658 9438 4963 9837
31 2772 3827 5984 144 3417 2768 1138 8679 7748 4370 5508 2062 8892 3849 4098 1726 7779 4438 7292 1565 7710 3768 2196 8065 2336 7595 8708 9045 6161 9403 7559
31 2440 7545 5492 479 2965 4250 4096 1222 743 5975 5397 6318 2397 9158 7290 3723 5758 618 1973 599 4886 9137 9574 5922 5709 6499 2478 8880 7729 3403 8465
31 6340 688 5889 7636 5612 4248 8594 1342 1821 7390 9363 4990 6310 7247 1879 4776 9823 6306 2070 3737 179 488 786 4569 8838 1995 7705 5548 8236 8768 2611
31 7782 3832 9257 6928 2048 9761 5499 8454 927 1310 3313 9012 123 1262 6253 7431 4112 8667 7823 500 5616 5494 1703 7169 5589 6260 3649 9828 4461 6974 1508
31 4182 6982 7015 7335 8273 4165 970 3326 794 5838 1360 2891 1172 2390 6945 7831 3470 9893 588 1743 6469 8452 1922 3823 6239 1716 2203 4695 9869 3540 1177
31 7277 7205 5324 9797 4529 3266 2359 9272 6470 219 3105 3315 1747 5063 9261 4637 9570 2290 2299 4924 1043 5871 5888 6840 7490 4222 5261 3906 3404 5042 3436
31 8044 8669 2874 1036 7151 6211 2058 4350 8251 8486 2802 7466 7785 5108 3806 7859 3616 2043 4191 7943 5920 2172 9245 1658 2392 7505 4688 9064 5317 2249 8395
31 9141 7047 5973 9732 7985 6348 6049 6112 7592 9499 1423 868 4952 6386 4602 2970 1122 6953 6725 759 4405 5271 4536 2089 2025 6076 652 3607 2273 5551 7641
31 3155 4980 9584 5815 9817 6421 5693 541 5739 6740 2230 4818 2355 4599 9448 4761 7385 2727 5098 1246 7070 6803 5143 1646 1731 8788 4615 990 3467 4707 5269
31 493 862 3681 3921 1325 1575 2057 7872 8517 2960 1096 2760 4002 1097 1314 3152 4080 5541 507 7003 774 154 9132 2421 5341 1538 7770 4384 3349 2215 5486
31 8078 7855 3258 9755 6284 9937 4278 4969 4953 2415 6697 7122 1214 2017 9455 7844 6075 6180 1240 9480 2192 3097 1475 8014 7512 2964 20 4981 1255 9841 6413
31 8858 94 552 9699 4560 9625 5796 3151 243 6675 1431 4153 9497 4985 3382 2369 7515 4525 6965 8304 5444 6349 7303 2875 9948 4366 251 7223 4548 6650 6164
31 5588 9688 2890 4802 5826 215 1282 2762 4185 2788 8325 4435 4892 6728 7973 2464 6968 5539 2087 7433 6604 8048 6642 5872 6899 8542 8110 65 5774 1001 9982
31 1408 3210 4259 6258 8261 1795 3847 6395 2194 3304 8794 4443 8824 1280 8814 6696 938 5040 325 8107 4987 4206 9062 520 607 714 6709 5285 3030 4254 7911
31 3873 1387 9695 5881 5263 8549 3242 7347 3430 1555 2799 3286 292 1176 863 6426 6698 2341 6124 3852 148 3397 5933 2669 9450 5337 6784 7741 5960 6680 124
31 9601 7566 1956 7648 9129 2401 2106 1340 3192 4263 3835 4844 9809 5080 9185 3096 8373 4496 5957 9726 807 2688 6196 8287 5225 3848 7521 796 7837 7806 5707
31 3216 1030 2442 4937 7442 1659 8281 5596 5274 1610 4262 1493 4212 9250 1721 8621 4845 101 9405 1190 19 4333 2461 9859 5300 7342 8002 2385 2143 3918 7756
31 3491 2766 5334 6655 4455 919 6731 8532 8377 204 5429 3603 3454 3246 5909 8124 9312 5487 7181 6958 438 6937 346 217 9819 9953 8637 4762 3161 8216 7341
31 2098 5535 8927 7458 4926 5945 1373 9745 141 5235 5749 38 6098 6646 4578 5727 981 2364 180 3007 6035 8930 5264 5518 372 5629 77 7968 9383 6561 7936
31 4904 7179 4170 7922 8613 6912 1055 1245 1127 6572 413 9087 8106 9490 2082 7725 3250 5187 9647 1903 8817 9105 3230 3133 312 2063 9208 3583 1540 6969 8629
31 7851 1143 3534 2715 7650 4005 1093 1151 5053 3675 373 7802 4823 8352 9411 7167 8190 4843 1950 524 967 3296 3413 4000 8169 2491 717 4841 8928 6264 7534
31 2600 773 457 3679 1124 3716 5706 3528 4465 4388 5059 8878 1742 6993 2413 4120 5546 7912 8023 7684 6589 1334 3206 7567 1443 6248 2731 8750 5372 8443 8696
31 7080 6557 1339 6155 1059 6876 2295 4394 1485 789 9919 7906 9072 2577 7077 3108 6226 5880 2792 8984 549 2861 9114 2074 9004 5359 6818 8776 8743 9555 1651
31 3592 474 330 4239 4400 7723 1229 134 4724 1219 7610 3825 2825 8248 125 751 5737 7221 3325 8537 4441 1356 3032 1570 5981 2638 6356 6008 8070 9330 7215
31 1579 8896 4122 5675 2860 8697 7406 7054 8460 1193 3637 4374 6456 9278 3377 2540 1488 9169 7210 1955 3666 3140 7293 3572 8308 442 7411 5526 8941 825 5638
31 4523 2607 528 3149 9836 5705 8368 5170 9848 8723 8511 3431 5018 7157 9672 7088 9598 2245 17 4842 9946 7940 2240 4462 4155 4593 7544 7856 7801 6810 900
31 4115 1492 4568 1860 1197 4175 343 2748 1306 9870 392 4047 3020 1972 2967 1137 3978 830 5989 7961 1400 6373 8467 8126 8160 7524 9805 677 4257 4708 7272
31 4119 4494 2330 6871 7109 1264 8500 6522 3465 4264 2909 5533 6585 2833 58 5346 3067 5447 4541 7208 3466 562 315 4324 7619 7868 2311 378 5375 4339 3386
31 9180 3720 9591 8118 1024 9096 5052 6686 8349 1370 5222 7039 7830 387 2165 245 3287 1169 4010 3822 3916 7874 3338 6636 1669 5660 1981 5650 5928 2957 1637
31 3831 90 7115 1148 60 8884 4302 9485 4874 5502 6800 7753 2124 9280 8886 1063 9617 9683 2910 1471 3690 8340 9684 9176 3542 3219 5275 5787 2444 1503 7820
31 3766 4501 7397 7894 291 5313 4183 5424 177 4446 1290 4533 3290 109 8255 1409 3102 8707 6760 1286 2580 5893 4558 267 2079 5515 7508 4947 4058 5877 411
31 7643 4671 8971 2858 7295 7249 9540 8572 8235 6523 9056 1564 4456 1962 7962 4276 802 2292 5236 9922 1084 9271 8863 1782 7101 5819 4271 4274 2291 8360 6301
31 8544 5837 5475 3560 7742 3347 9329 3854 7316 9339 9420 4657 3131 6780 729 1171 5827 3740 6712 424 8869 2641 5544 3613 3447 9886 5813 396 3719 3472 8392
31 4967 5326 1712 40 1597 4933 3443 1917 8645 111 1852 560 5347 858 918 5718 8168 7803 1073 1684 5061 8704 8354 8075 4336 6797 2938 3197 7631 6830 4184
31 1813 4662 9635 3987 2479 9629 7870 9406 9059 7105 1011 8808 8558 855 861 5732 1221 3869 6288 9779 3337 4233 139 9972 7480 8606 486 1486 6513 869 6835
31 2586 3209 2554 2 2135 2339 4076 662 8000 6584 2055 2651 1618 2019 2551 1636 5746 2564 9671 8563 5034 28 8071 9486 9198 6077 6920 8731 3645 2530 3634
31 3709 280 9200 5153 6102 3757 6816 93 3429 9733 5297 521 8801 225 2056 1706 492 2110 8587 3244 3732 4982 7034 6801 3224 3998 3940 8682 9358 7854 4539
31 1999 3452 3772 3903 9612 5102 8178 9571 4589 358 5322 3035 2539 4215 4160 1392 5378 645 3046 2723 1850 4508 8676 6455 186 8955 5459 3057 7861 3530 7021
31 9861 3104 8434 477 9384 8766 1639 5218 4083 4031 5366 5420 9750 4930 2903 5191 8129 6518 8116 1624 1733 7211 5089 6101 6541 197 1958 1967 5712 9847 5065
31 3922 8653 7031 4650 432 158 682 939 9186 4289 7815 5329 140 6082 5839 2549 3370 8028 2113 4742 2490 1159 6536 9318 8188 3112 7970 3451 7852 7608 8909
31 7245 2765 8678 2228 906 2126 5166 4116 8793 8728 3078 7082 3310 3415 9367 9707 4756 3895 2660 9867 1101 6568 8173 9306 6661 5560 7807 6068 6883 7422 2480
31 577 2847 256 7384 4050 6123 2468 1322 4385 2892 5238 9575 9116 6429 7588 2982 8175 7206 4085 370 8403 658 6047 8456 8929 1454 3196 2737 6442 8268 75
31 3516 1595 1768 5129 434 7180 8257 2771 6436 6296 7847 7275 1960 9365 4925 3786 2187 4106 8900 2164 8161 6468 5363 1989 823 5677 3014 5256 6821 9544 8009
31 7136 1573 5195 2876 2430 7436 6500 1898 3905 8476 7614 6287 8861 924 6044 5202 6786 2445 1581 3031 3394 944 118 3676 9508 692 7788 7804 8374 5418 7722
31 4114 8961 6200 6003 3331 9719 792 8897 2470 4577 5514 1548 3721 8938 1936 8787 6644 5958 1780 6967 4649 748 8280 8449 5234 3045 1396 7731 6271 5930 2659
31 8786 3704 554 9304 9120 7144 1674 3619 9324 5425 9690 1166 223 3622 7696 2348 9050 2111 1640 705 9944 7547 9048 3469 8179 5702 6490 6673 8585 764 4915
31 6613 5130 4757 6493 780 2137 2429 2242 5176 1132 5530 4519 9218 5451 1294 1353 86 5484 4847 6527 7398 1065 7913 897 6602 3351 9285 617 3589 9918 5208
31 6042 9740 3937 3324 9382 5949 489 6057 6547 3785 6185 3670 527 954 2817 1453 2475 9427 5389 8016 4301 7446 5902 2363 1857 9074 5196 4735 6776 1268 2367
31 7653 1130 6461 3005 7867 4286 2439 7441 7317 9885 594 9689 8611 249 7346 4855 733 3971 5651 6195 9801 5979 4013 8202 2437 4959 7542 6311 2400 6390 7652
31 6885 7297 5934 8120 2767 443 7087 2745 74 2132 4040 4223 8821 3879 6749 2032 8860 56 5692 7350 5335 1332 5663 7389 3374 8747 8935 8195 1916 7978 9154
31 8424 4349 8740 9459 6445 7980 393 1784 5760 1304 833 9857 5768 7300 4617 4471 8295 6302 8313 7832 1970 7170 1979 7892 9348 5996 3547 8893 8037 2809 5987
31 3875 8545 5528 1862 1250 8250 2018 3103 8518 1032 168 1215 1003 3926 5330 48 6539 6807 2492 4911 4670 3809 469 7339 9301 3141 730 1385 4674 2668 6511
31 526 3076 6265 874 1421 4636 5368 4621 6312 5277 9562 1168 7596 7701 3568 7265 8759 9140 7231 7447 3550 1284 5364 1110 7897 6086 1266 4895 4643 2634 9770
31 9413 4922 8934 5997 4386 3122 6566 1998 9240 7038 5603 9127 5661 3094 2534 4317 2757 5248 6343 4187 1379 2277 7274 6254 8647 8203 3354 6988 7966 9015 3517
31 1808 2698 281 8003 3954 9322 8381 5157 4117 4306 8652 9412 4100 600 1029 9359 8051 7834 6387 2131 6555 7571 9840 4342 10 9124 547 575 5432 7178 9914
31 5014 9157 5209 5377 8053 4718 4093 4566 6793 1007 4204 84 8844 9434 5265 7199 7200 9469 9998 3621 3976 3935 7266 6723 1005 8174 8018 5491 8270 845 6441
31 1717 6543 8170 7219 2141 3610 8417 3486 9619 3683 1694 3194 3975 4425 8864 3401 4113 2972 7570 5463 8208 2733 3223 712 6273 1790 2866 5734 8574 9296 2681
31 9168 9443 4994 9891 1608 4408 8957 3040 1802 9308 5547 8859 2076 428 5122 2837 6432 6621 440 326 97 7255 7113 6420 9905 3510 9934 6798 1727 7399 6804
31 3249 1942 8227 7698 9095 6767 3667 6359 5253 1532 2509 7195 2148 8686 5015 9390 9757 6079 4453 5799 9516 3969 2621 7905 4319 7618 1474 2848 2059 6038 6246
31 8220 9038 3656 5127 7986 7667 147 9439 926 8974 1683 8008 1919 5874 2428 1517 7558 6396 1231 244 8703 9578 4445 2619 1900 6431 2718 3207 1607 3059 7688
31 9049 5383 9441 5669 5333 3411 7327 8328 8154 3532 3362 8943 5395 3685 3132 4213 4934 2653 4865 8199 6571 7226 7454 1481 3586 1714 3936 5471 5970 518 819
31 3387 6488 3972 3781 7543 8663 9494 1904 3882 5900 332 3055 8145 259 8137 4351 9197 52 9070 7732 1164 4225 9715 9691 752 5538 581 3092 6496 4965 1911
31 9159 8394 1842 598 9076 9708 5682 760 1882 4900 5035 2052 2780 5691 2761 6692 3400 2419 4534 8444 9005 2543 2159 5221 7799 485 5725 4913 5374 946 2994
31 4078 7781 8399 3099 9621 4677 4948 7866 5439 7703 8055 4019 8616 5854 4748 5752 7909 6334 3790 2271 763 8612 6805 2503 2612 6907 7463 852 2807 4235 1363
31 295 1359 8870 8875 5910 9258 4858 4377 3780 6277 3336 7345 2705 5219 5093 9547 6594 1537 4035 5986 8525 2787 4744 9879 5657 640 8846 8953 578 1653 2497
31 42 3782 416 3044 3150 4628 6779 7896 8036 2989 3262 6672 8899 2977 1873 1830 4815 8210 4752 3539 9237 2361 988 114 9903 9557 4228 9423 9573 6952 8670
31 175 8121 2954 1590 6790 9777 971 5759 1836 3086 391 4401 564 8115 4743 4277 4207 5295 247 1058 9897 9234 7391 3002 8302 9032 2627 1015 2031 8819 419
31 6423 3025 1805 7982 9123 2236 9909 4358 1730 6567 4062 2426 2044 986 231 5786 5505 9525 1336 7357 342 4211 7736 3165 3688 4369 3988 8305 3474 6142 3748
31 8995 9692 8710 2012 2239 3292 8634 5850 8914 1427 4489 7672 3416 3584 1103 6175 2979 7676 6249 4653 9432 3736 1663 6517 5624 2926 1404 103 7371 2901 6405
31 207 9718 3701 8625 4710 3275 899 9622 8389 4055 1189 6707 529 9287 376 9326 6350 8226 2174 7093 7826 5745 2471 9496 695 2328 7396 4872 7764 3422 9958
31 4935 5388 8492 5112 2578 5726 5912 5010 6562 3865 9835 9979 2923 6809 4420 4669 7212 5239 1584 9144 6247 7627 6108 8010 18 8823 5882 9774 6722 3829 6576
31 9014 8948 4765 9930 4715 4192 473 7915 420 7745 7942 4168 334 7308 5048 9931 5662 955 3125 7314 9807 6131 4816 4651 6139 8535 7746 7951 2895 3857 9700
31 7418 7186 910 7244 1080 785 132 5742 2680 4432 8330 3606 5803 9043 6996 6742 7196 1088 3432 2402 6270 9102 8881 7301 1974 6022 8100 4380 9094 2386 7917
31 2851 1831 1531 8778 3620 6520 2154 6752 1253 5700 6069 7000 5137 3303 5833 3753 9292 9659 5272 8113 5179 6934 4772 2443 7977 5946 509 7214 953 4685 697
31 102 1512 1285 2459 1053 5797 8176 1440 2161 2919 7875 1889 9187 799 8436 7310 3662 5199 3327 9730 347 6372 765 6316 8323 1347 5536 3120 8978 9410 4275
31 78 8183 4951 429 2253 2166 2346 4472 5887 431 9921 7706 1319 683 3700 7587 2888 4610 4654 6964 7956 2073 5145 4912 9335 8527 6415 9765 2380 9995 5823
31 4768 2713 5136 1976 7579 1217 7361 250 5748 5843 1837 4564 7560 1321 6026 7893 5982 4740 5393 1291 829 7535 6825 9205 8706 894 616 8582 5698 1665 4678
31 7584 7639 1330 3698 8234 9590 7719 6902 8848 5293 1749 2474 4696 8332 6345 5804 4434 6403 2899 8671 1116 5283 7954 7687 8433 4608 8117 8416 5621 9782 5211
31 9888 6668 4773 5247 779 605 1300 7379 383 6630 3742 9089 3174 9068 6892 693 9400 9999 2229 3776 3751 5858 3750 5243 195 6838 9788 9586 5845 1946 8799
31 9435 1539 7439 1410 4622 4739 4323 7751 9415 974 7472 7863 8507 6010 8149 7656 5622 8773 8804 608 246 8212 3523 9849 6981 3729 1333 4224 3970 4767 7887
31 2209 4949 5197 2599 1554 2701 2840 3871 8812 925 1256 5279 4906 8482 3003 5104 3961 6768 9487 6863 6064 1026 1617 5088 5380 3687 1119 9080 1323 3159 7162
31 1574 6897 1556 5115 7575 238 8754 3281 2289 5704 1668 3298 2389 3543 1498 8490 4727 6104 3824 8300 6193 8735 3862 3521 2978 8777 7192 4561 2371 1551 9932
31 306 2086 3630 3694 9454 8575 3783 2531 1354 8588 7409 4687 5281 9458 2730 1413 9564 6353 5640 8973 9644 8021 5576 2588 7857 2046 1543 5926 6435 265 6632
31 4189 9213 5653 8717 1558 706 2258 5587 1777 4110 2068 4440 2699 2004 5962 8422 6119 9419 3594 9611 7241 1090 8923 7659 6799 5764 7518 4954 6404 7568 470
31 8946 9662 5555 3919 9273 4587 4730 5506 22 1519 59 2050 322 3136 1553 8475 2256 4522 1502 2022 3485 9341 8357 298 1841 9069 2505 1601 9580 8879 2149
31 934 7175 3899 7552 7367 2394 5201 6286 5911 4641 3608 1557 8659 1544 7298 2151 7378 9295 538 2344 6949 7971 8557 1129 828 818 8712 2904 9731 7270 531
31 7426 7337 2365 9352 4249 4001 704 2774 5105 7671 6531 9908 5766 9769 3034 6895 6930 6617 4070 9530 1075 5807 7311 1331 6593 2812 5110 6074 8744 2879 7577
31 9189 1925 2152 350 2186 9462 1203 9183 9457 8211 8358 6252 7838 2790 7258 4312 9794 6884 536 6827 3788 5866 4859 6848 3995 7683 6059 166 6633 5851 4659
31 1141 8364 7402 7864 9190 7957 6727 3625 7660 2176 8602 7811 9007 8278 9217 9453 9483 5741 241 4763 348 1476 2764 7933 932 9924 2537 4197 120 2561 3143
31 3042 2550 8415 3659 1737 171 4307 3858 9044 8483 5314 7387 1034 8826 4011 99 3343 4570 2321 3718 9532 2081 7451 7902 5286 1951 7991 6303 7470 3913 1635
31 6229 9031 9361 9933 1429 8418 6622 2908 4145 4500 3794 3146 6510 1701 3828 3180 9830 1117 8119 7127 3445 2831 2102 543 7486 4105 1762 390 9971 2810 3810
31 4466 9887 3460 4327 6410 1923 8006 6309 4880 4483 5781 1329 1436 2686 6544 920 7564 2485 9567 3433 7550 6034 8209 9652 3910 3800 7791 7726 5736 7533 6216
31 4052 436 2000 9042 4186 7715 2920 9898 3100 2689 4684 6191 9466 3011 4288 30 1832 263 2488 4451 4806 4253 9206 8252 9813 8555 6136 9422 788 2016 9418
31 1048 7606 8903 2399 8193 2873 1131 4487 5084 465 4124 8047 9372 3705 580 4365 3605 3204 8041 7262 7634 5620 7017 1966 5445 7644 9143 1446 8640 3334 5666
31 2805 4447 9743 7060 5968 1257 8924 9943 793 5523 7484 3191 8455 6811 8915 2869 3301 7236 8396 9896 9512 6019 8101 5358 661 455 6002 2959 1672 9109 85
31 3423 596 1807 3598 3907 5654 5683 5303 9990 7580 8224 3548 5282 6388 6716 6706 388 5013 6689 2941 8 827 8748 2655 5120 6534 7413 4680 8353 126 3952
31 6950 3492 7871 667 9899 6657 8933 0 7111 5071 878 5327 5352 1952 9008 5477 2034 335 1450 9758 2898 7786 1072 5190 7360 4884 7280 4600 9444 341 4188
31 5919 5097 8026 4909 6351 7430 9504 80 3037 3784 4856 9793 1405 4081 5994 8550 4819 386 5816 9676 5047 1696 9313 2199 5575 9020 2819 5678 6094 224 7368
31 1572 3632 5903 7253 5456 6844 3091 6446 5862 8289 2931 7400 5834 3629 7919 9609 9810 4555 4609 5931 742 2958 1041 9631 8985 8032 8081 9927 9388 1738 6065
31 3153 3171 4807 1275 653 8966 9229 9395 5312 8238 1233 9654 3127 3368 989 3963 5730 222 7143 7495 5602 7814 4563 7895 8742 8520 8782 574 6371 9724 7492
31 6392 7511 1704 6092 7116 4181 6411 975 5878 4864 4822 6862 8448 3923 213 278 6530 4059 2333 7964 2827 4939 9682 8485 7754 4008 9900 3148 5489 8167 1921
31 4960 9727 7251 4535 6563 504 236 2136 9084 5355 2078 3058 9249 9233 5820 8882 1456 2568 1732 1806 5923 7749 269 8427 2883 9766 9517 3668 1027 6663 3818
31 8097 159 8166 7969 1600 5051 6710 5784 2142 2947 9375 6183 1920 8775 8883 604 7795 3043 7425 3248 46 6095 1514 5319 1633 4320 7164 9474 7997 503 4300
31 9371 994 9202 5553 3367 3733 5022 996 530 230 7761 9029 7941 8345 9207 4167 7778 4509 2929 8054 9614 201 5328 296 9661 1580 2093 5849 2467 362 8618
31 1769 8730 1746 7449 6177 5144 2375 2334 9491 9153 6263 7108 7443 3695 922 6147 9852 1161 6039 7168 3566 3597 8430 5011 2483 9065 1509 8060 3279 5284 4916
31 152 1846 2069 3201 9967 4983 2391 8620 4190 3254 1516 8284 8691 2463 1482 6072 3886 6758 3419 5927 8795 8570 6855 4121 6911 6339 2709 3168 371 6587 5738
31 660 4805 656 2169 8936 1293 8865 9753 8322 4736 5793 7771 1371 345 6399 270 3599 1376 7189 1591 4513 1569 1699 1506 8243 737 6327 1010 3468 7153 6202
31 6808 4303 9568 69 9397 5783 6551 9892 2064 5568 9067 1395 1320 7620 6757 264 5731 3890 4706 9749 1901 2366 4849 3023 7998 3098 8979 5729 8290 4037 4576
31 4071 3179 8952 7191 2353 2775 1412 8577 8005 9270 2513 4882 8939 6024 643 5842 6565 7500 6045 7333 1940 1343 1381 9377 7666 3493 6660 3979 4353 9860 8385
31 6424 8383 5069 1520 6237 1681 5348 174 4348 3176 21 9983 3839 8390 8279 4332 4549 7437 812 6775 7095 8301 7862 1372 5719 9034 7386 5918 9152 8470 9741
31 5057 2297 6857 8052 5244 6322 1547 8488 2983 2538 4898 1002 6378 6187 628 6100 5479 64 3885 4595 8098 401 9086 2529 1527 8672 5549 2911 4512 6598 2288
31 1587 8472 9747 3914 9150 7773 2710 2744 4341 290 8894 1825 7370 6951 4813 5114 2315 8029 1578 9701 7366 7599 7469 7445 6209 7551 9134 3653 5591 6061 7502
31 5046 27 8073 1051 7232 4355 6519 2337 1064 576 8258 4127 5852 1102 7112 9712 1887 9674 8866 1480 4846 5623 6109 1912 4979 4287 7617 8596 5789 655 9478
31 8849 1125 6888 3476 5400 9097 930 3556 7163 5976 7473 1045 4428 4511 5720 6624 4328 3928 755 5708 9521 2816 8136 8962 5039 5615 1765 1022 8771 8180 4331
31 9111 1191 7695 9632 3702 2912 7910 3203 3544 2061 5904 3392 4667 133 178 2077 7888 9021 2886 483 5288 1984 7182 7224 8690 4927 7152 2345 6320 3285 2338
31 13 9248 7475 2305 7416 8072 1996 7393 4025 4527 8668 7334 1935 1147 1774 3463 7758 1225 5340 4399 279 9663 9479 6694 4505 3369 5805 7089 7174 2936 1154
31 6197 5944 5966 5632 3442 6255 5351 7296 4044 9178 8131 7824 8721 7388 8807 1070 131 297 1623 4372 3967 5626 3593 7465 2340 1786 2094 9113 3008 283 8636
31 4764 3235 68 2971 3 3851 9467 1368 6559 5763 5601 7939 8536 2589 32 3888 4614 904 444 9920 8692 3749 3561 5792 735 7453 2054 9398 1678 2804 9307
31 7937 4397 9075 4896 6516 1430 1521 6994 841 3340 7336 1754 907 6486 4862 700 3213 7733 912 4133 1729 8600 6391 8326 9977 9667 415 2907 4422 9873 4171
31 9714 5557 446 2244 5181 9678 4514 8718 2917 9737 6357 353 5828 7150 2759 9355 1606 6009 2227 8056 4159 5165 7657 9374 8902 9878 4973 8484 9829 2956 9212
31 4974 6770 5213 3855 8063 9549 6826 9795 5406 7835 6989 6590 5689 6192 7739 6846 9098 9103 9709 2726 7098 4203 8275 5932 3996 4450 192 8916 1327 5991 6787
31 3590 6152 9756 4279 1267 4393 5619 6817 4758 1083 7816 1799 1695 8426 1914 3692 5026 7218 9534 268 6043 6608 3980 4463 8556 3111 9642 8272 3218 9838 582
31 602 2351 4088 6363 5151 9241 2301 2450 1725 3069 718 6648 2276 5817 3944 7924 6111 5174 5212 4086 2449 1234 2356 4403 1112 4664 2567 3421 2814 7655 7364
31 9321 8339 6151 2469 1465 1588 3949 8873 9853 6515 1643 1723 7429 3771 6836 7075 6653 381 5672 9597 4770 6458 160 963 8940 889 9148 2357 8784 8307 2084
31 4141 3181 4238 3867 1776 6242 8375 6369 4545 6276 8917 8562 3134 7549 5027 9716 6607 3319 8082 9641 9230 1008 1362 7600 4468 9082 9705 1288 1638 1954 6014
31 7576 9288 810 2940 8530 6822 8834 3170 8441 619 5597 6651 3314 1056 2171 9877 2387 6850 2133 2045 3428 2932 4024 2117 808 9170 6013 624 4268 2267 1648
31 570 8128 5721 1822 2906 8108 2298 2232 4017 1883 8617 8296 6085 5600 9381 2006 1736 4470 744 2602 5697 6605 5141 8905 826 3842 6506 9991 1184 4635 5723
31 962 6980 6595 1772 3707 7621 2609 3513 3341 2722 4833 3507 5290 9081 4918 3920 2206 3820 2307 4023 1649 1945 3689 3022 7019 1470 196 8792 2670 1212 7417
31 7883 7539 1491 2472 5598 1969 6634 4356 4575 7024 8391 2986 7007 710 3061 9344 9214 5056 2173 6054 5194 3093 3307 3655 3838 3727 6533 4352 4940 2952 5921
31 4065 1312 6640 1100 1890 6481 9955 150 9781 3388 2097 384 4612 6941 1401 7238 6323 649 4162 6734 5362 2035 7145 1586 8836 978 1227 5092 8187 8715 4347
31 5465 23 8850 6117 9751 7679 6658 3587 2525 597 1986 4021 4658 4919 9334 7044 1876 5242 5385 5750 3600 9319 6116 4209 9201 9524 5711 3652 7926 6732 2518
31 7633 8504 8143 3322 663 5542 3225 4387 2477 8912 8628 8191 3834 8639 539 7102 8982 2945 9528 2592 657 3843 9744 2162 8088 9277 2510 2008 1473 4097 9784
31 7662 4474 7496 8624 8204 9963 1198 6393 252 4785 7305 7935 9628 7001 4417 4177 1536 8319 481 8608 1757 6700 7140 4210 1811 4042 253 501 7772 6898 3708
31 8099 4246 2649 4217 229 1604 2622 6205 2403 4158 7257 5309 3356 4382 157 1894 3129 8519 6110 6232 2696 9926 3691 5785 9637 3527 621 7261 8298 7165 2254
31 9488 3169 8977 130 9033 5360 703 2238 6944 6795 1104 9247 5441 189 5132 5540 6851 1848 9174 3773 5099 2628 7250 9108 6751 3450 7100 9164 5216 2296 8694
31 4753 9589 8080 9019 4910 4867 1854 4550 4004 1971 7037 54 6948 2354 1968 1068 4814 211 7410 4357 272 4216 5339 9680 8393 3459 4702 6028 2985 7315 969
31 7914 2090 3051 3951 9268 7728 8746 4273 1767 8123 5906 2040 8604 9135 568 9729 3073 3013 478 8379 9566 1775 7092 3627 4790 856 3717 587 7965 8932 5193
31 8346 5467 6294 8464 7528 2218 675 117 200 9442 9842 8505 9179 1261 9002 3495 8288 5081 2270 9511 7325 9519 317 8853 8045 1254 6169 2716 5257 8631 4964
31 7148 275 7380 6474 2930 8937 8727 8673 6550 3320 6609 3273 2262 3464 4723 9595 5924 7932 5357 8198 9171 1357 5995 6926 632 8779 2275 1071 7004 8265 5453
31 3363 286 5886 7724 3177 768 8410 209 9954 110 8499 7068 2720 412 4829 917 4378 6940 6487 9085 454 3787 5172 7055 2796 4746 6867 2544 1697 8683 2388
31 4322 8440 7173 8745 5226 3118 3033 9936 689 3648 9771 2808 3147 8371 6208 7171 3939 8758 8269 7632 3077 7 1843 5649 4270 4631 6704 3328 3366 9431 973
31 7427 405 4751 4717 1178 9721 941 8920 3711 2071 3330 9502 1085 6701 1892 6904 1571 2231 1941 8230 7959 3189 9402 6774 2282 3208 7738 2067 8062 5007 5517
31 4804 2864 227 6889 5999 6868 4795 4395 6750 5100 2028 4988 9651 2014 6006 3684 1840 8837 2690 7762 4429 1157 2210 6548 3066 7457 1393 2881 2481 5470 4644
31 5777 3247 2813 6032 2815 1913 7375 4478 4630 3481 6138 7423 2685 3449 1885 1052 449 7889 5773 4604 8822 945 3053 7658 4999 7289 749 1655 1991 6133 9138
31 746 9498 4944 2384 5940 289 8320 8022 5401 7455 360 3407 2495 1870 5135 984 2753 7248 285 4618 5087 3564 3725 8127 6289 1237 8559 1464 2850 9643 3116
31 4852 9136 8134 16 2535 7721 1689 4089 6186 9203 4140 4101 8855 2724 2560 713 6521 4244 4299 2460 495 6165 7827 1628 7220 4490 1316 2189 7934 4111 6051
31 654 9447 1021 8885 5585 6753 9356 7489 6473 7765 2373 6354 7877 7118 1249 5214 1927 1858 8420 3638 9965 1463 8102 9789 7128 5294 9679 491 6332 9607 6588
31 138 3929 1924 7516 4200 3238 606 3651 4193 7097 8760 6927 4379 6601 1170 9588 2219 5806 5150 1619 9711 6297 3358 3977 732 4584 8409 3289 2925 4419 6614
31 1965 2496 3027 1700 9754 4082 8970 7227 7405 6872 3791 822 9906 6735 3028 623 2951 1403 1213 3263 260 5321 757 4426 7048 6324 8068 2616 1150 5204 2980
31 9543 3496 3575 5751 3696 4314 8756 2410 4444 1317 4201 7355 116 3981 4943 2237 1567 1495 9465 8839 1230 7819 366 4449 1017 4416 7810 9687 9161 1315 7690
31 1577 3628 3471 4957 421 8046 3804 7840 3770 2511 995 4383 6763 6143 1146 7018 5594 4164 4404 3569 9088 8064 4968 8451 2694 5402 9710 9987 1875 3080 2894
31 8057 9538 2855 8890 2051 4817 6221 7369 9660 1307 7036 1867 7056 4749 7344 9290 4737 3805 2128 631 1180 6514 1455 6465 2109 6713 6503 7900 2099 1367 7456
31 9988 5336 915 5387 3291 3186 4722 6389 720 8040 7503 9862 9222 5306 382 2251 2631 7438 7975 5572 4899 2880 242 9036 3478 5812 1798 4518 2075 3444 6906
31 2265 4796 3579 8547 82 9773 8050 8478 9851 5012 3364 5963 6882 4583 1507 6743 1383 8217 2521 6307 6381 4007 8382 9061 1061 6688 7106 6397 9018 1690 6090
31 1386 2583 5206 8733 3764 8266 216 9078 6162 7661 1226 2122 1698 909 1452 9252 2658 9077 5131 4719 5630 6641 5449 8789 2302 2927 638 448 6524 3529 519
31 1109 1038 6959 4006 462 2101 590 6409 9338 1020 991 8159 8665 6665 8650 1866 8529 803 6938 7479 9199 6107 3726 9608 8811 2559 426 2999 8589 5562 7796
31 2378 1425 4507 5349 404 9027 9803 4692 4938 4396 4665 4591 6213 9414 4371 998 5076 2309 8684 8947 9396 6067 6477 4848 9620 2667 7858 7246 7123 2134 7207
31 3123 626 498 8949 6283 2024 2642 6295 8541 8493 203 4028 2520 1483 3646 6448 3512 8720 4305 8331 7067 7548 3200 9536 6659 4407 9912 5161 2349 4771 2436
31 2672 5613 5564 1835 1758 15 6007 2331 425 8477 7209 3553 4547 7740 1838 5270 7700 7994 7103 9518 864 9639 8229 3712 7376 1957 6932 9904 6626 1791 7234
31 5500 846 1186 1675 4476 5307 1487 6652 5159 6084 7243 8222 5830 4601 9800 8362 6991 8310 9156 6900 5164 867 4755 5019 7714 2962 641 2041 6947 4605 3595
31 2417 352 6992 659 9772 6016 8012 4642 3724 1242 1688 1460 4147 430 1905 2372 4027 505 5554 2662 5267 7945 9649 614 6619 2990 1937 3308 282 5410 2103
31 8709 8468 5908 9224 3139 397 5857 2536 2233 9883 8318 9780 8591 7712 2893 5443 1391 2200 5495 6505 4778 4198 8521 6281 3084 4905 6921 6184 8402 7718 694
31 5062 3665 7329 6509 2323 6966 3114 9107 9808 7401 2735 7531 9216 5848 3054 4148 5485 4893 1931 2112 3012 6401 3538 6917 3135 7647 5569 1615 7839 6865 4131
31 1641 1271 7183 3682 9627 1283 3917 4950 1759 7374 9720 4720 1933 5367 5504 669 635 4406 2839 5468 3761 1432 1107 6986 8576 4531 5466 7553 5513 3188 722
31 8551 6319 8286 2042 2752 8421 4703 5177 4194 9126 3379 9332 7990 4546 2617 234 6223 8843 5186 8997 8457 1755 8359 8922 4326 8058 516 3962 9786 2528 3767
31 4077 9243 8592 7481 5005 515 4486 9583 7916 3212 7407 5550 5428 8446 664 3896 7499 2425 3408 9875 672 4245 8998 9602 1718 399 4291 9723 1211 5227 9577
31 7324 3505 5865 968 5148 6125 8798 4809 4799 1676 4857 872 4376 7860 1308 3211 9047 5567 3088 2259 8767 3933 885 6355 9181 5582 9476 8959 9866 5681 6172
31 4398 8835 1067 9039 8074 5 7691 7960 685 135 5578 1182 5890 8509 3220 6321 3641 2407 1910 9316 913 5788 8738 5217 1997 2618 3710 2268 936 6806 4901
31 666 8406 6754 9606 8751 4053 9121 9975 8641 5403 9976 5480 5497 9792 9959 3389 2466 4482 7848 772 176 4220 3864 9945 1583 2261 5344 6762 9645 8479 7010
31 3511 3482 7529 8130 5258 6485 4313 3420 7483 7330 2725 6224 1934 1929 5075 2300 2714 6905 840 72 5641 5722 1859 9623 2884 3237 6532 321 4354 4063 2507
31 3815 8207 1113 1614 9640 9915 3479 6361 8687 6097 1349 1908 6367 3730 522 7271 5790 6512 842 6839 6285 6118 6290 3699 2434 6011 6308 4698 4516 8816 63
31 6603 7704 8027 2769 4144 5990 9961 9648 2562 871 6856 3515 9300 1091 7948 3525 903 4946 6739 4861 5111 1722 1162 9569 7287 1594 731 8011 1136 3870 7326
31 2182 2202 4996 6234 5520 9874 456 435 8876 1792 8215 9993 3121 2235 5152 4414 418 6963 5498 2473 6132 2180 1208 4624 4038 4360 1939 8487 6960 6179 6479
31 4760 6001 8565 3350 627 1441 6105 5396 7869 9317 9760 9952 3435 8020 6375 5373 5648 7999 4143 3945 1273 8664 622 9503 3163 1834 6783 8501 4556 7996 960
31 445 5939 8017 9128 5117 9489 1750 3439 1098 7304 2629 9704 403 3321 8675 1664 8221 5755 7578 2272 3475 3793 8508 9539 7440 6251 573 8228 4586 2007 4329
31 7828 6671 4660 5895 9520 4104 8564 2313 1549 1118 6210 4290 1244 4423 831 5577 4955 8461 9509 8868 7646 2605 2438 6489 8818 787 1975 9293 2829 6942 3232
31 3236 8590 1816 3278 2343 3755 6341 7768 1895 4363 6225 1402 2408 9464 9902 8780 6726 3376 8171 1563 7403 727 4537 4613 1869 8515 5809 2487 7921 8887 6148
31 9282 4066 8969 9804 3405 8954 5188 1302 9451 6344 3110 7267 8337 3893 1853 8597 14 6466 5617 7783 9009 1384 206 6771 25 9253 843 556 7424 9882 1766
31 9925 7487 9131 3932 3992 2801 7061 8264 5496 6708 7091 2120 7237 3251 3609 8926 1173 7591 5123 6789 8856 3617 423 1497 1277 1728 5633 3345 3062 6546 5255
31 4473 7030 6765 9592 4195 949 7239 4734 3185 6329 7536 1709 228 2811 2114 9421 1469 3004 6526 1823 1296 1605 723 2856 8648 1281 8516 4590 950 6647 9346
31 5798 1035 49 5461 8820 6794 7299 2738 2961 8025 7522 9728 8956 6829 2800 5943 9507 2327 8491 9473 8312 4154 6158 4176 1546 218 9001 8024 6189 4418 7649
31 9215 7343 128 6961 9515 6292 3019 2794 7142 8603 886 7213 8231 3812 8109 7853 1057 3571 3276 2362 3000 2222 3294 4485 441 4061 4995 467 8774 7555 3082
31 6669 4236 89 5128 2914 2519 9665 674 6300 2183 4431 2325 2066 6174 2683 169 2821 5001 1845 9016 2515 151 3087 11 2072 1576 6929 24 6157 6480 6491
31 2993 8568 1751 3746 8471 2992 1592 5875 437 400 1419 300 9228 6137 7702 9673 8498 5287 7476 5636 4464 8181 6852 5316 2285 7713 6654 3226 5050 6843 5107
31 7995 6154 4503 1756 9139 4304 1542 3830 980 6824 5413 686 115 6114 2204 2225 494 461 4812 7283 2871 329 9331 7501 7520 3946 5907 9916 5002 8964 1289
31 6845 3775 6093 6936 1390 589 6616 1932 3715 1248 8147 7525 6178 5840 5379 6365 4700 8196 248 4359 776 7057 8719 2566 3713 121 2170 7789 8151 2157 8311
31 1472 9826 5917 3064 3323 4639 8913 499 4003 1693 3280 1023 6581 8185 1494 6439 112 255 1741 6127 3029 8809 2377 9167 8510 859 4479 9748 1739 7747 6207
31 9155 6597 336 8841 5460 7176 4069 4524 9267 5879 9035 8815 2998 3778 9763 7033 9630 7829 4261 7624 2127 7669 3526 4036 2732 1209 6181 9463 1928 6279 3399
31 3256 839 9951 2140 6815 7381 8201 7675 6535 734 3228 1206 865 6298 1458 8942 2226 1013 5415 6528 8086 9357 5814 699 4908 235 3993 8918 9968 5988 9600
31 3145 8447 7358 4917 2747 8681 7412 8463 3018 2955 7950 8857 92 2675 5606 6462 9119 299 905 7573 1394 5203 5250 9193 4907 9025 9947 7029 1313 3555 2451
31 993 4433 2005 7230 8445 6379 5435 2687 6163 7651 2030 7928 4835 7532 9256 8355 8200 4094 2319 4826 4972 6913 9369 3578 7734 4961 9563 4237 2969 5836 6575
31 9340 3551 7011 3264 5658 2279 6427 9762 5168 4559 7727 8294 8035 6684 3942 6540 9264 3552 7079 8459 1844 6831 6370 5085 4783 7119 9542 3816 3956 9404 4361
31 558 7216 5077 6756 5829 5210 2838 9350 2281 9274 3925 301 3635 4294 3446 9666 2889 4310 1652 4016 6333 8059 5715 4409 6103 2721 9863 7435 4502 9163 1199
31 2452 811 5938 1809 1210 5229 4221 311 1603 2009 9970 1444 7404 6721 5230 95 1616 3113 1338 2596 7640 7420 770 351 3426 1378 9698 7002 5021 1235 647
31 671 8152 2836 5516 4123 791 8093 1944 6553 5045 4460 6997 6025 7884 1135 5299 407 8414 5038 535 6558 7497 9210 2160 3424 6832 6447 4827 1533 6656 2423
31 4661 7720 271 896 4126 795 8569 9380 6328 1089 4497 997 1303 6182 4448 66 1272 1763 3329 3414 7506 1324 1274 50 5571 3614 6360 8225 3202 5240 6627
31 4616 5241 4808 3172 6073 1787 9989 9133 8840 3487 5350 9664 567 2743 6591 8578 4538 8757 6476 992 1335 3966 1155 4296 464 7125 8981 3522 8619 6173 9895
31 2636 6425 854 2003 4976 6464 2608 107 7931 1301 5509 5124 8605 8094 844 7053 7159 3359 2029 3142 3217 9834 2934 8388 4039 8306 2571 5609 7474 8096 6422
31 7822 5008 7611 2963 1220 6280 2673 9533 9994 1039 3743 6460 4179 5782 866 2185 4129 8158 2702 4894 853 8091 5735 2374 5599 2104 8164 9452 8548 4364 9604
31 395 6785 2418 8049 6113 8651 8958 5457 5757 6015 8067 2178 9309 6908 7114 9232 8764 2411 1216 7963 8705 2455 542 5558 5016 1682 4820 5054 4714 9768 1445
31 8407 6347 7014 850 879 73 91 1258 739 6847 83 1630 4430 6063 3441 3674 3409 1906 8571 2639 9269 5414 7263 2284 1874 2257 8660 8891 7903 3808 5885
31 9872 6683 9470 961 8237 5318 7538 8001 5570 2552 5311 642 6115 2404 947 7184 8276 5205 801 8303 4711 1478 29 9364 7354 9865 1115 6881 5481 277 592
31 6190 476 6890 7351 9790 408 2918 2409 8642 5028 569 7009 1128 6129 4199 3437 8975 4043 1720 976 5754 668 142 3577 5686 7517 1361 2902 2431 3554 7527
31 2823 2803 9492 4311 1241 1276 5167 1735 3802 8593 2260 5404 5332 7288 2666 6837 8999 1351 3378 508 5891 579 1019 8104 6478 2393 2514 5543 2532 2565 4087
31 5552 612 5740 9408 2168 6554 2782 7880 9554 1259 532 2153 2852 6878 1771 3853 633 9596 6443 875 4330 4626 8342 2784 113 1815 9579 5667 9650 977 3227
31 1753 1691 7694 170 2841 2221 3573 9939 3777 2595 7131 7645 6018 7242 8601 9430 2708 414 8186 7373 165 1077 3739 1328 2454 2626 2749 6029 6737 4594 6091
31 6638 766 2557 5310 2013 738 9407 9172 5301 8206 715 9703 5905 3317 6772 8223 6924 3109 8921 8419 6549 959 4283 1183 4733 2398 7050 2516 4832 9354 7414
31 8595 4392 450 9219 2395 6766 7464 9182 87 7664 1526 3817 1044 9160 5581 4421 9011 471 8626 1006 8825 9493 6903 898 6782 8522 4412 2441 3868 9827 7264
31 2652 9850 5476 1417 9484 220 7605 7541 266 5133 8213 7188 3124 198 5800 5095 2108 8133 7040 2997 9125 9843 4173 3994 9881 6761 5870 1369 4962 7471 2107
30 3233 1062 8851 460 3744 3332 6299 5163 3500 7709 70 6999 5411 603 838 4230 1511 887 1523 4837 4663 6645 6080 9063 8084 6943 6153 6823 3305 5473
30 3902 4989 2524 2736 3391 2677 1593 2021 9149 363 8677 2647 510 7025 2546 5356 8242 9471 2700 9985 3915 707 1982 6501 5091 2885 2703 5780 3826 2587
30 601 9957 8297 7744 7519 9165 6703 6212 8528 4542 3546 8907 3284 1467 1963 1457 2462 6628 4868 5977 6987 8785 5753 2987 5728 2095 4517 7843 2594 2719
30 8315 698 5529 3462 9816 3318 1414 2674 902 6472 2867 2255 7340 3390 7276 6048 9323 8333 3056 6087 7507 1949 8474 8633 2294 8567 1881 6266 9100 8898
30 9742 6062 6778 2526 3050 208 6267 5639 1121 1692 9500 6582 609 7321 7130 6220 4125 8336 2026 3089 7825 4932 2575 7498 2896 4367 2308 2119 119 1099
30 9284 7222 417 8438 3898 3267 164 4048 6236 6860 8260 1292 1948 4180 1145 2741 2130 1654 7563 3549 8662 6880 8163 1447 4150 651 3959 1105 9188 7908
30 9211 1893 4481 1926 6000 1740 1243 7278 8274 9254 4178 7983 5611 9845 4226 1416 6106 7129 2684 9083 7780 8729 9722 9514 6569 6325 41 4592 2556 4875
30 8090 6687 6046 9286 931 3836 5125 9461 7202 8150 1435 2502 3795 3010 3894 1535 379 3891 7428 3973 6896 155 4810 1086 7228 8043 8218 4683 4791 511
30 7609 4878 3383 4480 3623 53 6676 6747 2179 7784 5175 8347 5913 7792 8761 361 4240 1632 1710 1803 7051 8361 146 821 8192 1812 1943 2306 4897 6055
30 1466 7708 3501 9378 4152 7974 4673 3489 7993 51 8573 4375 7459 7509 2615 7615 6170 1341 8429 3714 1510 129 6342 9657 3438 3214 7107 769 870 4014
30 8724 523 191 2252 5308 7865 3300 8741 7755 5407 6820 545 2080 5073 8378 2060 4970 583 6939 6736 2742 7434 9472 7252 1878 3588 5231 5280 696 6088
30 5354 7918 4169 540 2966 7668 8285 2433 943 4929 6171 7873 3456 7809 965 4258 5643 7881 2246 1426 4863 4709 6089 7987 6 8554 4682 9003 8539 4690
30 6891 2795 8781 9052 3557 9391 8494 5376 2207 2320 2547 1589 2842 7682 3983 3344 8599 716 355 9901 2458 433 7594 8763 1108 9713 6203 4552 6542 212
30 5262 7494 2604 8829 6313 3049 2096 6215 5969 9818 2522 2948 4295 1744 6873 2015 999 5688 7879 3255 3792 9541 3591 9101 2383 7332 2712 4699 6269 9192
30 9858 5049 34 9385 1380 1794 33 1174 1839 7812 161 6552 7949 8384 1856 9681 775 1346 2118 4879 5338 6081 5710 5765 9572 4646 806 5948 7593 3021
30 7735 6497 5898 1278 3009 6746 2868 8646 8398 1671 1092 8967 2416 4603 8140 1054 3047 3068 3371 4499 8524 1987 2317 783 9686 7094 2779 9071 7362 8351
30 3611 8205 8513 9785 4834 4567 9055 3558 4640 893 2590 9821 2316 6471 7557 2508 2593 9553 1702 9337 2023 8405 6733 8716 6631 8810 1705 3840 3633 3570
30 9890 3856 6819 8324 1855 7286 2770 484 194 3989 4130 7282 2878 777 9923 367 7673 6877 6417 4786 3052 1438 3673 2905 1479 3157 439 3985 4540 1773
30 9328 6720 7421 1442 5680 5883 7349 1299 2039 1980 9173 6238 2900 3807 305 9196 3499 2663 7023 9783 104 9938 9225 2729 857 2269 4811 3758 3381 6135
30 1764 5967 9506 9811 4716 7158 319 6419 7693 4638 9281 9964 9655 4343 4598 2324 6078 7365 4202 6957 122 8069 284 2865 6335 4297 5937 7817 8945 5044
30 8267 1896 5511 5696 3455 221 3272 3480 3654 2280 4064 644 6368 4074 4551 4477 5627 1156 3754 8674 8380 6071 3990 8772 5232 2214 9099 340 8092 5561
30 5370 8983 8481 9559 952 908 6990 4315 9327 6606 9917 6954 9739 9501 3941 318 7836 5573 3728 8138 3395 6031 9399 5155 2778 4020 480 9505 4775 2582
30 7901 6931 1066 7020 5574 6580 5863 2950 1810 4792 5192 5083 4992 4986 5220 8095 4750 6962 2754 2598 6525 7444 1687 6858 6887 9582 860 3083 5635 6017
30 7256 9417 702 1499 2085 6262 5925 8553 356 2457 3863 5169 5200 9694 2704 5695 4656 3960 5246 5778 3282 7565 6592 5873 3559 7154 8376 3664 1559 6537
30 8453 1364 9940 9984 9428 8992 466 9880 1028 4958 546 8832 237 7104 337 1439 183 834 1265 7083 3789 4920 7818 876 6317 1181 891 1295 7850 6625
30 4801 1060 1670 4824 3845 4887 8609 2574 1609 5142 4782 5699 5417 8963 6228 7069 1977 5493 7628 5139 8397 6923 9449 6583 5017 1287 4840 1079 561 5273
30 7760 1424 7689 5483 338 4030 7065 7356 5861 323 9368 636 71 9389 4633 9876 9409 4054 4389 1252 1992 4675 9305 6241 2991 344 3406 5618 824 2623
30 4049 8366 1779 7026 5182 7952 4597 800 2937 6268 6914 2656 3360 2984 9060 4139 1886 5614 3473 591 4725 9265 6066 6579 2751 44 6901 1550 7322 4871
