57 7024 9127 5201 4944 1693 5514 9014 152 6465 3370 3327 7761 4007 8062 1111 8948 578 8641 2046 5305 6404 4842 3740 5205 3063 3589 1806 6065 6710 9709 7291 9311 1578 5398 903 7170 9737 7757 1386 8088 9085 991 5662 4008 7228 965 1175 3765 7384 8630 9846 6371 9962 2460 3148 3409 1317
51 574 9501 8893 3299 388 9961 4287 8794 3181 1551 6679 8741 7553 847 7003 12 4204 9209 6504 1587 7484 3520 1087 5110 7281 5735 6999 859 6424 7372 937 7720 2224 6852 7684 8387 8431 4578 5247 8904 3330 4710 6305 3381 5309 823 8750 414 1354 5647 612
54 699 1139 6774 7179 7584 9011 4550 7675 5464 8324 8921 2612 4329 9841 5374 7610 6226 9004 1677 5457 1452 3821 4680 2806 4859 8792 3941 7252 350 5791 1427 2412 3840 7487 4056 4037 2965 4523 6700 1706 4601 2658 8101 2277 866 9735 1592 6496 3999 5379 5097 9081 3712 1757
53 6373 4598 1818 3116 219 7437 3961 9254 1415 717 1310 7612 14 2276 5006 5054 8508 5319 672 3413 5000 4099 2867 959 5828 712 6359 8856 2839 5118 8699 8762 869 7517 4232 145 906 2449 4095 7661 5332 4120 6939 1395 3470 4896 9120 2398 5775 7951 873 7727 8193
51 3545 6650 2211 605 3886 9397 812 1497 6606 7022 8759 9298 3356 8725 619 204 7618 98 8676 8327 4410 6527 4619 9732 978 4776 6924 1588 1638 7232 1652 4444 4539 4684 2161 1877 4752 5183 5327 5816 6400 1915 3776 2457 4648 4705 709 7435 1883 2249 5503
63 5037 8043 9726 4999 2616 9382 4453 3208 3700 8270 8293 5405 9946 1998 3126 3940 7160 1889 3189 1707 5355 6267 341 3264 5748 9668 6767 9205 8608 7026 7062 6244 6929 4354 2068 8268 8686 1404 2859 6421 6990 7310 7671 2051 9343 2302 5031 3140 7598 9100 2483 3721 1312 3777 3329 3917 8391 6195 3188 3809 4994 9522 941
61 4131 9321 3696 8775 7801 7376 9412 9891 4175 2082 9052 2011 2740 121 3780 4163 9586 7642 3142 6673 8516 6370 9094 5120 8841 3850 6986 92 816 2171 1491 5333 6004 2932 1809 8384 2305 9077 1042 9864 2566 6524 3375 337 7055 7785 4291 131 5437 1637 3205 95 1897 9126 5275 7620 768 2088 9811 2739 5122
74 8727 9456 5044 6012 4462 5559 9318 9040 1209 8050 484 230 5695 8020 1919 3526 3396 8465 4669 2494 1963 9017 5900 7554 291 1839 2468 2830 7194 5033 2571 4524 5914 8915 5600 1688 6941 988 2400 5871 8254 9910 255 5479 541 9459 369 4706 4608 7230 140 4822 3518 2472 930 3770 4121 5861 5179 7573 8905 9285 236 6155 3678 3428 6526 7872 2469 5547 6335 5273 6968 555
58 2355 1599 3805 4693 57 9468 9876 5988 1991 8248 723 4652 6848 1786 3671 1474 4605 4643 9809 2374 2454 7962 4716 4205 9499 7134 2467 8610 5260 9517 8778 3638 5512 2315 3478 6706 7130 2712 3628 8728 6578 1184 5411 4342 9367 3568 8256 5887 2362 5930 7817 3677 8356 3497 6014 3036 4067 8605
62 7787 2805 252 4371 1733 2265 999 6672 6855 1974 7209 1401 1731 1532 6497 4536 6887 9258 9637 4318 3267 6539 3394 9355 9561 3955 3963 8561 473 9426 1566 1273 439 5746 3612 2461 3021 6292 7296 1196 5832 9596 4117 1033 4926 4148 1421 4639 4630 835 2007 7882 8016 3713 8943 5093 4254 9956 7015 7656 6306 6066
54 7706 7046 3511 8542 6514 4065 9187 2945 2706 658 4995 7654 4189 3607 3600 7696 3175 6053 8238 4491 295 5415 2442 3919 9497 9800 707 6154 5345 246 8383 9563 3086 2973 6488 2496 2772 8436 5872 8870 4170 7101 9247 3829 420 766 4965 5397 8656 3013 238 5217 868 2471
54 9213 4683 7090 839 2796 7334 2914 4419 2560 8223 3655 762 758 912 3535 8365 1098 5072 5657 3030 5180 1556 6019 7290 9243 8414 1019 5064 1136 423 665 2066 8036 6250 2727 4270 412 7120 7482 120 3957 2092 6854 8917 2815 4502 9212 1432 5803 2787 5755 2192 1471 9727
51 5439 4907 7736 8491 3547 4738 8667 6460 3582 8262 1148 909 4985 6849 9872 9369 9091 9466 4104 3603 934 2054 3682 5878 939 1714 6268 251 2511 9815 2577 1461 4301 3235 3256 5239 3132 3718 1606 5592 4207 5417 6445 405 1093 7199 7794 2142 9140 9757 5206
53 7329 9987 1950 5367 3617 6090 5276 9080 5712 266 4058 1552 8078 6196 1620 9218 1977 9908 9826 2481 5665 9020 9977 7227 7826 9568 9924 3716 5583 6449 947 3266 7106 1961 6515 7717 8458 9104 5175 8718 2202 3608 6653 3176 7721 8476 9141 368 782 958 2087 9277 5267
53 9035 7379 386 2080 7752 6426 7052 3914 1435 2437 4413 7338 4252 3277 2391 998 1022 1800 8995 5811 3872 3613 1835 2247 6656 6721 3197 7340 6509 8723 6817 1121 6454 5300 2882 8345 8764 2940 6762 115 7187 8578 5689 9650 6666 1155 7149 306 1005 7219 3746 6543 9399
55 1523 7870 1957 3251 794 2356 1507 6880 8743 8997 4917 4932 2640 9010 551 6049 1858 8522 4761 3972 7992 105 4397 4743 877 2258 2450 2387 8736 5341 6979 2671 3463 7406 2531 8679 9630 3512 4567 5597 1203 3926 2058 6786 626 4736 796 1769 6511 9838 7559 28 1201 7572 3454
64 4217 8574 6120 985 7443 7511 4628 3690 1613 8072 8282 8395 5424 2360 4097 4737 1972 1994 7424 9145 7044 2194 8367 3859 611 4936 7681 256 9346 5747 5674 7855 148 2694 8169 8673 9044 326 507 983 2033 8019 7397 8680 2641 5465 2186 475 1559 1252 557 9677 274 4325 8024 6152 3223 2348 1829 5102 6888 8827 4839 757
53 1546 9518 6757 4360 747 8357 6696 5216 7705 8375 513 2971 6475 6956 4392 4409 229 9691 8170 7316 3106 3112 4678 9434 8433 3180 3085 4563 2526 5285 2316 6234 6930 8277 2175 6750 1903 135 9387 77 5476 8989 1571 836 5318 36 1822 951 6461 6671 5798 904 7805
55 640 259 5094 7183 5231 5240 8235 9610 2675 688 3880 5383 3597 8903 7626 6219 407 1094 9885 6811 7563 7867 3833 8586 6777 8147 8330 9898 2326 968 4045 1183 9863 8468 1657 8451 3219 7246 47 8242 8311 9929 6171 7032 9874 7968 5482 3741 5158 4597 3795 4198 6243 7442 9339
53 336 2296 6163 7411 5655 1645 2253 137 3588 7440 3933 7889 4407 56 8700 3515 849 20 9325 5898 6384 5818 1174 8182 708 9583 7814 94 5532 6792 1044 4273 500 5099 950 1045 6913 6340 4709 5561 8631 2562 4019 6899 1394 2217 3361 8434 6530 9438 5349 6430 2084
65 2036 6009 196 2679 2017 9319 6403 4957 5925 6687 960 6303 3841 3301 1956 6516 3932 5068 2735 9326 9967 310 6843 3156 5249 1767 3420 6809 3016 5797 587 8400 3694 2854 6864 7905 2022 738 4621 6794 4960 6254 3651 9251 210 2668 9182 1493 1898 6316 88 703 9813 3884 8106 3426 5707 2893 220 4862 2544 7868 2459 5539 8992
54 4479 6248 1949 4322 3427 4190 6450 1304 4151 4014 799 8838 3642 9039 9581 5658 5495 9408 6945 8153 5680 809 7268 294 6251 281 5778 7927 5331 5212 8860 9814 5986 5325 2394 526 1244 2793 1230 1470 1078 2383 5666 4408 6682 3467 6279 4966 69 6307 7396 3073 7094 1246
59 4525 9818 6652 4537 5526 966 9007 9675 6640 9612 5061 5236 1339 5617 4935 1370 3214 4788 6446 1831 8927 2465 9184 8627 7545 4345 6564 2300 2536 4983 7854 9348 7282 1682 7453 3846 467 1909 2163 4035 3080 5715 4922 804 3164 7173 7881 6819 9290 357 8613 1123 9767 8671 287 9336 2742 2649 2693
54 6796 563 7566 2485 5760 6636 1363 8065 1438 7118 8901 3487 4203 7980 5540 1734 4810 5939 9488 2014 1982 3909 2272 7772 3529 3362 5879 9516 6705 9293 4111 5804 7537 2013 8059 3818 1782 2704 2278 1425 5453 9224 6491 740 3968 5819 3550 6308 7255 4914 6179 1051 8049 1096
67 4609 4812 5203 2148 9963 1582 8334 1218 5806 9768 8291 2626 5456 6227 2702 2802 3312 4558 4579 9644 6712 4569 6447 8239 4236 7374 4240 6920 9486 7086 4765 6495 2140 3727 7085 7850 6204 5921 2298 4686 7221 7166 3328 443 8314 5690 6471 5441 1059 5329 1103 4991 4544 989 571 1980 2896 9401 9019 7622 8511 5098 1481 4577 1612 682 2030
55 3503 3168 7614 8865 9664 7390 9546 2875 4177 6388 4561 3942 4954 7997 648 5751 3567 860 6344 9016 9622 7404 4023 4448 4319 3986 8162 9979 3462 7012 4122 893 656 6478 480 739 8772 1811 74 6618 7981 349 6231 7738 3566 1105 4430 375 1738 2761 5400 8185 3053 3574 8859
56 6579 8851 1863 5545 8373 7804 6112 7649 4928 7498 1593 103 80 9684 5548 1805 8340 5673 3546 6364 3369 382 7697 1014 5846 5089 1917 8156 7829 1630 659 6732 8611 1778 7813 226 2267 8126 8089 9373 8514 6463 911 4374 4033 689 9931 8040 4721 4660 21 647 2236 3388 3911 1208
66 4513 7360 9437 1099 5024 973 9430 8042 9939 8406 7206 6453 3292 4133 9671 783 5886 1762 602 6440 1830 704 450 2890 5766 5638 5546 6703 8991 4381 8079 8032 7385 8095 9717 3288 9582 5790 2160 6713 2353 1781 2310 2024 9268 1846 7950 2939 1918 6034 6785 8519 1775 6740 3698 383 6262 9000 7077 4173 4546 289 8796 1302 9327 650
52 8100 1705 2108 3038 6236 8936 516 990 4534 9632 342 83 5863 4211 1262 6566 2837 8785 8570 6146 8297 5038 5459 713 430 8342 714 4054 2891 805 93 9554 9495 4303 1699 366 1235 1709 7931 1037 2942 276 1721 7592 2861 2107 2182 3014 6192 9103 6748 8840
57 3243 5858 2933 7337 1433 9360 842 6541 5153 2642 1832 1127 2789 4860 2081 7200 5817 6831 8152 4527 827 9307 5186 6125 1055 970 2110 3450 3951 7391 980 1966 628 7001 1341 3559 2451 5340 896 3005 9034 1753 9597 3286 1142 4797 2057 5256 620 8471 8 2992 2924 7856 2445 3047 7564
56 7766 8048 9724 316 2200 358 183 5399 8677 4188 1032 8232 5188 6207 8121 8227 2023 7548 448 7670 6641 199 5799 6272 6395 6069 2433 4845 3605 160 8695 7223 4297 3691 8333 1581 9256 5698 6490 8025 3390 6078 3806 9342 2597 7439 3245 789 722 7072 4174 2615 9214 2855 2292 9340
64 320 9780 9003 4940 2035 8150 3028 2102 1713 2157 9657 4185 4840 68 1726 1825 6548 7203 4758 278 4764 9589 3883 5795 9276 6967 3130 2491 4403 8081 1086 384 2737 1838 8052 3446 1985 2601 2683 96 5771 9229 3456 8093 1377 309 833 6501 1269 7073 5977 8004 698 4622 2009 2349 9061 3066 3647 886 2252 9503 8953 6126
64 5649 1006 1747 9199 5155 2865 4002 5337 4956 4200 2246 8192 6822 2101 6850 3145 2689 6348 8188 9993 5602 2677 6105 8304 3139 4785 5772 6063 3897 8085 1823 8364 6503 3353 458 4554 1069 4300 4520 7866 876 8180 4827 8017 549 5052 5277 931 7944 4279 8771 2318 2027 3634 8531 2413 2906 101 3313 9773 8755 2710 9830 693
62 2533 1930 6814 5272 1198 2232 3003 5812 9765 4230 7114 169 6037 3244 3444 4049 3835 8482 8122 5901 9058 4682 7347 8965 7812 8348 4997 9189 2167 561 2799 185 4566 9601 2994 4814 4767 3769 2551 3255 2586 3702 104 6365 1865 6642 4343 4394 721 5639 8092 8653 8107 7432 8541 1322 1001 6521 3790 8142 8918 9907
60 1860 7637 22 2801 3739 5868 7784 7429 8251 4514 7740 5144 8462 550 7581 9638 9323 1272 2205 6482 5834 245 752 5985 6797 8415 8595 427 5017 2828 4108 6772 1004 9769 9180 3627 3562 4250 4712 8267 6119 5701 3376 741 186 2863 3252 5176 9379 9404 5159 8988 6943 627 5726 4730 8588 9792 5976 6337
56 9299 7030 2532 2652 2840 9060 6513 9696 501 8804 1187 354 133 5581 7991 9242 1745 9969 2482 2213 675 2731 4436 6793 9784 3096 6161 3561 6468 6494 5537 7458 8463 8887 9614 53 510 5086 3429 9548 5350 8662 1590 5520 9699 7369 5016 8877 5754 6143 853 4781 3650 1348 7878 9378
60 9953 9567 8410 8852 9835 1066 9528 925 6872 780 1673 365 5893 910 7873 8014 58 8486 7358 4853 7540 3556 9450 852 2382 3915 272 6315 9174 3761 5656 3959 1698 9181 8441 531 4288 7214 7346 6989 5729 7703 9733 1646 332 3225 2674 4667 5915 3745 6438 3234 3371 5697 3900 9241 2060 7235 6506 9544
56 370 2042 9880 6363 400 5229 8885 5138 178 8661 2516 2743 2089 5152 9538 444 2216 3912 7500 5842 3845 1610 1600 5968 8114 1135 6255 2809 9944 4331 4146 7561 6043 5246 6966 1686 9266 5080 2415 7398 5225 9824 7367 315 1193 6972 6399 2319 8047 9442 1789 3759 1802 4237 4244 4416
65 1384 5497 4906 7551 940 1082 7266 769 1010 3061 9349 9259 7857 270 6369 3662 7858 5737 6839 8928 2871 2756 8077 5156 4459 5140 5607 2935 1925 9786 2672 1509 2784 70 6902 3594 4425 4833 6674 9592 1138 5107 7602 490 8857 5434 2862 3531 5626 4016 7524 4843 522 8098 9424 5378 3314 5200 6040 5289 1205 8260 6725 1573 433
61 3102 8069 6333 9867 1554 1039 8259 360 1595 249 9427 8740 6441 7886 6545 8257 7211 5143 6994 5387 4478 917 9801 2411 4386 5057 2162 9868 6322 9523 7978 9244 4113 6327 5078 7879 7718 604 1752 1561 932 3756 8575 8719 1 1504 4078 5683 938 6018 6639 4616 4726 802 2821 2848 4920 4974 6992 7174 2846
60 4733 4774 6806 3281 2026 5295 4532 591 3864 8045 4575 3711 7025 4499 190 2657 5308 5744 4451 3366 1416 97 6407 3789 1882 2719 2047 4044 2820 164 3860 4806 6753 8164 7504 7690 8076 1271 3389 2238 7603 263 922 468 1913 5997 7639 7819 4125 9777 9163 5435 638 3920 6194 1110 1933 5702 9829 5278
56 7481 7080 240 1214 4672 1476 8530 9654 478 8483 6934 8922 8654 6802 2145 3224 6456 6319 5266 4471 171 3259 5955 1400 4068 2293 1277 979 7225 9616 2322 3894 6742 170 9558 9195 6997 6260 2775 1975 331 8818 5749 6434 1489 8817 8875 6663 7084 2150 4243 5269 7942 705 3496 5022
69 2922 4560 5615 3081 234 1876 6191 2501 576 3725 3144 2847 3473 7161 1149 2308 8908 1116 1365 8711 2946 1423 7182 2681 2106 6715 2072 1575 4309 6745 2808 3354 5251 7331 5809 6116 3874 7036 7140 3882 2509 819 1890 6086 3913 6115 6810 5762 373 5757 2696 8607 2760 6061 3591 3598 8848 7852 2136 9574 4079 6746 3382 5210 3889 4593 5095 2332 224
61 2636 9233 3640 7074 2463 4158 4411 7998 1780 7818 6320 633 1074 2572 3485 5014 3800 1893 4582 9588 8097 3010 6747 4746 7751 4644 9759 2714 1283 8924 327 4742 7410 7299 5508 9383 6965 5998 9693 8975 5127 8382 4790 8279 4384 1983 8945 2599 181 4897 5382 4338 2418 298 2366 1255 5294 7693 6507 4290 8320
58 6896 4921 4968 1265 1586 4645 7952 6379 3227 9543 2210 6590 4369 3226 4735 5487 5934 2646 6593 4528 8112 4063 5317 1814 242 9760 4352 3516 7463 25 1308 7948 2983 7901 3293 6953 8820 8855 3392 4324 7127 8526 5005 8950 4813 6095 5718 7262 5342 7939 1754 3645 7265 9571 6532 1988 2785 7946
65 7035 5297 7888 3200 9413 3834 8429 1490 7351 4872 2717 9921 6377 156 9286 1631 7778 8200 9740 8349 1979 7613 451 8493 5045 6329 4943 3774 1177 2005 5134 533 6284 1723 7924 9376 1892 7218 426 2518 4980 371 9469 2410 4070 5128 4847 7444 4472 7885 9359 5554 2038 6634 1280 4316 4592 733 9937 6008 1880 2215 3916 7596 4167
59 38 5207 2535 882 631 9926 435 1548 1157 7418 7909 9713 2115 8968 2500 9555 5851 3564 3247 4429 7124 8717 1788 5375 7893 992 7413 2118 3579 7734 6970 7839 6940 3664 7175 130 7544 4085 7135 6624 8094 395 3596 7409 9651 5470 7088 4602 5368 4698 2667 8880 6547 2248 2800 3107 7976 9900 7711
57 8053 9345 1293 6756 1458 1635 1095 4123 2438 7254 2396 8240 5773 5315 7520 1891 7383 8546 4873 4452 8424 2794 2504 8571 1092 42 5604 2665 3934 9489 377 4431 7767 4130 9552 1393 301 825 8563 8625 5474 5142 6389 1708 9087 8547 7843 9095 4631 2856 6711 7634 763 3918 6552 6173 114
61 1158 474 6791 855 6082 3348 6540 6765 2797 2329 3673 8012 7352 7468 9988 3435 1934 9856 4625 4515 8209 72 3273 6647 2358 5313 2596 7388 4437 4722 4363 2429 4594 7897 7067 786 1704 1417 1225 9013 8746 1596 2542 5605 6476 7565 8920 6419 4819 4568 3861 559 6977 8456 9238 8879 2069 3571 1314 6466 843
58 9107 8298 5003 250 2651 7569 2193 7860 7941 3653 8956 8559 9316 2949 2059 7079 4654 676 4535 5234 3193 5291 6357 7695 7966 7349 5966 6193 5732 5243 5531 4404 165 5982 8692 2561 820 2323 4306 6071 2853 3343 9997 1689 997 4818 6851 1073 497 3477 2653 6856 2711 3544 7647 7835 307 1741
60 147 3121 6607 2283 3869 9954 1028 1954 588 5197 7357 6544 483 9260 4596 1921 9681 2954 7063 7359 6717 4152 9055 7601 5671 3238 7422 7651 3974 701 8041 126 7844 3350 2490 8994 629 8735 772 1821 6981 7628 9783 6277 6386 9752 284 9981 4949 892 2381 4850 1545 4586 1380 6380 8849 4723 4898 3195
59 9274 8507 2447 2097 8665 3241 2309 8599 4961 7895 3374 5598 6629 3284 3114 9400 1088 2972 6676 750 3461 221 8751 2493 7156 8729 552 7119 6174 2687 5856 525 376 1276 5362 4447 5551 1182 7148 2076 6270 6052 2352 6455 7177 5869 4606 9975 9708 3417 9083 5538 6766 660 8167 3783 6261 3623 4449
62 9421 1886 8389 7512 4433 1973 4015 438 9338 2336 6847 4376 6581 8229 4786 6487 2436 5594 9719 3199 4141 6906 9887 9051 3465 1567 5756 5394 9232 3141 4993 8800 6684 5360 3032 4701 1905 1239 4877 9897 2952 4668 1330 9881 3184 1054 4526 7798 5091 3068 9739 4875 7646 5823 4900 7763 3464 2607 7917 4442 6398 6111
62 9190 6542 155 1864 5065 2492 7121 3452 7095 1241 2582 6356 5190 6435 2126 9504 3772 1795 9905 5839 7578 4882 9575 7238 2986 4378 3649 9131 4017 5426 1070 5351 548 2117 4089 6477 184 5641 4657 9446 8186 18 2487 2927 9920 9642 6223 1955 1937 9175 5373 7664 6132 1944 3689 4041 7107 7132 8696 402 2407 735
62 7795 8296 7446 9964 1137 4750 5475 4257 1041 9789 7247 3812 8833 1366 3100 4856 9405 1810 1929 6097 1541 9018 6588 8218 9857 7239 6113 921 1763 9282 1569 2378 2239 4615 5678 8181 6596 5334 6131 3399 8399 511 7731 8449 8892 5170 8119 5307 2733 7188 3171 3669 7184 8310 2320 4475 66 3629 9296 9761 13 6201
61 5821 1402 644 1360 1884 5472 1642 3728 1848 9869 8096 5187 2440 1411 8708 6183 5996 5835 4481 1962 9796 9425 7198 4214 4591 8793 8540 1658 6550 6577 2543 3656 7302 6891 5947 5454 8501 1289 8581 9138 9227 2105 2109 5069 1119 9936 1133 3002 566 8416 9802 1340 9113 621 3681 5392 328 8149 3012 9125 9099
67 9934 7597 6689 3261 4673 1971 7698 5891 4649 625 1649 8926 6626 942 8139 2219 2317 7378 8703 8117 3468 2902 5560 3349 8907 4480 6683 1916 5944 2043 6276 8801 359 441 7490 9308 5059 2588 207 3768 7441 6198 9134 9525 7809 1336 935 4734 4011 4849 891 834 8246 8798 4640 2617 9498 4222 6938 2753 2369 2071 472 3532 5813 9110 3537
62 6995 9625 8444 6686 5204 3910 5580 6960 5088 1463 7332 3386 2178 3695 8722 2803 1049 5668 2203 6003 3714 3447 3425 982 5909 6827 8650 719 499 4059 3998 7048 2860 1324 5233 8204 6894 1468 7131 4029 7017 1543 6118 6067 2807 2639 5082 4415 5040 3098 9559 6908 7480 4755 2512 2795 2153 9705 8837 2554 1761 9079
59 7692 3479 3440 2825 9978 4176 8941 5401 2271 128 1482 8881 2604 3794 3982 4385 471 172 4692 2781 8972 8366 7066 4753 4042 3147 974 1522 2235 5623 8544 3525 4226 3552 9046 3705 851 2256 4574 4846 5404 5077 2168 5481 3733 4183 3540 5304 6654 138 2773 9158 690 8070 3984 3771 8187 2347 4485
67 1448 2892 9577 7264 6436 2284 7501 1840 8286 2638 630 8131 4427 5111 9139 1169 1287 4247 4529 1583 8265 7869 7318 863 6099 2152 6047 2676 9531 2552 8911 829 1420 6840 7201 3377 5488 2956 2094 1140 1025 2777 7341 6117 2462 9854 205 4124 4321 2857 1443 5764 5845 7293 8110 1750 1058 7010 3750 9249 4832 4971 8981 6862 6459 818 3212
64 8655 4456 6971 7973 3206 7576 2095 2476 494 8884 3115 9853 5326 6439 6644 7694 8993 1475 9474 2154 1292 7959 5070 7640 9368 7985 597 3950 6022 4115 3935 7136 8124 8211 6536 2439 5117 2432 4803 2517 6781 744 8636 222 4713 2707 1254 2397 6294 5177 1295 4618 3290 5469 9771 7810 971 5723 6771 7317 3065 6885 6627 1936
63 4551 9059 7928 1202 4138 2757 3017 2610 1160 1309 4695 4646 545 6842 894 9515 6520 993 7237 3899 3178 5112 3203 3297 4420 7702 6528 4465 5306 864 8264 7295 9776 3601 100 2569 6225 5085 6720 6718 9945 1926 6029 564 2255 5936 9178 3785 4650 9873 1180 4066 5929 3797 5328 8394 6799 1353 1297 5108 6558 7955 1598
65 7533 8285 1030 710 4805 3474 6033 3857 5376 1871 3110 4548 8944 3159 9337 8035 4821 4870 9690 7126 3604 4082 1285 129 9764 1274 5445 7286 3875 7643 8205 2120 7271 7407 4777 2816 3412 2480 2758 1488 2635 622 7863 4984 201 4110 2342 7969 1640 7400 8985 6387 5815 3072 706 1650 6751 1412 3873 8116 7403 9236 2721 7058 8470
62 3701 8341 1895 9851 5314 3871 9686 6936 8888 2904 4093 5371 8404 6323 1629 5432 537 8325 2548 5885 3401 1173 3040 9673 4470 9634 5358 2678 7673 3788 6241 6206 7605 1351 4559 4719 2969 3808 3018 9162 9265 4553 4658 4549 7380 8697 8408 8001 9935 3346 4614 273 44 6883 2918 5075 7658 9473 8031 3351 801 2301
64 5230 7842 6784 4098 7522 5873 3530 7747 1077 9779 5785 9194 1320 7204 7558 3758 3434 6649 7557 6821 6584 1941 3747 7213 8649 5162 1222 8830 1902 687 6922 5770 2690 8572 1540 2286 5039 6729 7000 6229 9570 279 7875 7535 7105 7494 1027 8998 9950 1562 1859 8961 5116 5820 6091 6933 1298 7178 3839 6015 398 972 4891 9320
62 3311 1634 7859 3345 8021 3067 6166 7846 6923 7619 2996 3595 2656 87 580 7638 5989 3611 150 7899 6660 5248 5385 2220 5136 6991 3676 1594 2119 7257 2547 7113 1207 463 1881 5802 489 260 6987 7823 4 1002 1327 8706 8738 8862 3838 6427 4073 1664 2003 7759 6046 6283 5995 1755 9464 6638 3471 9341 7399 2185
62 6826 7445 3271 5164 2578 779 5705 1558 9617 5282 7641 8087 3849 7903 6551 1576 9509 4867 4759 9172 9471 798 7089 8123 2303 1409 394 8617 2976 5486 2587 8687 5552 5685 285 8258 6730 7789 8137 5055 8765 4908 1487 5215 1153 4272 4769 3947 313 4718 3138 4150 8691 7197 6302 2720 7305 381 3560 4962 9130 1683
66 6664 4815 8866 7034 9173 8176 4681 1681 1083 5130 141 3360 6016 889 7912 6833 3555 5145 6106 7833 7141 9512 1466 39 6484 2951 4399 9350 6103 6210 3510 2602 3491 8732 3177 2879 7510 6159 8789 7633 2897 6533 4333 1910 8191 8842 6137 6142 5193 2831 5163 3615 4744 1696 4801 8737 7906 9520 5664 8565 7234 5223 770 4651 8790 8939
61 692 5126 180 1601 9704 7791 9193 6969 4588 8521 760 7278 1759 8109 6874 8039 9481 4012 5628 3925 417 8566 6759 9666 361 944 2075 7663 8245 5386 2525 6188 8858 6467 3896 5958 7847 524 2633 9317 8942 1728 8949 3726 4315 5428 9894 6722 2974 4458 5255 9072 440 3403 9842 7631 4311 8477 6448 2077 195
63 1345 923 7098 4187 50 2550 595 527 8388 2736 7393 2622 3494 7009 1626 6245 1003 7060 7224 2477 9264 237 7289 2421 4782 5030 8854 6124 6149 7678 6392 9287 5847 9458 2015 2782 5829 9432 6535 594 901 4708 194 5323 4634 9655 8489 8086 7382 7054 7202 6555 9388 5010 9736 321 6238 6350 4127 6904 2783 7075 6050
63 4412 6300 9609 7082 9444 5220 7635 1674 771 7389 8768 3120 6560 4128 1406 6265 2648 9071 3070 7059 7528 2049 2637 7543 2669 8064 6779 9433 6215 4489 7685 200 9753 2177 6038 3663 2770 4372 6362 6628 838 8446 1429 5768 5859 5228 3082 4662 731 6075 9850 9314 7938 9164 2503 8307 685 642 6770 1719 1129 5810 764
64 7499 9697 1776 4022 1405 8338 4772 2001 4924 8913 2129 4863 1249 5524 9970 3090 3075 174 5595 9386 9718 2885 4046 4389 9211 8263 6875 1016 8198 8329 2427 4077 610 9074 4884 3355 9787 5113 1618 496 7483 32 9065 5429 3231 432 3000 3218 9692 8799 6230 1756 8009 2834 139 4688 4702 46 23 9257 454 5471 8769 288
66 5063 5616 7669 7503 9472 3323 6083 6429 1081 5447 1281 1807 6643 5957 6385 26 9324 3118 5745 4341 2405 3488 7323 6813 6181 967 6500 1875 4638 3158 3472 6330 9529 5166 1511 9595 5237 1536 6587 4990 1282 6895 409 5570 806 8027 8005 1356 216 5822 9510 3513 4142 3179 3430 6023 1986 5348 9605 243 7519 1768 8428 8190 3517 1467
67 5199 8363 793 7287 8355 7462 2254 2923 6600 7547 1625 4026 5919 2363 6458 4062 6068 3088 124 8409 5550 5284 5946 6017 608 8596 1383 9334 4675 5347 5196 1804 4829 7832 6041 9225 1896 8208 4438 6733 2104 8233 2728 774 9643 7313 7231 1632 5115 7880 2708 3272 8401 2868 7750 6915 1194 7876 9755 3182 7014 8141 902 3482 1878 2883 6321
66 7505 5694 1147 8916 2048 2227 2281 3048 7004 4725 4934 4034 7028 3699 8674 302 5950 3937 3931 8660 7990 9805 2123 9893 7416 9647 8253 8175 7910 3469 8215 8628 4975 5198 7460 4106 188 4382 6562 7926 562 6266 7999 8073 9090 8734 4506 6218 2568 4422 8869 6808 6136 3563 2420 5090 7760 1827 292 3648 1113 5529 2169 34 553 9623
63 202 8518 7479 9689 5781 975 8067 3815 9505 9743 5789 6594 9304 7653 2716 470 6898 4834 736 5993 5794 1064 4213 3056 9560 8015 4181 2489 6754 7964 4032 8445 2869 8051 669 2888 8272 6554 452 5135 299 9009 2594 623 9116 4607 4246 3304 3308 5843 6481 5543 348 2212 9511 8548 5114 4890 3319 1020 2818 2680 3084
62 1247 5954 1537 508 5606 6127 6795 1960 8657 5050 1035 9803 6677 9021 7765 7259 7513 1124 3303 5880 6059 1349 3476 8999 6693 8658 4927 8381 745 6324 5422 1908 43 8485 3076 8894 227 1091 7116 1118 8821 4457 7043 8597 5549 4091 4202 5087 6205 9877 2684 4320 166 163 8374 5049 4482 1038 5466 3643 5874 2705
64 5895 8669 3117 826 5636 9431 7336 5343 3162 7532 8720 558 9122 8105 2137 1453 536 8466 7447 7258 7137 6884 5219 9073 6390 6780 1718 6838 871 1125 7774 6085 3660 1167 1067 4001 9279 9396 4837 6984 7580 3847 8498 110 7100 9155 7995 7220 5883 5686 8057 1034 2631 4939 9593 2478 3906 5574 5569 4387 8535 5838 1442 2925
62 2563 814 727 7507 4400 3083 2763 7644 1460 9758 1229 5192 3026 1861 7146 1817 6431 2682 4031 4584 4229 3706 7672 5704 4126 7586 5903 5279 1076 1981 9027 9738 9025 6237 2221 3658 7502 9159 879 6202 2354 862 6412 4020 1943 6420 4902 9250 8619 4086 6313 3590 1621 6168 6665 5556 2581 6755 8872 8455 2722 5965
61 3856 7749 4359 3692 3373 4476 49 8011 5171 4398 1836 5515 7891 5833 1608 2595 8195 4573 9578 7045 4793 4132 2732 854 6563 390 7677 5527 1970 4946 9097 1342 59 874 4473 8895 4377 1424 8308 517 3449 9384 5585 3862 3507 6964 3383 1441 8721 7764 7967 3737 6798 7666 6801 8271 813 8938 9030 4945 6405
63 7615 6605 8214 5451 6775 5733 9115 9309 6612 3134 2039 8582 7934 2921 6483 258 85 5582 2435 2870 3748 7157 6158 2845 3089 9198 6835 670 986 2963 1134 9451 880 2944 5338 5498 9064 4390 1819 6739 872 6101 4228 9580 5023 7181 8018 3034 3001 8970 8891 1454 2295 7267 297 5564 9106 8808 1946 646 9291 4976 8770
