12 2736 6725 8427 1964 5375 3968 1146 3362 2200 8523 9312 3951
11 6690 3330 1998 3103 8761 1066 1651 4744 5432 5176 4130
11 3091 1101 3841 2378 7593 1768 6163 8538 7515 6128 3100
9 1210 1690 2168 4416 7133 7552 6144 5556 2274
10 6467 9192 2857 1538 6212 9683 5207 1215 8491 6523
11 5019 8630 5567 7163 1418 5716 6034 2793 6106 5938 1660
9 9314 8793 147 1944 6489 8814 8777 8388 5600
11 2520 2785 7581 2614 1167 3242 6803 1744 5782 3481 7602
10 550 8324 8817 8524 5452 7352 1486 2861 1239 8851
10 4526 5655 4377 5696 8340 294 7048 1760 3691 4738
8 5935 5333 4492 9419 4575 8142 915 7815
9 4680 8352 6585 1300 9499 7620 8069 1304 149
10 89 5573 285 1584 9725 7354 5431 9588 8323 9272
9 7110 7928 9493 3897 8100 5612 7077 6237 8277
11 2466 7847 7603 7480 2235 4550 3824 7496 6999 4270 8200
11 7958 7294 1675 8094 6957 7371 5244 6759 1720 5129 8169
8 520 2325 4662 3566 1247 9404 4420 526
11 4310 5972 6207 9512 3868 2310 2280 718 1352 8901 1380
9 5971 6663 482 6120 7454 5723 7056 6615 6942
11 4840 1448 7118 783 2386 4015 6460 8633 8895 4458 859
8 5325 3334 7780 7340 5977 2100 1401 3241
11 720 7330 2353 9901 9090 997 3153 989 4523 2170 8739
11 607 1195 6551 9071 7168 6855 9189 8437 8321 1646 9678
10 424 2297 4936 507 370 4966 4740 736 2102 5148
11 1777 7712 3069 7212 2478 5144 9426 7368 5827 3851 2624
9 6032 7029 4614 3483 8194 8247 2992 259 3506
8 188 9734 3177 9621 6545 4255 1206 5798
8 6664 6530 4468 4945 6464 1173 9344 4433
7 1067 1884 1490 1905 1442 4797 6560
12 5336 7456 2336 508 4700 8183 6715 3468 2790 1821 7724 3116
6 8176 8966 2592 9100 2299 6468
9 1561 3050 6240 5055 7694 2967 8082 4794 3816
11 4759 6795 4113 4029 4328 4105 6487 4337 8925 1181 7827
12 3818 9821 9413 4603 4889 5164 6630 1708 4432 8370 2153 8536
8 3581 8228 5318 4145 7971 9815 7497 8655
7 6253 7315 9752 1460 1625 5969 5759
11 1274 7141 3025 3667 2321 8126 8167 8171 6490 4634 9592
9 7500 3709 9101 5620 8746 7323 3516 252 999
10 1868 7187 5518 5304 7135 6964 1598 1579 9841 8889
11 7966 3656 9667 267 3063 3751 4266 4239 7860 8892 4905
11 6823 4878 875 8080 630 4086 3490 9532 8115 5753 6977
12 2433 3547 662 3681 4498 7393 3675 5110 5284 2748 4923 9777
9 7071 3246 8893 4659 4275 8625 8843 4241 1115
9 1179 9504 5594 4885 5659 1990 799 1848 1319
11 3056 7811 2231 3320 4793 9209 6397 7591 479 2068 7451
9 4743 2590 8204 8682 9187 8526 55 8412 5901
8 8891 9703 8240 135 724 1692 1368 8719
11 6003 8030 3990 5780 2361 7950 3969 6661 9427 1145 9910
7 8774 8992 9898 2273 6496 8403 6515
10 8293 9047 6054 2578 7458 9827 156 2093 8381 9116
11 673 20 5467 7278 5046 3593 8780 4709 4459 3562 1634
11 7476 6655 3462 1730 7559 9222 7521 2933 6441 1545 5225
10 8478 6190 3431 4292 554 2671 6015 8467 9302 1361
11 5236 1415 6876 2571 4332 4723 9631 1958 9522 1608 3428
11 6278 8784 1698 1635 8244 881 2198 6 8708 4020 8170
9 2721 3528 3292 4164 8367 3981 2550 2878 3793
10 9410 6503 6456 8941 2276 9220 8011 7028 9155 9439
11 2921 9167 6742 6294 2116 7621 202 3671 6342 3453 7701
12 4095 2604 4085 4397 9540 9329 7102 648 2311 4011 5408 8675
11 3630 6140 7769 5918 6477 3455 1828 6950 7665 7113 5683
11 678 4874 3602 9558 6375 1639 3102 2677 8468 1053 4917
10 3608 8490 966 1431 968 9785 8677 9727 8276 1924
10 9680 5228 7793 1874 157 321 7529 4752 8314 6192
11 1098 1839 2958 3221 3532 9801 6553 2098 594 5486 793
10 5498 8150 5050 3027 2603 625 9154 3997 9957 2865
9 9753 8631 7805 1072 8566 5506 8656 5435 1010
11 6671 568 5891 2443 6947 1425 8248 2023 4995 9005 3518
9 1758 697 6757 5784 5848 8554 1217 7564 9835
11 5441 478 4256 6399 5015 8127 1934 2580 2816 9718 5066
11 9515 7436 4195 1492 6785 4893 7353 3224 6012 7282 5455
11 2572 5219 1031 2236 3327 16 4465 5596 5543 1929 2879
9 564 9012 4451 8245 104 6170 447 2194 2840
9 6382 667 2383 4250 1042 1120 3734 108 2610
10 9004 1229 3911 8129 1161 5040 8864 6532 8096 7018
11 3550 1408 9268 2001 1645 1908 4219 3635 2926 1489 4919
10 4602 6486 1589 1798 9250 2722 7333 9677 7566 4014
11 7658 7865 201 3421 5406 9016 7462 4387 3979 7002 9216
10 2016 6741 9945 7439 9613 3495 9061 3408 3096 4282
8 8709 3148 7254 6903 2347 1375 2807 7461
11 5861 3919 531 8990 8301 9608 5094 5948 3857 2751 3826
11 8759 1774 2199 3722 4248 3611 9863 1918 1399 2281 8218
10 9848 8933 4165 3037 6238 8662 9056 7590 9337 1888
10 2884 3250 609 7580 8258 9509 6265 7624 5846 5266
8 9914 3312 6013 560 2375 3187 8007 7622
11 5446 7688 9321 6765 8738 7423 5588 6226 3441 9607 7239
10 9977 1385 1003 397 4982 6864 360 5672 1618 6596
11 4079 9091 4625 3000 7908 1256 807 2554 3526 2824 1044
10 8311 4985 4197 1176 5952 8919 7498 1713 4364 2201
11 6917 3277 5370 1461 3840 6204 4455 2404 4772 8372 5281
9 4009 2298 3216 1434 5073 6146 4299 1 6440
11 9889 1171 4834 2246 1512 4635 6168 825 1371 8257 8539
11 6264 9406 9557 5663 3830 9359 9319 8913 6502 432 2771
11 1306 5616 246 7443 8325 1876 5513 1330 8778 5688 9754
10 6816 2425 8371 2471 7577 6520 3842 6257 7745 8425
11 3308 1638 2627 5512 618 8534 2862 7303 5020 6149 2488
11 304 659 1143 379 1661 6744 8166 2801 3699 8139 4510
7 4072 1493 9966 9478 8999 8742 3561
10 2317 5728 5090 9315 5101 7066 2312 7305 9569 7070
11 1336 3006 9628 2755 6095 2333 4598 1674 7075 3521 9636
11 2918 3410 3780 2141 7514 9007 6764 6389 5936 7030 1337
10 8732 6405 9603 4939 3533 7628 2434 9366 7670 1574
11 8879 8737 8785 9119 5032 6679 471 1521 4400 750 2171
10 1139 191 8329 1685 6717 8008 5878 5154 7984 8431
11 9620 3237 8833 6524 2454 1947 8259 8359 6483 5593 45
8 7014 2882 1722 3164 620 655 9649 2699
9 2062 3541 8574 8996 2293 8254 7834 6944 4092
10 5087 3295 7547 7495 2331 5315 7329 88 9185 5450
11 4059 1785 9317 9180 1596 7007 2399 6371 7482 80 5271
10 4619 6746 449 9743 8073 4233 5803 9954 444 2587
10 7930 1513 7639 896 9964 583 29 5489 6702 5774
11 5301 2234 6411 1466 2076 9334 6150 3643 2644 422 1973
9 1316 9936 3363 3695 6103 9789 3869 3966 3738
9 9708 7115 3369 6826 4835 7973 346 1235 5897
9 7430 7613 5997 2213 3829 1555 6622 1342 4663
9 7862 2167 9560 2601 179 7968 4853 924 3742
9 4060 7109 2742 462 2723 7286 2156 5581 795
11 5193 8558 210 5496 4777 6709 6609 5120 1622 2930 5056
11 5300 2739 7407 5628 9810 9514 5081 5232 1637 3337 4475
11 6784 9650 7249 6035 1102 2038 5069 7852 5516 4796 4242
10 7402 790 826 3055 1303 1737 7585 996 7992 4293
10 4856 8459 4849 7923 460 4264 6978 2030 9440 2852
9 7464 8485 9275 8797 9157 7385 2645 3928 1023
11 3168 7157 4795 3538 3647 8226 4879 2304 9286 3534 5546
10 274 1610 443 9950 585 3690 2546 4758 6959 2692
10 3445 818 494 4660 7317 8693 9436 2954 2887 1438
10 770 1606 6952 4494 7144 5354 8439 9399 4770 5843
6 3697 7348 8161 614 3492 3135
11 9306 1324 2496 6602 5836 4331 7406 1951 2341 1826 9760
10 9564 3198 2456 2182 8507 9480 1623 6853 3389 7528
10 2248 8291 9145 2181 8828 671 601 6625 2994 171
9 4378 9403 151 3880 2867 3092 7851 7375 9783
11 6413 6151 4674 377 8015 4487 3380 1152 9435 5111 5842
11 714 8025 1956 1648 9076 4822 9184 1688 4098 7668 8058
10 2136 1439 1996 9682 2416 4769 6561 4096 3181 6751
10 2950 7288 9470 4102 1169 5374 677 3669 3746 927
10 701 3258 9031 987 1477 9408 5218 6612 7053 4333
9 8704 8712 8168 7502 2345 8017 4381 6323 2598
9 118 7994 7380 1147 3631 1156 205 5895 8415
10 3443 6136 7649 762 4399 6881 9401 7034 8206 299
10 7914 4185 1909 1687 9239 4846 3961 1092 5813 1002
10 6696 7199 4666 4588 7446 7824 8690 1250 5252 8924
8 1544 5992 6549 3509 3188 1595 2290 4988
8 6832 5388 3948 4036 9425 9331 9869 7944
11 6902 9407 698 1628 6738 2805 2300 8735 8365 4189 50
9 6404 8787 9587 82 5795 7742 7057 5461 2458
11 3157 3580 9013 983 4972 8961 6860 5320 5163 7889 5548
9 2385 7883 5427 2960 4648 9456 8935 6665 5607
10 8519 1114 9870 3494 5633 3848 8201 7219 8283 9305
11 5770 3652 721 8956 4279 9786 2069 2617 5451 1939 8268
10 9394 8303 2540 8174 7517 6603 746 3729 4150 6272
8 7041 3359 9625 3626 8049 3549 5045 963
9 3856 4584 4110 9019 547 4395 2431 3042 9282
9 1516 9865 7788 1416 6697 2769 4386 2880 6482
9 3372 7892 7868 4881 2413 7346 8067 914 3657
10 1993 1407 7976 2251 106 1592 702 2092 4511 399
8 9326 7949 6364 5740 559 8047 3311 8088
11 9676 5809 8903 2179 5002 1329 8016 6672 1374 4884 3859
11 6199 3597 5215 9191 3204 6643 6976 7753 1125 7186 2074
11 7929 5214 1870 3702 9409 1716 7803 8462 8046 3319 2509
9 8671 882 4925 2864 172 4573 428 1296 2541
11 6808 7890 4631 754 7049 3646 1503 575 5618 9197 8364
10 4436 4388 2691 6928 3147 9379 4469 6260 9468 9991
10 8641 7021 5018 9411 7177 4986 969 1127 5131 6651
10 3870 9348 5772 1107 2271 755 3651 9309 2551 6790
10 9450 2513 5627 5838 2959 8873 2683 3890 4978 8186
10 4308 7399 1565 1047 3732 258 8813 1040 2065 5477
10 3254 3827 5426 6970 8487 4379 8474 1755 9774 4134
10 376 8263 3511 9611 8810 5105 8527 6356 9553 2510
10 8330 740 8463 5540 5299 2637 9364 707 1729 5234
9 475 1804 3118 5482 5695 965 8779 2947 4274
8 5869 4782 5637 8072 1667 5152 8157 3121
10 1106 2148 6730 9029 2932 8433 4027 7280 6628 6614
10 1041 1373 5749 1694 712 7503 1372 8357 7951 2903
9 223 3641 6880 2083 1287 2647 8620 3653 6061
9 1006 8426 5541 1885 9289 4039 7026 1615 9574
9 9551 7374 6481 3174 2979 5491 7772 1699 5662
8 3556 2943 2719 5626 8886 2380 7229 2545
9 1136 2606 2985 7206 9448 3338 9541 8107 1121
8 3579 8465 2120 7818 4626 6132 9531 3479
10 5425 5859 6246 6134 5395 4790 5187 6935 3645 1291
10 5694 5492 2650 7449 9527 4213 2463 1543 6335 344
10 85 8159 3558 3776 8646 3754 6250 3582 1803 8885
8 9141 3991 2905 9539 8687 7866 2232 8597
10 4895 4694 8347 5292 7015 6579 4263 7645 4325 230
6 921 7326 4302 7004 2492 8607
11 6707 3576 129 9131 9567 3926 4926 8456 3276 1891 6391
9 9800 4209 7638 5372 3140 7537 4254 9597 7969
11 7957 7181 5206 8576 6658 9995 5850 5216 3873 2227 3988
8 2560 3149 9079 4888 1108 8894 448 182
10 5718 6124 1971 4855 8665 2597 6125 1916 6718 5109
9 2696 7321 8836 9038 7563 3551 5980 189 9639
10 962 6330 9846 8189 4245 9584 9018 7640 4135 796
10 373 2642 5308 3436 1283 1906 7448 8734 391 9397
11 7953 2537 6203 6262 5071 684 3522 7980 4464 1085 7510
8 3655 5157 8668 3878 1573 2518 3253 8809
10 769 2715 8411 4750 5968 6313 6812 869 8681 9665
9 25 1861 6361 3733 7082 5805 9234 3921 4484
10 4091 1631 2783 6649 4639 4474 7420 6011 3972 7578
10 9085 9464 3067 9069 1198 6811 7721 505 757 4554
11 2870 110 3822 1558 1476 2064 4323 7775 1420 3095 3887
7 8963 7130 1222 2661 265 3266 3888
11 2357 1014 9891 752 5034 8541 1470 5457 6085 6732 1056
10 4638 4429 2781 6049 6198 2838 2525 5143 624 9850
10 4151 5744 6126 1588 1005 3146 2833 7594 5312 1208
10 6116 5949 6766 1846 5357 6166 1790 4865 4612 3280
8 3989 2080 8589 8307 2919 8125 8252 1004
8 5886 5238 5091 1320 4461 3802 836 8544
9 312 5378 5675 398 6354 540 6372 4485 330
10 4380 9474 333 9679 1913 2138 3683 3891 5363 8376
10 7400 727 9383 658 4115 79 5165 1381 456 5226
10 542 6850 3513 4486 9032 8546 6802 5146 9485 4048
12 7562 2539 7087 170 9642 6139 6205 3432 3004 3416 8520 6535
11 4144 8021 7256 6197 2036 3575 3392 7334 1975 4460 837
10 569 9921 2057 2803 4940 2143 8418 5038 9793 5126
10 4495 700 5921 6314 1272 9543 8235 5962 5210 9489
10 8951 9053 8339 9172 5900 1369 4077 6428 8488 8670
10 6229 6659 5026 7209 8870 8816 2215 1879 1984 7987
10 623 9986 3796 2654 6678 595 6556 9339 6979 7826
9 1834 5359 3463 4586 463 6086 4682 5060 4278
10 6542 6200 6256 5434 9078 9759 9617 5613 4969 8867
10 6962 4261 5286 3058 2221 7702 5107 6370 3129 3114
10 30 7231 169 1282 287 3294 906 6893 2422 9533
8 1665 9853 534 6273 3470 1074 7292 3862
9 56 8210 365 6182 7799 1976 578 3743 7405
10 9524 1025 8537 7549 6427 7289 3879 7051 17 3731
10 9217 4707 249 1246 4585 3223 7013 6429 9281 6762
8 9284 4886 6712 5752 3306 9140 155 9724
10 4843 8056 9634 6815 9818 4093 5340 6473 3305 3403
9 2577 3609 1726 4341 3331 7106 7291 2848 3713
8 4949 5394 9253 8768 1487 4307 9987 4321
9 4347 4547 1805 5454 250 7095 4869 8309 3839
8 1889 3759 8824 7365 1180 4044 6961 6324
10 735 4415 3264 416 5611 9356 3075 144 361 2660
10 3150 9453 1656 1763 4938 7508 1225 63 8223 8397
10 7120 7211 7558 2305 5222 4444 1188 961 9494 7036
10 4215 8460 3817 7902 7208 4583 4083 6761 7270 3285
10 7863 4576 9658 6640 9304 745 2028 5898 317 8741
10 158 9129 1201 4373 3910 2346 9432 9414 5004 1904
10 2987 7472 5508 4025 8317 5365 9959 9415 412 9179
10 298 6885 6221 4594 7362 2342 1673 8635 722 4901
10 1979 6111 3074 6027 3466 696 5368 46 1518 5775
10 3104 2358 5758 3039 8632 8213 2996 168 5270 870
10 5342 5876 4721 7666 7222 8493 3936 9616 3370 3904
10 2913 7705 8041 4644 7198 1877 3398 1767 1896 2322
10 3282 7513 499 3339 2894 8344 7169 4767 6716 617
10 5717 2124 6923 2832 9951 8141 9958 6525 5981 3523
9 958 5114 4816 6223 2911 3151 3705 7523 8378
10 446 3209 9816 8952 7079 518 1299 4194 5979 9173
9 3694 1875 381 939 3488 6056 3097 2081 1580
10 2021 6494 8310 7247 4207 8647 9424 7626 8504 9177
10 8396 628 9629 5108 7916 8706 8972 2796 5534 2898
10 2009 4960 4300 634 1753 1469 8947 2263 10 2272
10 8407 1652 3412 3478 4678 5443 8198 5756 8609 3621
9 5599 9997 9350 1935 9968 8249 15 6006 4696
10 3031 7554 9486 5051 1339 1030 140 1761 9808 9202
10 3472 1594 5283 7204 7081 8577 7924 1243 4446 2877
9 7142 7117 9806 8531 8246 5103 7161 5282 6211
10 8103 8740 6070 9243 409 695 2821 5122 9508 4244
9 8841 2839 2400 6025 524 3607 7266 7129 6091
10 586 6458 6004 3803 5065 1526 6310 9720 8648 9712
10 269 1985 9544 5423 8059 8109 442 7145 8911 2390
10 4496 6559 6943 6090 7335 7126 889 5424 5078 4532
8 1354 903 9706 7637 1068 3207 4055 3976
10 5407 9138 9046 6217 9134 7831 1854 2070 2672 6501
10 8343 8377 4247 9538 139 5471 7617 1928 744 3864
9 5650 855 7388 7268 3360 5137 290 6071 3620
10 7641 2789 3084 5629 2024 2507 6290 7090 5792 3854
10 1529 8587 8522 153 2157 1773 9010 9552 7518 14
10 584 8849 2306 6271 2316 6543 9654 1576 3418 7012
10 2942 3952 656 661 7630 593 6589 414 7978 7939
11 8205 5991 6719 2901 295 6921 5272 8393 9400 4702 4349
10 3026 3139 9576 854 5324 925 7849 9714 8686 1967
10 1736 8436 4808 8883 1590 6235 7970 1269 7258 4042
10 5305 4512 5213 553 6249 6971 9598 7158 8090 8691
8 4830 4030 5680 947 5951 7182 8684 8079
9 742 2007 3106 532 1786 2270 7822 6915 5544
10 5382 6748 7244 8769 6394 2596 1447 9207 297 5203
10 9980 2749 1844 9277 2394 1502 8162 1242 2104 7882
10 8560 2027 211 4665 5463 6123 3909 2002 4338 2819
8 6322 40 8722 3963 2500 8763 6471 6289
10 3744 8022 4405 922 2367 6188 7623 1485 8718 1419
10 9582 2437 6414 1370 9442 4389 1238 3351 5965 5761
10 1270 8700 1253 9890 5106 280 9967 4413 4821 9537
9 6040 2788 3941 356 9881 2019 2630 680 9278
9 8521 3197 3382 4075 3983 6531 4929 4724 3314
10 3458 2900 4921 9711 8076 134 5184 9373 7164 6783
8 8729 4538 936 1312 7750 6584 1214 8623
10 4688 865 3192 1969 8604 615 7933 2988 3946 3714
10 3565 5360 4108 3206 6922 7101 2368 4601 691 3290
10 581 6878 5712 7747 5709 7719 3898 9906 7301 1396
10 6650 6736 5893 7343 3510 240 3600 5785 9876 8239
10 62 5819 8441 2733 2468 3202 1012 9536 2095 945
9 4789 5035 1234 4714 4785 8918 3882 8715 5255
10 5162 843 327 2474 273 2948 1376 4295 5396 3544
10 6457 1091 9758 8556 5609 9940 7845 9058 7152 8302
10 8180 2792 4065 8672 8988 6437 6430 1081 5776 9866
8 6953 7576 4088 130 206 6793 4190 1706
10 7878 6753 418 4606 9721 1815 2335 6827 8835 4425
10 7800 4438 2217 5170 4629 8285 1093 441 8328 4125
7 490 7105 990 5983 5322 1681 9221
9 9208 8105 6646 2407 1429 8144 7998 912 1457
7 8185 7197 5453 8151 7654 5899 9521
7 8421 2737 7905 8733 5998 9452 7183
7 8676 1193 4533 4136 9664 6109 6366
10 6425 9686 3201 2853 5908 1754 7409 1186 384 8481
10 5246 8450 5889 8974 5102 2214 9726 3935 394 6171
10 6161 946 3051 301 2767 2269 3137 3945 1642 4312
7 7469 2344 4899 6363 8626 5834 9098
10 1867 1735 6635 9365 539 4633 8915 3465 5048 5698
7 3693 9975 5778 1233 1856 4997 3750
9 8579 8869 8354 4803 4811 1271 1335 6446 2226
8 9122 5438 5865 7967 6936 9690 2595 465
10 1994 7452 4286 4710 2469 1346 4211 5355 3678 1140
10 3240 9247 5664 6248 7901 7789 348 5777 9147 3665
8 9902 6925 3109 8031 6910 5263 7761 1700
10 7912 5745 803 2697 1118 3908 7096 9316 880 2531
10 9412 401 9655 2161 8052 8545 2679 9070 5697 1647
9 1564 2262 8786 6908 3214 739 7444 5582 806
10 4883 4649 2339 9266 7794 6043 9990 74 5495 3618
10 5903 9545 3606 2931 53 7530 2583 2854 1128 7965
6 7230 3385 2574 6073 3706 9765
10 4067 3161 410 8807 286 7455 7853 8181 2565 21
10 6966 316 7313 5854 9612 1384 6676 9604 4755 7124
10 611 5113 1314 9843 8104 1835 6377 54 3012 7052
10 7319 2427 4051 7478 7873 4979 5402 8500 5469 5276
9 2430 8567 3059 8095 3279 3263 3520 2823 2412
9 6634 1974 4873 9845 9781 635 8569 8081 8164
9 2279 2107 9354 3514 6809 7744 7122 4597 2710
10 2775 3030 3939 872 9475 1323 8644 1900 5 4187
8 9021 1636 3545 5867 6916 4139 3704 6242
7 2419 2694 6463 6383 632 7477 2135
10 9292 7358 6568 776 5636 9662 2112 5658 6636 6998
7 9627 4224 9928 9510 4304 5605 7938
10 9188 2929 2498 6571 164 959 8479 3804 3176 5708
10 8510 9852 1778 5239 8512 6575 2011 1709 6873 9638
10 4587 5488 3922 4064 1393 9429 5906 4600 6089 3632
9 4645 2113 8273 4690 6282 7946 8703 9776 8557
10 2328 3171 3992 7279 3477 1983 8906 9009 9888 7714
8 4099 5511 6022 5376 9668 6514 7816 5579
7 7228 3906 6831 7281 2693 1587 7134
10 6695 8074 4870 7596 4210 5483 9960 2189 6097 4204
10 220 9769 5517 8762 9434 4317 788 4285 1288 1021
8 2177 1481 699 5764 1817 7488 901 8863
10 1816 3105 3115 2653 5902 687 7579 4984 6094 9797
7 3009 9460 6582 3199 4149 4736 7
10 5223 5722 165 253 9241 1343 5085 756 1192 7174
8 8272 5061 1224 709 4225 8998 642 5349
9 9671 167 5563 4047 9920 8673 2051 4611 7290
7 2945 5481 929 9490 4999 4221 1294
10 6362 7083 1551 5661 1749 474 5204 2473 7417 8211
5 3322 1818 6521 2008 8453
6 3648 2289 263 3865 8071 1824
10 8565 2964 58 1632 5220 516 3007 2589 4814 3021
7 7717 8039 9445 289 7893 5896 4128
10 114 6852 4658 3419 1961 2365 5166 9418 5287 496
10 6914 6160 1581 4967 2192 5521 6760 651 6213 940
10 6608 1626 3967 4372 6684 2778 5079 411 5856 9917
10 3169 5857 291 7426 2403 1851 6526 1507 7009 1305
10 2314 329 7568 9646 2058 8300 3082 6336 5875 4623
10 1725 9596 3446 2356 4283 4408 9566 6955 6029 2149
10 5403 5747 4203 1510 4562 4033 6792 7524 1582 5820
10 6901 4353 9159 1832 2401 5985 9311 6196 3043 627
5 2508 3203 2205 606 6835
9 5344 1252 3567 6173 2142 1141 6934 2139 5502
7 3668 272 4251 8653 5330 1001 7147
8 555 1853 9484 3257 3062 7432 5160 2841
9 7089 6005 9736 3624 4471 8062 9033 4182 6995
10 8588 9088 9290 844 2440 4615 8366 8455 8233 4892
10 6419 9692 6750 6347 891 1276 5417 37 926 3685
11 9699 3460 3542 6644 31 358 2352 8986 3349 7541 3111
10 8699 2521 498 2012 2230 4324 4848 3064 8337 748
9 6781 7347 1216 7807 5909 9438 5644 6251 4159
10 6768 9307 7663 3747 794 7341 918 4288 3798 8231
9 6045 4171 3916 1257 2087 6898 8887 5545 4845
10 4057 3068 2993 5410 6302 3400 4223 7060 2611 2628
10 2532 8775 6743 1251 3783 243 9054 3016 4050 8070
8 3411 6378 1189 8750 2663 6228 4754 6243
10 5882 5501 5241 3760 6884 7945 4574 2799 9670 8055
10 1880 3425 1724 3440 6037 8882 7869 8909 9 9375
10 8087 3977 4021 9264 2242 664 3591 892 1174 5003
9 8190 874 5261 7395 1058 6565 5933 5648 8020
10 2829 2916 666 2858 5177 5275 6304 100 1142 6534
9 1795 2743 6341 6280 3217 1933 5328 8837 1523
9 7850 8278 2968 4745 2022 6856 8207 1061 4800
10 395 8980 1995 4542 1097 3053 1549 7160 8108 9351
9 6270 2294 6353 5171 1640 6227 1812 9601 779
10 6844 3892 173 2707 8800 3764 2764 598 6230 6186
10 5028 5699 597 4257 66 7196 4962 3923 5456 9006
9 7710 4201 512 9562 4222 4731 3313 8146 686
10 7189 8716 7935 2506 7121 1954 5571 5751 7650 1949
5 1333 3573 9796 1881 1546
10 4476 8549 9525 7634 4686 9698 1402 2097 5059 759
9 7065 7586 4116 1437 8794 35 3473 1936 8002
10 8214 7429 8654 7310 1449 9194 6692 4669 5389 322
9 6913 6527 6492 2649 6693 4613 7428 8280 8875
9 8788 893 9626 3670 1696 2382 2267 3572 3724
9 3698 5711 5757 5280 4655 2238 3119 5950 6820
8 4537 8448 4521 5665 2243 9589 6208 2984
10 6657 6069 6001 178 2847 2438 6087 7300 856 4489
8 1228 1779 2123 4943 2523 7729 5049 4824
