2 6429 1567
3 46 2397 1449
3 9476 6926 358
4 6199 9131 5424 5702
5 8104 3354 2305 7626 8414
7 6600 2712 3951 1645 6860 7767 3353
7 157 8645 2778 2038 6996 3542 3632
7 6441 8562 545 3867 5714 7202 3491
7 8451 1188 5114 2571 2213 9224 5999
8 6262 1789 6665 4443 8163 4976 4890 934
9 4468 7314 1141 6031 2665 2130 8470 1546 7077
10 2823 3969 7310 4437 9975 5638 3159 6257 2644 8902
10 5877 4470 7043 5535 2634 386 7047 7463 2117 5973
11 9152 3878 8401 9967 3165 3206 3183 7681 6691 2413 4780
11 9739 8040 4069 6460 6923 1010 7339 2602 4692 3435 558
12 1135 2415 7947 9237 2756 6870 6644 2500 9950 473 2936 8339
12 8034 3563 1248 3303 2574 2556 691 4673 8459 6038 1070 6415
12 2235 1939 7575 8432 3764 9264 44 1434 9426 5491 585 5073
12 836 8699 9792 5915 9885 6678 631 3521 2847 4998 2858 6742
13 9671 725 9993 7980 9957 5449 5080 8912 2543 3775 2827 7147 2524
14 1960 1818 3992 9228 5669 7791 8792 4252 4522 7671 8977 1095 1196 6306
15 1180 8373 8433 1193 3736 6557 1005 5557 3157 8310 4516 915 5957 9047 2943
15 2996 1661 3504 7395 5117 6682 852 6739 3913 4096 360 3176 5972 651 1429
16 7679 3385 6579 4068 818 4785 3002 4453 4248 6712 4870 7036 5520 757 7478 4027
17 188 9595 8658 3641 2196 9753 7801 9311 9290 3909 754 4583 3802 6363 5826 106 5560
17 3040 2147 5533 6624 5 4656 7892 6745 262 4273 7926 8190 8330 7758 4558 3662 428
17 5267 8405 535 5966 3127 6505 9239 3605 5770 7136 1623 5293 7587 8733 6316 2977 9042
18 9054 6957 4633 666 2641 4630 174 2854 4080 2647 5593 9678 2846 8909 4781 8534 7931 8754
18 2735 9961 5042 3340 8834 7770 1805 8424 1327 9635 9527 6977 7059 5776 2048 1519 241 1398
19 2718 3266 6797 5346 9080 2148 4253 5324 7562 9315 9890 8090 6146 4129 9669 9588 1450 7167 3072
19 2604 6331 5609 5795 8283 6279 1237 5581 381 5370 2655 6034 5292 3890 9617 9263 3944 498 7887
20 7850 2164 7097 8798 7700 1124 1166 9865 4746 6231 6386 9816 9872 2982 2528 6493 8426 3240 6160 7188
20 2151 8580 3534 5157 3260 838 2168 9547 3244 4326 4653 6706 2947 58 983 6978 5885 4799 128 448
20 2922 8086 5596 9647 6984 874 8463 8240 3300 8681 9094 973 7378 5717 3138 8088 2 8220 6973 9803
20 9059 3582 4702 1015 4047 6445 5526 5229 4455 5279 8656 8370 7060 2425 4374 3419 3232 6202 5951 9557
21 6431 2564 6215 564 6383 4698 7608 6168 3935 8005 7269 7285 6455 8342 7557 3640 5155 798 6409 2777 4713
22 1435 9697 4167 503 3374 1026 1134 9600 6275 4563 7420 4942 1881 6177 3064 4281 2225 9718 137 6367 2449 7776
22 7319 5525 4339 9252 8328 7483 1761 1866 5297 4458 7416 4244 5819 3200 7693 1599 5532 7354 459 893 5748 1186
22 2871 9055 7985 9788 2757 6719 4531 321 3648 9799 1270 5952 8438 8039 1663 4425 5643 8848 6071 5174 2707 6122
22 3449 3076 554 7582 1561 1908 168 2645 9438 8628 616 3798 3956 5665 8490 4489 8997 4119 4235 4572 2835 2407
23 2369 6228 1469 4092 7799 5083 1613 4299 1542 1621 9377 8863 40 7613 7954 9425 7899 2182 411 6054 635 8988 2784
23 2636 5161 4058 929 274 8694 7260 1345 2267 3235 1083 8154 4915 1643 8255 6999 1829 6401 1079 4851 7712 13 203
23 2923 6022 4798 1910 3307 7604 5715 8832 4135 5091 6234 3278 2888 2683 2343 3658 4233 7274 1514 2178 2534 9321 8806
23 5372 5031 9118 5186 8873 3381 556 1239 1195 1898 1208 3893 6774 3066 4158 6612 9277 325 3925 5102 9634 1630 4626
24 5960 5646 1349 737 8907 3672 9148 8791 2159 5147 6716 2012 6675 7664 9997 8991 8535 4646 726 7307 4338 883 837 7948
25 6057 8547 4795 5463 8951 7384 2570 8443 2798 8263 2559 9091 8756 5870 9737 7492 215 3651 1612 365 810 3931 2330 4882 5393
25 2585 8300 727 3334 4152 8616 6986 5917 3804 2275 6667 2764 8351 4826 6916 9025 7014 4624 304 3659 984 263 1635 6236 2156
25 2759 7133 2336 6483 6151 1632 5611 3742 9363 5803 6365 7329 68 2607 4091 2883 7173 515 8703 1356 1687 6223 6496 2782 2662
25 5255 3199 5584 5546 8084 9116 1995 4232 1421 8639 2084 5441 77 3489 1848 6419 9284 7547 2976 1201 7524 9354 6042 4867 497
25 3184 1378 5504 3317 7162 7846 4310 5671 5224 8875 5385 4033 3564 3799 4714 1359 6381 1048 5811 4529 1878 6578 3797 3958 3376
26 6976 9815 5150 3313 1864 8715 8527 7527 1889 4832 4521 1648 8814 56 7006 7100 6135 7751 2380 9929 7199 4994 9760 6053 8584 1779
26 9823 5956 3120 27 7280 4157 6028 9395 107 6332 7877 2925 1164 9619 3503 9553 2126 2799 4494 9707 6123 815 3016 8062 6499 4748
27 4892 4831 3766 3644 2615 2353 5868 746 3905 5511 5688 9911 2914 9834 4219 9797 5647 8371 3086 2454 3901 4023 4256 8750 8245 6843 8115
27 9192 5704 8524 8357 1176 2202 785 5434 2436 7469 314 5037 9093 7073 6273 1462 6167 9561 8035 7065 5677 6835 9023 9963 3042 5030 1991
27 2140 8503 2794 6936 7708 1261 7204 4138 8264 2304 3509 9546 2371 4093 9845 513 7127 6377 5253 4861 9747 6663 3842 4460 454 9350 2218
27 3637 2831 7788 1408 5110 2050 7843 3670 889 1798 3566 453 5695 8539 1407 9092 4884 4839 9777 6760 6895 4074 4109 1280 2106 7886 6731
28 8726 8185 9167 2917 2294 5725 233 3091 5391 671 9261 1900 259 5163 5994 8631 1784 3928 4104 6059 6024 1252 3222 7603 182 7091 5179 538
28 2447 2092 4391 6636 5856 8278 4554 957 6980 9007 7956 3987 2189 6207 3760 5768 4903 6147 303 7636 6347 3116 4428 4742 6718 9779 2494 712
28 390 3241 4061 109 3269 7148 8992 2638 2028 8043 621 1310 1390 240 9119 560 5653 6385 9625 6337 6871 4309 4972 3707 8344 3735 3902 9344
28 5483 5234 8655 6417 2351 572 7186 4829 6616 1478 5024 1862 2611 332 2945 7364 2873 6205 2448 3881 4000 6260 3862 9222 2249 5399 5718 7064
28 3188 2649 7794 3261 4220 6006 5127 8112 1013 849 8690 2101 311 9371 6509 5007 9326 9735 6051 8496 9387 3510 9551 1979 5865 4533 1485 6597
28 4612 930 5246 2694 5567 4574 9857 6100 5773 2833 6413 6919 1989 782 1762 640 5269 7515 1790 6121 7373 4103 9380 2954 2265 8166 6241 99
28 8173 751 7236 4319 6621 4010 1043 514 6539 4886 5120 3403 4137 3242 9280 896 2288 9041 4322 4788 5626 1903 709 1375 567 3761 1346 3877
28 3061 3757 5757 2264 423 5252 3723 4283 2490 8784 5122 7033 1916 917 3975 4369 8714 3577 6725 5842 8581 8031 6468 6041 2423 6013 1523 9559
28 821 4760 5953 7121 9637 3537 63 9586 2614 5936 4335 6894 3983 3687 340 2011 6439 3800 4597 8644 7686 9276 4621 7584 8737 8078 2621 3007
29 8599 805 1735 5032 6408 5087 7087 5354 8257 7079 4889 7072 5001 1490 1622 1505 1115 9388 3603 9930 3253 9143 7194 2477 2361 9577 6359 3107 1869
29 720 1834 8387 7639 1746 8766 611 8969 8507 5435 3399 9813 8553 2034 407 3027 2950 8498 4705 101 5854 3343 1529 9260 375 4197 9536 7538 7908
29 3191 4108 3879 277 9670 2145 2054 3349 6875 2708 7063 8254 1586 4411 8335 8763 816 4694 614 9627 5459 3739 891 9604 4511 1627 173 8133 4979
29 3884 958 315 1038 7085 4392 5672 185 8582 3131 3546 7768 5812 5848 681 1668 6454 7156 885 7142 2209 5470 922 2191 150 8198 7479 6150 7050
30 4173 2157 9869 62 3763 4085 7489 309 8829 8317 5190 4922 8145 5025 878 6157 7682 9210 1646 6679 3246 6530 5744 2580 3948 949 6834 4438 7698 2792
30 7139 1205 3362 7930 1965 1463 4496 2592 1168 9855 2287 7777 799 5260 6338 5948 3673 9298 5900 3616 1088 9001 7905 9611 8623 3082 7617 4581 7295 5645
30 9393 9195 6601 2206 2507 1563 3882 9566 9496 8994 8945 5305 742 1460 806 3478 6630 4034 1782 8260 6395 7161 2487 4076 5181 4682 7731 5594 3873 9482
30 6934 483 8544 2483 9176 7178 814 7989 1526 1872 5383 5648 6815 833 2577 9300 370 1051 3294 6084 8801 4143 7270 1154 4363 89 5387 6574 6565 1994
30 3017 2382 1438 1819 3519 1240 164 7945 902 3168 5071 3485 9052 9304 144 4852 4336 3575 3885 9267 2975 4607 163 9147 9434 8803 8846 2573 6218 3049
30 6508 7230 2333 289 9736 1962 1077 3080 7241 9232 4242 8246 5443 1127 1830 2221 6452 3815 227 1626 6200 4270 2774 8429 881 9524 6917 3780 3770 7461
30 5833 1600 7396 6700 7324 3037 6453 965 9676 1603 7451 4282 6694 2878 8067 154 8611 8973 986 5044 5079 4929 6127 138 7074 5666 4878 7678 8413 3505
31 2224 5674 3694 1206 6749 295 82 3336 9394 3888 1681 4729 2898 5895 5428 3462 97 5591 7218 924 5432 9227 2348 9469 8853 2377 2692 48 5845 2787 9256
31 8142 4582 3129 4804 5299 630 8727 7360 2248 5344 8467 4946 6450 8667 6407 2672 9123 6715 3194 5061 5606 9027 9299 8412 5382 7973 7122 9895 7939 8515 9511
31 5261 4575 5942 9523 4416 5861 4789 7468 8293 551 258 1709 2549 4403 1353 6503 7308 1614 5332 4057 9430 9029 8807 294 3155 8686 1801 6668 3139 967 7900
31 9107 7795 9821 8920 3583 594 5745 9457 3985 9532 7744 4505 6435 395 8016 9178 6546 3838 6650 3163 4854 7505 1535 9014 1298 3753 7282 32 288 4346 2495
31 3118 6792 6611 488 3954 3413 3347 573 3428 4230 1873 1229 7433 1651 8926 2940 1383 2696 4739 1657 9240 6005 5893 4243 6561 2116 7605 9024 4794 6956 2631
31 692 7614 552 1984 4967 8585 3538 1161 7982 2319 7292 1159 6814 7990 3270 1553 275 5395 6495 3262 4440 6384 1389 8080 1319 5522 8995 9614 452 8388 1865
31 2850 7643 549 5943 9807 376 5479 7514 1150 4175 8989 3507 912 8990 5762 6671 5410 6862 9982 1367 9912 5930 7255 4730 8633 5409 3910 5686 6756 4136 5321
31 682 2997 3834 2513 7891 2747 7638 6129 2323 3216 4648 8890 5771 3820 8143 8349 2284 8615 5632 7286 6778 936 9776 9606 2546 1931 6746 3664 938 7195 4822
31 6097 3861 1366 3520 4608 7993 5225 6438 2542 7046 2244 7353 8735 2315 1189 586 4073 194 355 5656 5104 4877 5763 3071 5777 4706 518 3356 3959 4257 3643
31 6782 4635 2786 4215 9417 4228 3732 7111 6979 8701 3230 5984 4345 8436 3586 6399 1820 3568 9427 4573 2666 7798 4042 5993 3258 7718 4412 5216 4999 9698 9800
31 2039 9441 5847 9686 5172 1017 5059 3298 6972 410 5475 2929 4874 2466 6061 8136 8032 6803 5423 6854 7042 4782 3875 1203 460 6770 7924 3602 5508 5916 4790
31 5605 1569 3912 748 3397 679 9303 9478 5513 4414 6189 5413 4317 2819 8008 8149 6283 2313 9552 8828 3373 4555 6145 3627 5141 8113 4985 941 3698 1107 2679
31 6571 9562 4767 8587 9074 5897 6305 7029 9987 5823 526 649 5489 2093 6485 6484 4677 1674 1225 5734 6683 3366 5962 8409 2825 2198 5392 3275 146 1351 8315
31 6131 2192 2242 6476 3613 8440 4628 7599 5316 1082 5069 4775 7959 2122 9011 1720 4840 1919 8156 7028 9847 2751 5657 7563 1032 8771 2499 9348 1802 8241 5691
31 6813 6258 5772 6232 3411 5021 7409 772 191 6161 2836 5965 8336 5975 783 8797 4341 7627 5465 6793 762 2677 4030 5825 2554 4722 1948 5277 3932 1400 1597
31 328 7383 4544 5135 1423 9981 9826 7778 9726 7598 4580 9530 5250 2860 674 7883 5979 2433 6947 2626 9196 8657 1815 3310 7198 9343 5528 206 369 5362 5675
31 702 626 6730 5538 3525 4019 9832 6037 8650 7630 4680 4294 8932 5199 9825 5068 3898 7623 399 8234 6789 4855 3498 5453 5306 7075 8248 1264 7320 1852 9528
31 1827 9247 8178 7753 9703 310 5523 7879 8250 3679 5660 4545 3847 5439 3394 2740 5566 9067 763 8292 1202 5095 9639 4485 7140 3949 4937 3174 4891 2457 2505
31 334 8247 6880 6464 4035 722 2139 1771 6920 9437 8123 2944 4566 8753 2974 6434 6842 2217 7809 5981 6021 5564 7687 1828 2598 7053 5796 1821 3073 4957 1628
31 5635 8608 9367 4871 2146 980 4943 6867 2729 469 3167 5585 779 9312 2658 5427 759 9514 5400 6696 4687 6220 7531 8345 3499 9292 5986 2502 5860 4586 5034
31 8855 9447 9943 1140 8541 5067 8294 366 1412 1680 3851 5097 2383 8662 1224 3272 7764 3536 4649 2989 6876 4286 5608 1530 1312 6142 8242 7157 952 7067 8195
31 7675 5148 688 2934 677 8911 4904 186 1708 2176 4727 3495 5792 5119 7044 6451 4110 8868 5004 4499 4992 3018 7303 7666 7968 5159 4139 8896 7009 5898 4978
31 8981 9361 9461 8504 3845 3681 7150 8366 1658 988 7191 6575 2021 3096 1047 476 2327 7631 5629 7511 6686 3965 6244 8636 317 1376 4382 4347 2124 2969 234
31 9582 5326 1197 6865 6974 685 7573 8738 2680 4932 3814 9594 4267 4133 1662 7494 2279 4052 8322 2421 6692 7822 7921 5438 1501 7602 1306 2089 8106 5954 9942
31 5836 1416 8126 4770 5208 2359 7017 9185 3822 2002 791 4733 5107 6353 8843 7234 2194 4801 5420 308 7583 1562 6887 1954 7462 755 9113 6378 3102 5366 7135
31 1712 9446 7570 7332 6375 7486 9538 5447 5303 2625 5857 1725 1525 6720 4162 1143 3459 4150 3254 9163 1583 7717 729 1019 6910 2406 5937 5431 9616 6640 7775
31 9146 9765 4755 8567 1399 8702 1096 9316 7928 8905 9549 200 3454 710 4046 1531 8284 4493 4837 3223 2651 6985 9334 6680 4013 38 4667 5033 8987 3581 9205
31 7834 1753 1041 3386 6911 1986 1678 4016 4206 5075 1219 8215 8770 7847 5451 534 1714 7738 596 8157 464 3179 7086 5026 350 9979 8804 9245 3025 4924 7541
31 3426 4261 9914 5473 4778 9908 8712 7118 7393 566 1075 6587 9058 6613 1419 3515 255 2485 9654 7226 9694 4732 3271 7453 5185 1686 3860 2829 8318 2214 1794
31 9833 2518 183 5238 6276 1716 3704 403 6855 9221 3145 8624 4690 7590 2646 3748 612 8961 3185 8368 1749 3358 7138 8158 9951 1338 6829 8831 9768 3039 3532
31 587 378 7449 6251 7977 305 7023 3998 8077 4589 4164 9483 5406 5580 7624 211 7125 5038 3597 647 6315 8474 6195 507 3484 8364 80 4620 2916 7842 9970
31 5456 3289 6246 6169 3812 5417 741 884 6765 8183 8878 5065 2185 1145 10 8561 3678 8140 8481 8272 848 4492 2003 8952 943 2428 2863 6638 3075 2586 7349
31 3441 7007 329 4100 3296 5437 5902 5139 6219 5184 5056 882 4285 8723 2501 7013 4147 2693 7586 9346 8497 4209 3625 8532 6703 2251 8696 5587 2790 4527 3108
31 7321 2199 9038 3619 8700 2037 36 6245 3196 9659 4293 1001 5290 1491 5809 9936 8689 8402 1034 491 9295 4669 9374 1502 4266 6294 2212 3312 1892 7806 1299
31 9352 5802 9105 6971 1050 5869 6619 9236 37 2844 1850 5502 9856 7313 2633 1452 1497 2698 6327 4476 6141 9657 768 8889 8740 5010 8147 3458 1271 5780 7261
31 1786 1825 9337 6403 1506 1516 9243 680 3746 5822 8014 9840 6850 8513 6458 6339 959 2741 2807 7134 1885 5422 5005 7205 4268 2066 3939 9031 638 7655 850
31 3661 817 189 4459 1153 3284 4695 3645 2311 1121 9974 9111 7555 1797 6292 8872 2582 7082 7814 9018 9402 3966 5685 1233 8966 5343 2845 8659 9439 4964 9838
31 2773 3828 5985 145 3418 2769 1139 8680 7749 4371 5509 2063 8893 3850 4099 1727 7780 4439 7293 1566 7711 3769 2197 8066 2337 7596 8709 9046 6162 9404 7560
31 2441 7546 5493 480 2966 4251 4097 1223 744 5976 5398 6319 2398 9159 7291 3724 5759 619 1974 600 4887 9138 9575 5923 5710 6500 2479 8881 7730 3404 8466
31 6341 689 5890 7637 5613 4249 8595 1343 1822 7391 9364 4991 6311 7248 1880 4777 9824 6307 2071 3738 180 489 787 4570 8839 1996 7706 5549 8237 8769 2612
31 7783 3833 9258 6929 2049 9762 5500 8455 928 1311 3314 9013 124 1263 6254 7432 4113 8668 7824 501 5617 5495 1704 7170 5590 6261 3650 9829 4462 6975 1509
31 4183 6983 7016 7336 8274 4166 971 3327 795 5839 1361 2892 1173 2391 6946 7832 3471 9894 589 1744 6470 8453 1923 3824 6240 1717 2204 4696 9870 3541 1178
31 7278 7206 5325 9798 4530 3267 2360 9273 6471 220 3106 3316 1748 5064 9262 4638 9571 2291 2300 4925 1044 5872 5889 6841 7491 4223 5262 3907 3405 5043 3437
31 8045 8670 2875 1037 7152 6212 2059 4351 8252 8487 2803 7467 7786 5109 3807 7860 3617 2044 4192 7944 5921 2173 9246 1659 2393 7506 4689 9065 5318 2250 8396
31 9142 7048 5974 9733 7986 6349 6050 6113 7593 9500 1424 869 4953 6387 4603 2971 1123 6954 6726 760 4406 5272 4537 2090 2026 6077 653 3608 2274 5552 7642
31 3156 4981 9585 5816 9818 6422 5694 542 5740 6741 2231 4819 2356 4600 9449 4762 7386 2728 5099 1247 7071 6804 5144 1647 1732 8789 4616 991 3468 4708 5270
31 494 863 3682 3922 1326 1576 2058 7873 8518 2961 1097 2761 4003 1098 1315 3153 4081 5542 508 7004 775 155 9133 2422 5342 1539 7771 4385 3350 2216 5487
31 8079 7856 3259 9756 6285 9938 4279 4970 4954 2416 6698 7123 1215 2018 9456 7845 6076 6181 1241 9481 2193 3098 1476 8015 7513 2965 21 4982 1256 9842 6414
31 8859 95 553 9700 4561 9626 5797 3152 244 6676 1432 4154 9498 4986 3383 2370 7516 4526 6966 8305 5445 6350 7304 2876 9949 4367 252 7224 4549 6651 6165
31 5589 9689 2891 4803 5827 216 1283 2763 4186 2789 8326 4436 4893 6729 7974 2465 6969 5540 2088 7434 6605 8049 6643 5873 6900 8543 8111 66 5775 1002 9983
31 1409 3211 4260 6259 8262 1796 3848 6396 2195 3305 8795 4444 8825 1281 8815 6697 939 5041 326 8108 4988 4207 9063 521 608 715 6710 5286 3031 4255 7912
31 3874 1388 9696 5882 5264 8550 3243 7348 3431 1556 2800 3287 293 1177 864 6427 6699 2342 6125 3853 149 3398 5934 2670 9451 5338 6785 7742 5961 6681 125
31 9602 7567 1957 7649 9130 2402 2107 1341 3193 4264 3836 4845 9810 5081 9186 3097 8374 4497 5958 9727 808 2689 6197 8288 5226 3849 7522 797 7838 7807 5708
31 3217 1031 2443 4938 7443 1660 8282 5597 5275 1611 4263 1494 4213 9251 1722 8622 4846 102 9406 1191 20 4334 2462 9860 5301 7343 8003 2386 2144 3919 7757
31 3492 2767 5335 6656 4456 920 6732 8533 8378 205 5430 3604 3455 3247 5910 8125 9313 5488 7182 6959 439 6938 347 218 9820 9954 8638 4763 3162 8217 7342
31 2099 5536 8928 7459 4927 5946 1374 9746 142 5236 5750 39 6099 6647 4579 5728 982 2365 181 3008 6036 8931 5265 5519 373 5630 78 7969 9384 6562 7937
31 4905 7180 4171 7923 8614 6913 1056 1246 1128 6573 414 9088 8107 9491 2083 7726 3251 5188 9648 1904 8818 9106 3231 3134 313 2064 9209 3584 1541 6970 8630
31 7852 1144 3535 2716 7651 4006 1094 1152 5054 3676 374 7803 4824 8353 9412 7168 8191 4844 1951 525 968 3297 3414 4001 8170 2492 718 4842 8929 6265 7535
31 2601 774 458 3680 1125 3717 5707 3529 4466 4389 5060 8879 1743 6994 2414 4121 5547 7913 8024 7685 6590 1335 3207 7568 1444 6249 2732 8751 5373 8444 8697
31 7081 6558 1340 6156 1060 6877 2296 4395 1486 790 9920 7907 9073 2578 7078 3109 6227 5881 2793 8985 550 2862 9115 2075 9005 5360 6819 8777 8744 9556 1652
31 3593 475 331 4240 4401 7724 1230 135 4725 1220 7611 3826 2826 8249 126 752 5738 7222 3326 8538 4442 1357 3033 1571 5982 2639 6357 6009 8071 9331 7216
31 1580 8897 4123 5676 2861 8698 7407 7055 8461 1194 3638 4375 6457 9279 3378 2541 1489 9170 7211 1956 3667 3141 7294 3573 8309 443 7412 5527 8942 826 5639
31 4524 2608 529 3150 9837 5706 8369 5171 9849 8724 8512 3432 5019 7158 9673 7089 9599 2246 18 4843 9947 7941 2241 4463 4156 4594 7545 7857 7802 6811 901
31 4116 1493 4569 1861 1198 4176 344 2749 1307 9871 393 4048 3021 1973 2968 1138 3979 831 5990 7962 1401 6374 8468 8127 8161 7525 9806 678 4258 4709 7273
31 4120 4495 2331 6872 7110 1265 8501 6523 3466 4265 2910 5534 6586 2834 59 5347 3068 5448 4542 7209 3467 563 316 4325 7620 7869 2312 379 5376 4340 3387
31 9181 3721 9592 8119 1025 9097 5053 6687 8350 1371 5223 7040 7831 388 2166 246 3288 1170 4011 3823 3917 7875 3339 6637 1670 5661 1982 5651 5929 2958 1638
31 3832 91 7116 1149 61 8885 4303 9486 4875 5503 6801 7754 2125 9281 8887 1064 9618 9684 2911 1472 3691 8341 9685 9177 3543 3220 5276 5788 2445 1504 7821
31 3767 4502 7398 7895 292 5314 4184 5425 178 4447 1291 4534 3291 110 8256 1410 3103 8708 6761 1287 2581 5894 4559 268 2080 5516 7509 4948 4059 5878 412
31 7644 4672 8972 2859 7296 7250 9541 8573 8236 6524 9057 1565 4457 1963 7963 4277 803 2293 5237 9923 1085 9272 8864 1783 7102 5820 4272 4275 2292 8361 6302
31 8545 5838 5476 3561 7743 3348 9330 3855 7317 9340 9421 4658 3132 6781 730 1172 5828 3741 6713 425 8870 2642 5545 3614 3448 9887 5814 397 3720 3473 8393
31 4968 5327 1713 41 1598 4934 3444 1918 8646 112 1853 561 5348 859 919 5719 8169 7804 1074 1685 5062 8705 8355 8076 4337 6798 2939 3198 7632 6831 4185
31 1814 4663 9636 3988 2480 9630 7871 9407 9060 7106 1012 8809 8559 856 862 5733 1222 3870 6289 9780 3338 4234 140 9973 7481 8607 487 1487 6514 870 6836
31 2587 3210 2555 3 2136 2340 4077 663 8001 6585 2056 2652 1619 2020 2552 1637 5747 2565 9672 8564 5035 29 8072 9487 9199 6078 6921 8732 3646 2531 3635
31 3710 281 9201 5154 6103 3758 6817 94 3430 9734 5298 522 8802 226 2057 1707 493 2111 8588 3245 3733 4983 7035 6802 3225 3999 3941 8683 9359 7855 4540
31 2000 3453 3773 3904 9613 5103 8179 9572 4590 359 5323 3036 2540 4216 4161 1393 5379 646 3047 2724 1851 4509 8677 6456 187 8956 5460 3058 7862 3531 7022
31 9862 3105 8435 478 9385 8767 1640 5219 4084 4032 5367 5421 9751 4931 2904 5192 8130 6519 8117 1625 1734 7212 5090 6102 6542 198 1959 1968 5713 9848 5066
31 3923 8654 7032 4651 433 159 683 940 9187 4290 7816 5330 141 6083 5840 2550 3371 8029 2114 4743 2491 1160 6537 9319 8189 3113 7971 3452 7853 7609 8910
31 7246 2766 8679 2229 907 2127 5167 4117 8794 8729 3079 7083 3311 3416 9368 9708 4757 3896 2661 9868 1102 6569 8174 9307 6662 5561 7808 6069 6884 7423 2481
31 578 2848 257 7385 4051 6124 2469 1323 4386 2893 5239 9576 9117 6430 7589 2983 8176 7207 4086 371 8404 659 6048 8457 8930 1455 3197 2738 6443 8269 76
31 3517 1596 1769 5130 435 7181 8258 2772 6437 6297 7848 7276 1961 9366 4926 3787 2188 4107 8901 2165 8162 6469 5364 1990 824 5678 3015 5257 6822 9545 8010
31 7137 1574 5196 2877 2431 7437 6501 1899 3906 8477 7615 6288 8862 925 6045 5203 6787 2446 1582 3032 3395 945 119 3677 9509 693 7789 7805 8375 5419 7723
31 4115 8962 6201 6004 3332 9720 793 8898 2471 4578 5515 1549 3722 8939 1937 8788 6645 5959 1781 6968 4650 749 8281 8450 5235 3046 1397 7732 6272 5931 2660
31 8787 3705 555 9305 9121 7145 1675 3620 9325 5426 9691 1167 224 3623 7697 2349 9051 2112 1641 706 9945 7548 9049 3470 8180 5703 6491 6674 8586 765 4916
31 6614 5131 4758 6494 781 2138 2430 2243 5177 1133 5531 4520 9219 5452 1295 1354 87 5485 4848 6528 7399 1066 7914 898 6603 3352 9286 618 3590 9919 5209
31 6043 9741 3938 3325 9383 5950 490 6058 6548 3786 6186 3671 528 955 2818 1454 2476 9428 5390 8017 4302 7447 5903 2364 1858 9075 5197 4736 6777 1269 2368
31 7654 1131 6462 3006 7868 4287 2440 7442 7318 9886 595 9690 8612 250 7347 4856 734 3972 5652 6196 9802 5980 4014 8203 2438 4960 7543 6312 2401 6391 7653
31 6886 7298 5935 8121 2768 444 7088 2746 75 2133 4041 4224 8822 3880 6750 2033 8861 57 5693 7351 5336 1333 5664 7390 3375 8748 8936 8196 1917 7979 9155
31 8425 4350 8741 9460 6446 7981 394 1785 5761 1305 834 9858 5769 7301 4618 4472 8296 6303 8314 7833 1971 7171 1980 7893 9349 5997 3548 8894 8038 2810 5988
31 3876 8546 5529 1863 1251 8251 2019 3104 8519 1033 169 1216 1004 3927 5331 49 6540 6808 2493 4912 4671 3810 470 7340 9302 3142 731 1386 4675 2669 6512
31 527 3077 6266 875 1422 4637 5369 4622 6313 5278 9563 1169 7597 7702 3569 7266 8760 9141 7232 7448 3551 1285 5365 1111 7898 6087 1267 4896 4644 2635 9771
31 9414 4923 8935 5998 4387 3123 6567 1999 9241 7039 5604 9128 5662 3095 2535 4318 2758 5249 6344 4188 1380 2278 7275 6255 8648 8204 3355 6989 7967 9016 3518
31 1809 2699 282 8004 3955 9323 8382 5158 4118 4307 8653 9413 4101 601 1030 9360 8052 7835 6388 2132 6556 7572 9841 4343 11 9125 548 576 5433 7179 9915
31 5015 9158 5210 5378 8054 4719 4094 4567 6794 1008 4205 85 8845 9435 5266 7200 7201 9470 9999 3622 3977 3936 7267 6724 1006 8175 8019 5492 8271 846 6442
31 1718 6544 8171 7220 2142 3611 8418 3487 9620 3684 1695 3195 3976 4426 8865 3402 4114 2973 7571 5464 8209 2734 3224 713 6274 1791 2867 5735 8575 9297 2682
31 9169 9444 4995 9892 1609 4409 8958 3041 1803 9309 5548 8860 2077 429 5123 2838 6433 6622 441 327 98 7256 7114 6421 9906 3511 9935 6799 1728 7400 6805
31 3250 1943 8228 7699 9096 6768 3668 6360 5254 1533 2510 7196 2149 8687 5016 9391 9758 6080 4454 5800 9517 3970 2622 7906 4320 7619 1475 2849 2060 6039 6247
31 8221 9039 3657 5128 7987 7668 148 9440 927 8975 1684 8009 1920 5875 2429 1518 7559 6397 1232 245 8704 9579 4446 2620 1901 6432 2719 3208 1608 3060 7689
31 9050 5384 9442 5670 5334 3412 7328 8329 8155 3533 3363 8944 5396 3686 3133 4214 4935 2654 4866 8200 6572 7227 7455 1482 3587 1715 3937 5472 5971 519 820
31 3388 6489 3973 3782 7544 8664 9495 1905 3883 5901 333 3056 8146 260 8138 4352 9198 53 9071 7733 1165 4226 9716 9692 753 5539 582 3093 6497 4966 1912
31 9160 8395 1843 599 9077 9709 5683 761 1883 4901 5036 2053 2781 5692 2762 6693 3401 2420 4535 8445 9006 2544 2160 5222 7800 486 5726 4914 5375 947 2995
31 4079 7782 8400 3100 9622 4678 4949 7867 5440 7704 8056 4020 8617 5855 4749 5753 7910 6335 3791 2272 764 8613 6806 2504 2613 6908 7464 853 2808 4236 1364
31 296 1360 8871 8876 5911 9259 4859 4378 3781 6278 3337 7346 2706 5220 5094 9548 6595 1538 4036 5987 8526 2788 4745 9880 5658 641 8847 8954 579 1654 2498
31 43 3783 417 3045 3151 4629 6780 7897 8037 2990 3263 6673 8900 2978 1874 1831 4816 8211 4753 3540 9238 2362 989 115 9904 9558 4229 9424 9574 6953 8671
31 176 8122 2955 1591 6791 9778 972 5760 1837 3087 392 4402 565 8116 4744 4278 4208 5296 248 1059 9898 9235 7392 3003 8303 9033 2628 1016 2032 8820 420
31 6424 3026 1806 7983 9124 2237 9910 4359 1731 6568 4063 2427 2045 987 232 5787 5506 9526 1337 7358 343 4212 7737 3166 3689 4370 3989 8306 3475 6143 3749
31 8996 9693 8711 2013 2240 3293 8635 5851 8915 1428 4490 7673 3417 3585 1104 6176 2980 7677 6250 4654 9433 3737 1664 6518 5625 2927 1405 104 7372 2902 6406
31 208 9719 3702 8626 4711 3276 900 9623 8390 4056 1190 6708 530 9288 377 9327 6351 8227 2175 7094 7827 5746 2472 9497 696 2329 7397 4873 7765 3423 9959
31 4936 5389 8493 5113 2579 5727 5913 5011 6563 3866 9836 9980 2924 6810 4421 4670 7213 5240 1585 9145 6248 7628 6109 8011 19 8824 5883 9775 6723 3830 6577
31 9015 8949 4766 9931 4716 4193 474 7916 421 7746 7943 4169 335 7309 5049 9932 5663 956 3126 7315 9808 6132 4817 4652 6140 8536 7747 7952 2896 3858 9701
31 7419 7187 911 7245 1081 786 133 5743 2681 4433 8331 3607 5804 9044 6997 6743 7197 1089 3433 2403 6271 9103 8882 7302 1975 6023 8101 4381 9095 2387 7918
31 2852 1832 1532 8779 3621 6521 2155 6753 1254 5701 6070 7001 5138 3304 5834 3754 9293 9660 5273 8114 5180 6935 4773 2444 7978 5947 510 7215 954 4686 698
31 103 1513 1286 2460 1054 5798 8177 1441 2162 2920 7876 1890 9188 800 8437 7311 3663 5200 3328 9731 348 6373 766 6317 8324 1348 5537 3121 8979 9411 4276
31 79 8184 4952 430 2254 2167 2347 4473 5888 432 9922 7707 1320 684 3701 7588 2889 4611 4655 6965 7957 2074 5146 4913 9336 8528 6416 9766 2381 9996 5824
31 4769 2714 5137 1977 7580 1218 7362 251 5749 5844 1838 4565 7561 1322 6027 7894 5983 4741 5394 1292 830 7536 6826 9206 8707 895 617 8583 5699 1666 4679
31 7585 7640 1331 3699 8235 9591 7720 6903 8849 5294 1750 2475 4697 8333 6346 5805 4435 6404 2900 8672 1117 5284 7955 7688 8434 4609 8118 8417 5622 9783 5212
31 9889 6669 4774 5248 780 606 1301 7380 384 6631 3743 9090 3175 9069 6893 694 9401 10000 2230 3777 3752 5859 3751 5244 196 6839 9789 9587 5846 1947 8800
31 9436 1540 7440 1411 4623 4740 4324 7752 9416 975 7473 7864 8508 6011 8150 7657 5623 8774 8805 609 247 8213 3524 9850 6982 3730 1334 4225 3971 4768 7888
31 2210 4950 5198 2600 1555 2702 2841 3872 8813 926 1257 5280 4907 8483 3004 5105 3962 6769 9488 6864 6065 1027 1618 5089 5381 3688 1120 9081 1324 3160 7163
31 1575 6898 1557 5116 7576 239 8755 3282 2290 5705 1669 3299 2390 3544 1499 8491 4728 6105 3825 8301 6194 8736 3863 3522 2979 8778 7193 4562 2372 1552 9933
31 307 2087 3631 3695 9455 8576 3784 2532 1355 8589 7410 4688 5282 9459 2731 1414 9565 6354 5641 8974 9645 8022 5577 2589 7858 2047 1544 5927 6436 266 6633
31 4190 9214 5654 8718 1559 707 2259 5588 1778 4111 2069 4441 2700 2005 5963 8423 6120 9420 3595 9612 7242 1091 8924 7660 6800 5765 7519 4955 6405 7569 471
31 8947 9663 5556 3920 9274 4588 4731 5507 23 1520 60 2051 323 3137 1554 8476 2257 4523 1503 2023 3486 9342 8358 299 1842 9070 2506 1602 9581 8880 2150
31 935 7176 3900 7553 7368 2395 5202 6287 5912 4642 3609 1558 8660 1545 7299 2152 7379 9296 539 2345 6950 7972 8558 1130 829 819 8713 2905 9732 7271 532
31 7427 7338 2366 9353 4250 4002 705 2775 5106 7672 6532 9909 5767 9770 3035 6896 6931 6618 4071 9531 1076 5808 7312 1332 6594 2813 5111 6075 8745 2880 7578
31 9190 1926 2153 351 2187 9463 1204 9184 9458 8212 8359 6253 7839 2791 7259 4313 9795 6885 537 6828 3789 5867 4860 6849 3996 7684 6060 167 6634 5852 4660
31 1142 8365 7403 7865 9191 7958 6728 3626 7661 2177 8603 7812 9008 8279 9218 9454 9484 5742 242 4764 349 1477 2765 7934 933 9925 2538 4198 121 2562 3144
31 3043 2551 8416 3660 1738 172 4308 3859 9045 8484 5315 7388 1035 8827 4012 100 3344 4571 2322 3719 9533 2082 7452 7903 5287 1952 7992 6304 7471 3914 1636
31 6230 9032 9362 9934 1430 8419 6623 2909 4146 4501 3795 3147 6511 1702 3829 3181 9831 1118 8120 7128 3446 2832 2103 544 7487 4106 1763 391 9972 2811 3811
31 4467 9888 3461 4328 6411 1924 8007 6310 4881 4484 5782 1330 1437 2687 6545 921 7565 2486 9568 3434 7551 6035 8210 9653 3911 3801 7792 7727 5737 7534 6217
31 4053 437 2001 9043 4187 7716 2921 9899 3101 2690 4685 6192 9467 3012 4289 31 1833 264 2489 4452 4807 4254 9207 8253 9814 8556 6137 9423 789 2017 9419
31 1049 7607 8904 2400 8194 2874 1132 4488 5085 466 4125 8048 9373 3706 581 4366 3606 3205 8042 7263 7635 5621 7018 1967 5446 7645 9144 1447 8641 3335 5667
31 2806 4448 9744 7061 5969 1258 8925 9944 794 5524 7485 3192 8456 6812 8916 2870 3302 7237 8397 9897 9513 6020 8102 5359 662 456 6003 2960 1673 9110 86
31 3424 597 1808 3599 3908 5655 5684 5304 9991 7581 8225 3549 5283 6389 6717 6707 389 5014 6690 2942 9 828 8749 2656 5121 6535 7414 4681 8354 127 3953
31 6951 3493 7872 668 9900 6658 8934 1 7112 5072 879 5328 5353 1953 9009 5478 2035 336 1451 9759 2899 7787 1073 5191 7361 4885 7281 4601 9445 342 4189
31 5920 5098 8027 4910 6352 7431 9505 81 3038 3785 4857 9794 1406 4082 5995 8551 4820 387 5817 9677 5048 1697 9314 2200 5576 9021 2820 5679 6095 225 7369
31 1573 3633 5904 7254 5457 6845 3092 6447 5863 8290 2932 7401 5835 3630 7920 9610 9811 4556 4610 5932 743 2959 1042 9632 8986 8033 8082 9928 9389 1739 6066
31 3154 3172 4808 1276 654 8967 9230 9396 5313 8239 1234 9655 3128 3369 990 3964 5731 223 7144 7496 5603 7815 4564 7896 8743 8521 8783 575 6372 9725 7493
31 6393 7512 1705 6093 7117 4182 6412 976 5879 4865 4823 6863 8449 3924 214 279 6531 4060 2334 7965 2828 4940 9683 8486 7755 4009 9901 3149 5490 8168 1922
31 4961 9728 7252 4536 6564 505 237 2137 9085 5356 2079 3059 9250 9234 5821 8883 1457 2569 1733 1807 5924 7750 270 8428 2884 9767 9518 3669 1028 6664 3819
31 8098 160 8167 7970 1601 5052 6711 5785 2143 2948 9376 6184 1921 8776 8884 605 7796 3044 7426 3249 47 6096 1515 5320 1634 4321 7165 9475 7998 504 4301
31 9372 995 9203 5554 3368 3734 5023 997 531 231 7762 9030 7942 8346 9208 4168 7779 4510 2930 8055 9615 202 5329 297 9662 1581 2094 5850 2468 363 8619
31 1770 8731 1747 7450 6178 5145 2376 2335 9492 9154 6264 7109 7444 3696 923 6148 9853 1162 6040 7169 3567 3598 8431 5012 2484 9066 1510 8061 3280 5285 4917
31 153 1847 2070 3202 9968 4984 2392 8621 4191 3255 1517 8285 8692 2464 1483 6073 3887 6759 3420 5928 8796 8571 6856 4122 6912 6340 2710 3169 372 6588 5739
31 661 4806 657 2170 8937 1294 8866 9754 8323 4737 5794 7772 1372 346 6400 271 3600 1377 7190 1592 4514 1570 1700 1507 8244 738 6328 1011 3469 7154 6203
31 6809 4304 9569 70 9398 5784 6552 9893 2065 5569 9068 1396 1321 7621 6758 265 5732 3891 4707 9750 1902 2367 4850 3024 7999 3099 8980 5730 8291 4038 4577
31 4072 3180 8953 7192 2354 2776 1413 8578 8006 9271 2514 4883 8940 6025 644 5843 6566 7501 6046 7334 1941 1344 1382 9378 7667 3494 6661 3980 4354 9861 8386
31 6425 8384 5070 1521 6238 1682 5349 175 4349 3177 22 9984 3840 8391 8280 4333 4550 7438 813 6776 7096 8302 7863 1373 5720 9035 7387 5919 9153 8471 9742
31 5058 2298 6858 8053 5245 6323 1548 8489 2984 2539 4899 1003 6379 6188 629 6101 5480 65 3886 4596 8099 402 9087 2530 1528 8673 5550 2912 4513 6599 2289
31 1588 8473 9748 3915 9151 7774 2711 2745 4342 291 8895 1826 7371 6952 4814 5115 2316 8030 1579 9702 7367 7600 7470 7446 6210 7552 9135 3654 5592 6062 7503
31 5047 28 8074 1052 7233 4356 6520 2338 1065 577 8259 4128 5853 1103 7113 9713 1888 9675 8867 1481 4847 5624 6110 1913 4980 4288 7618 8597 5790 656 9479
31 8850 1126 6889 3477 5401 9098 931 3557 7164 5977 7474 1046 4429 4512 5721 6625 4329 3929 756 5709 9522 2817 8137 8963 5040 5616 1766 1023 8772 8181 4332
31 9112 1192 7696 9633 3703 2913 7911 3204 3545 2062 5905 3393 4668 134 179 2078 7889 9022 2887 484 5289 1985 7183 7225 8691 4928 7153 2346 6321 3286 2339
31 14 9249 7476 2306 7417 8073 1997 7394 4026 4528 8669 7335 1936 1148 1775 3464 7759 1226 5341 4400 280 9664 9480 6695 4506 3370 5806 7090 7175 2937 1155
31 6198 5945 5967 5633 3443 6256 5352 7297 4045 9179 8132 7825 8722 7389 8808 1071 132 298 1624 4373 3968 5627 3594 7466 2341 1787 2095 9114 3009 284 8637
31 4765 3236 69 2972 4 3852 9468 1369 6560 5764 5602 7940 8537 2590 33 3889 4615 905 445 9921 8693 3750 3562 5793 736 7454 2055 9399 1679 2805 9308
31 7938 4398 9076 4897 6517 1431 1522 6995 842 3341 7337 1755 908 6487 4863 701 3214 7734 913 4134 1730 8601 6392 8327 9978 9668 416 2908 4423 9874 4172
31 9715 5558 447 2245 5182 9679 4515 8719 2918 9738 6358 354 5829 7151 2760 9356 1607 6010 2228 8057 4160 5166 7658 9375 8903 9879 4974 8485 9830 2957 9213
31 4975 6771 5214 3856 8064 9550 6827 9796 5407 7836 6990 6591 5690 6193 7740 6847 9099 9104 9710 2727 7099 4204 8276 5933 3997 4451 193 8917 1328 5992 6788
31 3591 6153 9757 4280 1268 4394 5620 6818 4759 1084 7817 1800 1696 8427 1915 3693 5027 7219 9535 269 6044 6609 3981 4464 8557 3112 9643 8273 3219 9839 583
31 603 2352 4089 6364 5152 9242 2302 2451 1726 3070 719 6649 2277 5818 3945 7925 6112 5175 5213 4087 2450 1235 2357 4404 1113 4665 2568 3422 2815 7656 7365
31 9322 8340 6152 2470 1466 1589 3950 8874 9854 6516 1644 1724 7430 3772 6837 7076 6654 382 5673 9598 4771 6459 161 964 8941 890 9149 2358 8785 8308 2085
31 4142 3182 4239 3868 1777 6243 8376 6370 4546 6277 8918 8563 3135 7550 5028 9717 6608 3320 8083 9642 9231 1009 1363 7601 4469 9083 9706 1289 1639 1955 6015
31 7577 9289 811 2941 8531 6823 8835 3171 8442 620 5598 6652 3315 1057 2172 9878 2388 6851 2134 2046 3429 2933 4025 2118 809 9171 6014 625 4269 2268 1649
31 571 8129 5722 1823 2907 8109 2299 2233 4018 1884 8618 8297 6086 5601 9382 2007 1737 4471 745 2603 5698 6606 5142 8906 827 3843 6507 9992 1185 4636 5724
31 963 6981 6596 1773 3708 7622 2610 3514 3342 2723 4834 3508 5291 9082 4919 3921 2207 3821 2308 4024 1650 1946 3690 3023 7020 1471 197 8793 2671 1213 7418
31 7884 7540 1492 2473 5599 1970 6635 4357 4576 7025 8392 2987 7008 711 3062 9345 9215 5057 2174 6055 5195 3094 3308 3656 3839 3728 6534 4353 4941 2953 5922
31 4066 1313 6641 1101 1891 6482 9956 151 9782 3389 2098 385 4613 6942 1402 7239 6324 650 4163 6735 5363 2036 7146 1587 8837 979 1228 5093 8188 8716 4348
31 5466 24 8851 6118 9752 7680 6659 3588 2526 598 1987 4022 4659 4920 9335 7045 1877 5243 5386 5751 3601 9320 6117 4210 9202 9525 5712 3653 7927 6733 2519
31 7634 8505 8144 3323 664 5543 3226 4388 2478 8913 8629 8192 3835 8640 540 7103 8983 2946 9529 2593 658 3844 9745 2163 8089 9278 2511 2009 1474 4098 9785
31 7663 4475 7497 8625 8205 9964 1199 6394 253 4786 7306 7936 9629 7002 4418 4178 1537 8320 482 8609 1758 6701 7141 4211 1812 4043 254 502 7773 6899 3709
31 8100 4247 2650 4218 230 1605 2623 6206 2404 4159 7258 5310 3357 4383 158 1895 3130 8520 6111 6233 2697 9927 3692 5786 9638 3528 622 7262 8299 7166 2255
31 9489 3170 8978 131 9034 5361 704 2239 6945 6796 1105 9248 5442 190 5133 5541 6852 1849 9175 3774 5100 2629 7251 9109 6752 3451 7101 9165 5217 2297 8695
31 4754 9590 8081 9020 4911 4868 1855 4551 4005 1972 7038 55 6949 2355 1969 1069 4815 212 7411 4358 273 4217 5340 9681 8394 3460 4703 6029 2986 7316 970
31 7915 2091 3052 3952 9269 7729 8747 4274 1768 8124 5907 2041 8605 9136 569 9730 3074 3014 479 8380 9567 1776 7093 3628 4791 857 3718 588 7966 8933 5194
31 8347 5468 6295 8465 7529 2219 676 118 201 9443 9843 8506 9180 1262 9003 3496 8289 5082 2271 9512 7326 9520 318 8854 8046 1255 6170 2717 5258 8632 4965
31 7149 276 7381 6475 2931 8938 8728 8674 6551 3321 6610 3274 2263 3465 4724 9596 5925 7933 5358 8199 9172 1358 5996 6927 633 8780 2276 1072 7005 8266 5454
31 3364 287 5887 7725 3178 769 8411 210 9955 111 8500 7069 2721 413 4830 918 4379 6941 6488 9086 455 3788 5173 7056 2797 4747 6868 2545 1698 8684 2389
31 4323 8441 7174 8746 5227 3119 3034 9937 690 3649 9772 2809 3148 8372 6209 7172 3940 8759 8270 7633 3078 8 1844 5650 4271 4632 6705 3329 3367 9432 974
31 7428 406 4752 4718 1179 9722 942 8921 3712 2072 3331 9503 1086 6702 1893 6905 1572 2232 1942 8231 7960 3190 9403 6775 2283 3209 7739 2068 8063 5008 5518
31 4805 2865 228 6890 6000 6869 4796 4396 6751 5101 2029 4989 9652 2015 6007 3685 1841 8838 2691 7763 4430 1158 2211 6549 3067 7458 1394 2882 2482 5471 4645
31 5778 3248 2814 6033 2816 1914 7376 4479 4631 3482 6139 7424 2686 3450 1886 1053 450 7890 5774 4605 8823 946 3054 7659 5000 7290 750 1656 1992 6134 9139
31 747 9499 4945 2385 5941 290 8321 8023 5402 7456 361 3408 2496 1871 5136 985 2754 7249 286 4619 5088 3565 3726 8128 6290 1238 8560 1465 2851 9644 3117
31 4853 9137 8135 17 2536 7722 1690 4090 6187 9204 4141 4102 8856 2725 2561 714 6522 4245 4300 2461 496 6166 7828 1629 7221 4491 1317 2190 7935 4112 6052
31 655 9448 1022 8886 5586 6754 9357 7490 6474 7766 2374 6355 7878 7119 1250 5215 1928 1859 8421 3639 9966 1464 8103 9790 7129 5295 9680 492 6333 9608 6589
31 139 3930 1925 7517 4201 3239 607 3652 4194 7098 8761 6928 4380 6602 1171 9589 2220 5807 5151 1620 9712 6298 3359 3978 733 4585 8410 3290 2926 4420 6615
31 1966 2497 3028 1701 9755 4083 8971 7228 7406 6873 3792 823 9907 6736 3029 624 2952 1404 1214 3264 261 5322 758 4427 7049 6325 8069 2617 1151 5205 2981
31 9544 3497 3576 5752 3697 4315 8757 2411 4445 1318 4202 7356 117 3982 4944 2238 1568 1496 9466 8840 1231 7820 367 4450 1018 4417 7811 9688 9162 1316 7691
31 1578 3629 3472 4958 422 8047 3805 7841 3771 2512 996 4384 6764 6144 1147 7019 5595 4165 4405 3570 9089 8065 4969 8452 2695 5403 9711 9988 1876 3081 2895
31 8058 9539 2856 8891 2052 4818 6222 7370 9661 1308 7037 1868 7057 4750 7345 9291 4738 3806 2129 632 1181 6515 1456 6466 2110 6714 6504 7901 2100 1368 7457
31 9989 5337 916 5388 3292 3187 4723 6390 721 8041 7504 9863 9223 5307 383 2252 2632 7439 7976 5573 4900 2881 243 9037 3479 5813 1799 4519 2076 3445 6907
31 2266 4797 3580 8548 83 9774 8051 8479 9852 5013 3365 5964 6883 4584 1508 6744 1384 8218 2522 6308 6382 4008 8383 9062 1062 6689 7107 6398 9019 1691 6091
31 1387 2584 5207 8734 3765 8267 217 9079 6163 7662 1227 2123 1699 910 1453 9253 2659 9078 5132 4720 5631 6642 5450 8790 2303 2928 639 449 6525 3530 520
31 1110 1039 6960 4007 463 2102 591 6410 9339 1021 992 8160 8666 6666 8651 1867 8530 804 6939 7480 9200 6108 3727 9609 8812 2560 427 3000 8590 5563 7797
31 2379 1426 4508 5350 405 9028 9804 4693 4939 4397 4666 4592 6214 9415 4372 999 5077 2310 8685 8948 9397 6068 6478 4849 9621 2668 7859 7247 7124 2135 7208
31 3124 627 499 8950 6284 2025 2643 6296 8542 8494 204 4029 2521 1484 3647 6449 3513 8721 4306 8332 7068 7549 3201 9537 6660 4408 9913 5162 2350 4772 2437
31 2673 5614 5565 1836 1759 16 6008 2332 426 8478 7210 3554 4548 7741 1839 5271 7701 7995 7104 9519 865 9640 8230 3713 7377 1958 6933 9905 6627 1792 7235
31 5501 847 1187 1676 4477 5308 1488 6653 5160 6085 7244 8223 5831 4602 9801 8363 6992 8311 9157 6901 5165 868 4756 5020 7715 2963 642 2042 6948 4606 3596
31 2418 353 6993 660 9773 6017 8013 4643 3725 1243 1689 1461 4148 431 1906 2373 4028 506 5555 2663 5268 7946 9650 615 6620 2991 1938 3309 283 5411 2104
31 8710 8469 5909 9225 3140 398 5858 2537 2234 9884 8319 9781 8592 7713 2894 5444 1392 2201 5496 6506 4779 4199 8522 6282 3085 4906 6922 6185 8403 7719 695
31 5063 3666 7330 6510 2324 6967 3115 9108 9809 7402 2736 7532 9217 5849 3055 4149 5486 4894 1932 2113 3013 6402 3539 6918 3136 7648 5570 1616 7840 6866 4132
31 1642 1272 7184 3683 9628 1284 3918 4951 1760 7375 9721 4721 1934 5368 5505 670 636 4407 2840 5469 3762 1433 1108 6987 8577 4532 5467 7554 5514 3189 723
31 8552 6320 8287 2043 2753 8422 4704 5178 4195 9127 3380 9333 7991 4547 2618 235 6224 8844 5187 8998 8458 1756 8360 8923 4327 8059 517 3963 9787 2529 3768
31 4078 9244 8593 7482 5006 516 4487 9584 7917 3213 7408 5551 5429 8447 665 3897 7500 2426 3409 9876 673 4246 8999 9603 1719 400 4292 9724 1212 5228 9578
31 7325 3506 5866 969 5149 6126 8799 4810 4800 1677 4858 873 4377 7861 1309 3212 9048 5568 3089 2260 8768 3934 886 6356 9182 5583 9477 8960 9867 5682 6173
31 4399 8836 1068 9040 8075 6 7692 7961 686 136 5579 1183 5891 8510 3221 6322 3642 2408 1911 9317 914 5789 8739 5218 1998 2619 3711 2269 937 6807 4902
31 667 8407 6755 9607 8752 4054 9122 9976 8642 5404 9977 5481 5498 9793 9960 3390 2467 4483 7849 773 177 4221 3865 9946 1584 2262 5345 6763 9646 8480 7011
31 3512 3483 7530 8131 5259 6486 4314 3421 7484 7331 2726 6225 1935 1930 5076 2301 2715 6906 841 73 5642 5723 1860 9624 2885 3238 6533 322 4355 4064 2508
31 3816 8208 1114 1615 9641 9916 3480 6362 8688 6098 1350 1909 6368 3731 523 7272 5791 6513 843 6840 6286 6119 6291 3700 2435 6012 6309 4699 4517 8817 64
31 6604 7705 8028 2770 4145 5991 9962 9649 2563 872 6857 3516 9301 1092 7949 3526 904 4947 6740 4862 5112 1723 1163 9570 7288 1595 732 8012 1137 3871 7327
31 2183 2203 4997 6235 5521 9875 457 436 8877 1793 8216 9994 3122 2236 5153 4415 419 6964 5499 2474 6133 2181 1209 4625 4039 4361 1940 8488 6961 6180 6480
31 4761 6002 8566 3351 628 1442 6106 5397 7870 9318 9761 9953 3436 8021 6376 5374 5649 8000 4144 3946 1274 8665 623 9504 3164 1835 6784 8502 4557 7997 961
31 446 5940 8018 9129 5118 9490 1751 3440 1099 7305 2630 9705 404 3322 8676 1665 8222 5756 7579 2273 3476 3794 8509 9540 7441 6252 574 8229 4587 2008 4330
31 7829 6672 4661 5896 9521 4105 8565 2314 1550 1119 6211 4291 1245 4424 832 5578 4956 8462 9510 8869 7647 2606 2439 6490 8819 788 1976 9294 2830 6943 3233
31 3237 8591 1817 3279 2344 3756 6342 7769 1896 4364 6226 1403 2409 9465 9903 8781 6727 3377 8172 1564 7404 728 4538 4614 1870 8516 5810 2488 7922 8888 6149
31 9283 4067 8970 9805 3406 8955 5189 1303 9452 6345 3111 7268 8338 3894 1854 8598 15 6467 5618 7784 9010 1385 207 6772 26 9254 844 557 7425 9883 1767
31 9926 7488 9132 3933 3993 2802 7062 8265 5497 6709 7092 2121 7238 3252 3610 8927 1174 7592 5124 6790 8857 3618 424 1498 1278 1729 5634 3346 3063 6547 5256
31 4474 7031 6766 9593 4196 950 7240 4735 3186 6330 7537 1710 229 2812 2115 9422 1470 3005 6527 1824 1297 1606 724 2857 8649 1282 8517 4591 951 6648 9347
31 5799 1036 50 5462 8821 6795 7300 2739 2962 8026 7523 9729 8957 6830 2801 5944 9508 2328 8492 9474 8313 4155 6159 4177 1547 219 9002 8025 6190 4419 7650
31 9216 7344 129 6962 9516 6293 3020 2795 7143 8604 887 7214 8232 3813 8110 7854 1058 3572 3277 2363 3001 2223 3295 4486 442 4062 4996 468 8775 7556 3083
31 6670 4237 90 5129 2915 2520 9666 675 6301 2184 4432 2326 2067 6175 2684 170 2822 5002 1846 9017 2516 152 3088 12 2073 1577 6930 25 6158 6481 6492
31 2994 8569 1752 3747 8472 2993 1593 5876 438 401 1420 301 9229 6138 7703 9674 8499 5288 7477 5637 4465 8182 6853 5317 2286 7714 6655 3227 5051 6844 5108
31 7996 6155 4504 1757 9140 4305 1543 3831 981 6825 5414 687 116 6115 2205 2226 495 462 4813 7284 2872 330 9332 7502 7521 3947 5908 9917 5003 8965 1290
31 6846 3776 6094 6937 1391 590 6617 1933 3716 1249 8148 7526 6179 5841 5380 6366 4701 8197 249 4360 777 7058 8720 2567 3714 122 2171 7790 8152 2158 8312
31 1473 9827 5918 3065 3324 4640 8914 500 4004 1694 3281 1024 6582 8186 1495 6440 113 256 1742 6128 3030 8810 2378 9168 8511 860 4480 9749 1740 7748 6208
31 9156 6598 337 8842 5461 7177 4070 4525 9268 5880 9036 8816 2999 3779 9764 7034 9631 7830 4262 7625 2128 7670 3527 4037 2733 1210 6182 9464 1929 6280 3400
31 3257 840 9952 2141 6816 7382 8202 7676 6536 735 3229 1207 866 6299 1459 8943 2227 1014 5416 6529 8087 9358 5815 700 4909 236 3994 8919 9969 5989 9601
31 3146 8448 7359 4918 2748 8682 7413 8464 3019 2956 7951 8858 93 2676 5607 6463 9120 300 906 7574 1395 5204 5251 9194 4908 9026 9948 7030 1314 3556 2452
31 994 4434 2006 7231 8446 6380 5436 2688 6164 7652 2031 7929 4836 7533 9257 8356 8201 4095 2320 4827 4973 6914 9370 3579 7735 4962 9564 4238 2970 5837 6576
31 9341 3552 7012 3265 5659 2280 6428 9763 5169 4560 7728 8295 8036 6685 3943 6541 9265 3553 7080 8460 1845 6832 6371 5086 4784 7120 9543 3817 3957 9405 4362
31 559 7217 5078 6757 5830 5211 2839 9351 2282 9275 3926 302 3636 4295 3447 9667 2890 4311 1653 4017 6334 8060 5716 4410 6104 2722 9864 7436 4503 9164 1200
31 2453 812 5939 1810 1211 5230 4222 312 1604 2010 9971 1445 7405 6722 5231 96 1617 3114 1339 2597 7641 7421 771 352 3427 1379 9699 7003 5022 1236 648
31 672 8153 2837 5517 4124 792 8094 1945 6554 5046 4461 6998 6026 7885 1136 5300 408 8415 5039 536 6559 7498 9211 2161 3425 6833 6448 4828 1534 6657 2424
31 4662 7721 272 897 4127 796 8570 9381 6329 1090 4498 998 1304 6183 4449 67 1273 1764 3330 3415 7507 1325 1275 51 5572 3615 6361 8226 3203 5241 6628
31 4617 5242 4809 3173 6074 1788 9990 9134 8841 3488 5351 9665 568 2744 6592 8579 4539 8758 6477 993 1336 3967 1156 4297 465 7126 8982 3523 8620 6174 9896
31 2637 6426 855 2004 4977 6465 2609 108 7932 1302 5510 5125 8606 8095 845 7054 7160 3360 2030 3143 3218 9835 2935 8389 4040 8307 2572 5610 7475 8097 6423
31 7823 5009 7612 2964 1221 6281 2674 9534 9995 1040 3744 6461 4180 5783 867 2186 4130 8159 2703 4895 854 8092 5736 2375 5600 2105 8165 9453 8549 4365 9605
31 396 6786 2419 8050 6114 8652 8959 5458 5758 6016 8068 2179 9310 6909 7115 9233 8765 2412 1217 7964 8706 2456 543 5559 5017 1683 4821 5055 4715 9769 1446
31 8408 6348 7015 851 880 74 92 1259 740 6848 84 1631 4431 6064 3442 3675 3410 1907 8572 2640 9270 5415 7264 2285 1875 2258 8661 8892 7904 3809 5886
31 9873 6684 9471 962 8238 5319 7539 8002 5571 2553 5312 643 6116 2405 948 7185 8277 5206 802 8304 4712 1479 30 9365 7355 9866 1116 6882 5482 278 593
31 6191 477 6891 7352 9791 409 2919 2410 8643 5029 570 7010 1129 6130 4200 3438 8976 4044 1721 977 5755 669 143 3578 5687 7518 1362 2903 2432 3555 7528
31 2824 2804 9493 4312 1242 1277 5168 1736 3803 8594 2261 5405 5333 7289 2667 6838 9000 1352 3379 509 5892 580 1020 8105 6479 2394 2515 5544 2533 2566 4088
31 5553 613 5741 9409 2169 6555 2783 7881 9555 1260 533 2154 2853 6879 1772 3854 634 9597 6444 876 4331 4627 8343 2785 114 1816 9580 5668 9651 978 3228
31 1754 1692 7695 171 2842 2222 3574 9940 3778 2596 7132 7646 6019 7243 8602 9431 2709 415 8187 7374 166 1078 3740 1329 2455 2627 2750 6030 6738 4595 6092
31 6639 767 2558 5311 2014 739 9408 9173 5302 8207 716 9704 5906 3318 6773 8224 6925 3110 8922 8420 6550 960 4284 1184 4734 2399 7051 2517 4833 9355 7415
31 8596 4393 451 9220 2396 6767 7465 9183 88 7665 1527 3818 1045 9161 5582 4422 9012 472 8627 1007 8826 9494 6904 899 6783 8523 4413 2442 3869 9828 7265
31 2653 9851 5477 1418 9485 221 7606 7542 267 5134 8214 7189 3125 199 5801 5096 2109 8134 7041 2998 9126 9844 4174 3995 9882 6762 5871 1370 4963 7472 2108
30 3234 1063 8852 461 3745 3333 6300 5164 3501 7710 71 7000 5412 604 839 4231 1512 888 1524 4838 4664 6646 6081 9064 8085 6944 6154 6824 3306 5474
30 3903 4990 2525 2737 3392 2678 1594 2022 9150 364 8678 2648 511 7026 2547 5357 8243 9472 2701 9986 3916 708 1983 6502 5092 2886 2704 5781 3827 2588
30 602 9958 8298 7745 7520 9166 6704 6213 8529 4543 3547 8908 3285 1468 1964 1458 2463 6629 4869 5978 6988 8786 5754 2988 5729 2096 4518 7844 2595 2720
30 8316 699 5530 3463 9817 3319 1415 2675 903 6473 2868 2256 7341 3391 7277 6049 9324 8334 3057 6088 7508 1950 8475 8634 2295 8568 1882 6267 9101 8899
30 9743 6063 6779 2527 3051 209 6268 5640 1122 1693 9501 6583 610 7322 7131 6221 4126 8337 2027 3090 7826 4933 2576 7499 2897 4368 2309 2120 120 1100
30 9285 7223 418 8439 3899 3268 165 4049 6237 6861 8261 1293 1949 4181 1146 2742 2131 1655 7564 3550 8663 6881 8164 1448 4151 652 3960 1106 9189 7909
30 9212 1894 4482 1927 6001 1741 1244 7279 8275 9255 4179 7984 5612 9846 4227 1417 6107 7130 2685 9084 7781 8730 9723 9515 6570 6326 42 4593 2557 4876
30 8091 6688 6047 9287 932 3837 5126 9462 7203 8151 1436 2503 3796 3011 3895 1536 380 3892 7429 3974 6897 156 4811 1087 7229 8044 8219 4684 4792 512
30 7610 4879 3384 4481 3624 54 6677 6748 2180 7785 5176 8348 5914 7793 8762 362 4241 1633 1711 1804 7052 8362 147 822 8193 1813 1944 2307 4898 6056
30 1467 7709 3502 9379 4153 7975 4674 3490 7994 52 8574 4376 7460 7510 2616 7616 6171 1342 8430 3715 1511 130 6343 9658 3439 3215 7108 770 871 4015
30 8725 524 192 2253 5309 7866 3301 8742 7756 5408 6821 546 2081 5074 8379 2061 4971 584 6940 6737 2743 7435 9473 7253 1879 3589 5232 5281 697 6089
30 5355 7919 4170 541 2967 7669 8286 2434 944 4930 6172 7874 3457 7810 966 4259 5644 7882 2247 1427 4864 4710 6090 7988 7 8555 4683 9004 8540 4691
30 6892 2796 8782 9053 3558 9392 8495 5377 2208 2321 2548 1590 2843 7683 3984 3345 8600 717 356 9902 2459 434 7595 8764 1109 9714 6204 4553 6543 213
30 5263 7495 2605 8830 6314 3050 2097 6216 5970 9819 2523 2949 4296 1745 6874 2016 1000 5689 7880 3256 3793 9542 3592 9102 2384 7333 2713 4700 6270 9193
30 9859 5050 35 9386 1381 1795 34 1175 1840 7813 162 6553 7950 8385 1857 9682 776 1347 2119 4880 5339 6082 5711 5766 9573 4647 807 5949 7594 3022
30 7736 6498 5899 1279 3010 6747 2869 8647 8399 1672 1093 8968 2417 4604 8141 1055 3048 3069 3372 4500 8525 1988 2318 784 9687 7095 2780 9072 7363 8352
30 3612 8206 8514 9786 4835 4568 9056 3559 4641 894 2591 9822 2317 6472 7558 2509 2594 9554 1703 9338 2024 8406 6734 8717 6632 8811 1706 3841 3634 3571
30 9891 3857 6820 8325 1856 7287 2771 485 195 3990 4131 7283 2879 778 9924 368 7674 6878 6418 4787 3053 1439 3674 2906 1480 3158 440 3986 4541 1774
30 9329 6721 7422 1443 5681 5884 7350 1300 2040 1981 9174 6239 2901 3808 306 9197 3500 2664 7024 9784 105 9939 9226 2730 858 2270 4812 3759 3382 6136
30 1765 5968 9507 9812 4717 7159 320 6420 7694 4639 9282 9965 9656 4344 4599 2325 6079 7366 4203 6958 123 8070 285 2866 6336 4298 5938 7818 8946 5045
30 8268 1897 5512 5697 3456 222 3273 3481 3655 2281 4065 645 6369 4075 4552 4478 5628 1157 3755 8675 8381 6072 3991 8773 5233 2215 9100 341 8093 5562
30 5371 8984 8482 9560 953 909 6991 4316 9328 6607 9918 6955 9740 9502 3942 319 7837 5574 3729 8139 3396 6032 9400 5156 2779 4021 481 9506 4776 2583
30 7902 6932 1067 7021 5575 6581 5864 2951 1811 4793 5193 5084 4993 4987 5221 8096 4751 6963 2755 2599 6526 7445 1688 6859 6888 9583 861 3084 5636 6018
30 7257 9418 703 1500 2086 6263 5926 8554 357 2458 3864 5170 5201 9695 2705 5696 4657 3961 5247 5779 3283 7566 6593 5874 3560 7155 8377 3665 1560 6538
30 8454 1365 9941 9985 9429 8993 467 9881 1029 4959 547 8833 238 7105 338 1440 184 835 1266 7084 3790 4921 7819 877 6318 1182 892 1296 7851 6626
30 4802 1061 1671 4825 3846 4888 8610 2575 1610 5143 4783 5700 5418 8964 6229 7070 1978 5494 7629 5140 8398 6924 9450 6584 5018 1288 4841 1080 562 5274
30 7761 1425 7690 5484 339 4031 7066 7357 5862 324 9369 637 72 9390 4634 9877 9410 4055 4390 1253 1993 4676 9306 6242 2992 345 3407 5619 825 2624
30 4050 8367 1780 7027 5183 7953 4598 801 2938 6269 6915 2657 3361 2985 9061 4140 1887 5615 3474 592 4726 9266 6067 6580 2752 45 6902 1551 7323 4872
